[2023-07-19T17:17:04.637Z] info Error al obetener Tipos: PrismaClientInitializationError: 
Invalid `prisma.tipo.findMany()` invocation:


Can't reach database server at `192.168.4.78`:`3306`

Please make sure your database server is running at `192.168.4.78`:`3306`.
[2023-07-19T17:17:23.788Z] info Error al obetener Tipos: PrismaClientInitializationError: 
Invalid `prisma.tipo.findMany()` invocation:


Can't reach database server at `192.168.4.78`:`3306`

Please make sure your database server is running at `192.168.4.78`:`3306`.
[2023-07-19T17:18:12.046Z] info Error al obetener Tipos: PrismaClientInitializationError: 
Invalid `prisma.tipo.findMany()` invocation:


Can't reach database server at `192.168.4.78`:`3306`

Please make sure your database server is running at `192.168.4.78`:`3306`.
[2023-07-19T17:23:28.011Z] info Error al obetener Tipos: PrismaClientInitializationError: 
Invalid `prisma.tipo.findMany()` invocation:


Can't reach database server at `192.168.4.78`:`3306`

Please make sure your database server is running at `192.168.4.78`:`3306`.
[2023-07-19T17:23:35.816Z] info Error al Obtener el Tipo: PrismaClientInitializationError: 
Invalid `prisma.tipo.findUnique()` invocation:


Can't reach database server at `192.168.4.78`:`3306`

Please make sure your database server is running at `192.168.4.78`:`3306`.
[2023-07-19T17:28:07.838Z] info Petición Exitosa
[2023-07-19T17:28:24.889Z] info Petición Exitosa
[2023-07-19T17:29:15.264Z] info El tipo se agrego con exito
[2023-07-19T17:31:05.846Z] info El tipo fue Actualizado con exito
[2023-07-19T17:31:30.877Z] info Error al eliminar tipo: Error: 
Invalid `prisma.tipo.delete()` invocation:

{
  where: {
    id_tipo: NaN
             ~~~
  }
}

Argument id_tipo: Got invalid value NaN on prisma.deleteOnetipo. Provided Float, expected Int.


[2023-07-19T17:32:02.850Z] info Petición Exitosa
[2023-07-19T17:32:43.698Z] info Error al eliminar tipo: Error: 
Invalid `prisma.tipo.delete()` invocation:

{
  where: {
    id_tipo: NaN
             ~~~
  }
}

Argument id_tipo: Got invalid value NaN on prisma.deleteOnetipo. Provided Float, expected Int.


[2023-07-19T17:34:34.842Z] info Error al eliminar tipo: Error: 
Invalid `prisma.tipo.delete()` invocation:

{
  where: {
    id_tipo: NaN
             ~~~
  }
}

Argument id_tipo: Got invalid value NaN on prisma.deleteOnetipo. Provided Float, expected Int.


[2023-07-19T17:37:00.859Z] info Tipo eliminado con exito
[2023-07-19T17:37:22.773Z] info El tipo se agrego con exito
[2023-07-19T17:37:32.812Z] info Error al eliminar tipo: PrismaClientKnownRequestError: 
Invalid `prisma.tipo.delete()` invocation:


An operation failed because it depends on one or more records that were required but not found. Record to delete does not exist.
[2023-07-19T17:37:42.801Z] info Petición Exitosa
[2023-07-19T17:39:00.324Z] info El tipo fue Actualizado con exito
[2023-07-19T17:39:07.529Z] info Petición Exitosa
[2023-07-19T17:39:34.499Z] info El tipo fue Actualizado con exito
[2023-07-19T17:39:42.976Z] info Petición Exitosa
[2023-07-20T14:53:52.513Z] info Petición Exitosa
