<<<<<<< HEAD
[2023-07-19T15:40:38.783Z] info Petición Exitosa
[2023-07-20T14:44:46.187Z] info Petición Exitosa
[2023-07-20T15:00:54.513Z] info Petición Exitosa
[2023-07-20T15:13:10.031Z] info Petición Exitosa
[2023-07-20T15:14:38.768Z] info Petición Exitosa
[2023-07-20T15:15:02.761Z] info Error al agregar producto PrismaClientKnownRequestError: 
Invalid `prisma.producto.create()` invocation:


The provided value for the column is too long for the column's type. Column: descripcion
[2023-07-20T15:15:27.404Z] info El producto fue agregado con exito
[2023-07-20T15:16:22.426Z] info El producto fue agregado con exito
[2023-07-20T15:16:39.752Z] info El producto fue agregado con exito
[2023-07-20T15:17:01.473Z] info Petición Exitosa
[2023-07-20T15:17:19.611Z] info Petición Exitosa
[2023-07-20T15:17:26.502Z] info Petición Exitosa
[2023-07-20T15:17:32.356Z] info Petición Exitosa
[2023-07-20T15:29:58.362Z] info Error al obtener el producto: PrismaClientInitializationError: 
Invalid `prisma.producto.findMany()` invocation:


Can't reach database server at `192.168.4.78`:`3306`

Please make sure your database server is running at `192.168.4.78`:`3306`.
[2023-07-20T15:30:18.039Z] info Petición Exitosa
[2023-07-20T16:10:02.229Z] info Error al obtener el producto: ReferenceError: getProductoByNombre is not defined
[2023-07-20T16:11:06.421Z] info Error al obtener el producto: ReferenceError: getProductoByNombre is not defined
[2023-07-20T16:12:03.995Z] info Error al obtener el producto: ReferenceError: getProductoByNombre is not defined
[2023-07-20T16:14:13.710Z] info Peticion Exitosa
[2023-07-20T16:14:27.334Z] info Peticion Exitosa
[2023-07-20T16:20:44.095Z] info Petición Exitosa
[2023-07-20T16:21:37.828Z] info Petición Exitosa
[2023-07-20T16:21:39.880Z] info Petición Exitosa
[2023-07-20T16:22:18.616Z] info Petición Exitosa
[2023-07-20T16:25:28.947Z] info Petición Exitosa
[2023-07-20T16:29:40.870Z] info Petición Exitosa
[2023-07-20T16:31:47.179Z] info Petición Exitosa
[2023-07-20T17:12:21.529Z] info Error al obtener el producto: PrismaClientInitializationError: 
Invalid `prisma.producto.findMany()` invocation:


Can't reach database server at `192.168.4.78`:`3306`

Please make sure your database server is running at `192.168.4.78`:`3306`.
[2023-07-20T17:14:53.549Z] info Petición Exitosa
[2023-07-20T17:15:10.962Z] info Petición Exitosa
[2023-07-20T17:19:11.988Z] info Petición Exitosa
[2023-07-20T17:22:57.739Z] info Petición Exitosa
[2023-07-20T17:23:05.699Z] info Petición Exitosa
[2023-07-20T17:23:15.084Z] info Petición Exitosa
[2023-07-20T17:23:25.282Z] info Petición Exitosa
[2023-07-20T17:33:20.793Z] info El producto fue agregado con exito
[2023-07-20T17:34:02.413Z] info El producto fue agregado con exito
[2023-07-20T17:34:24.496Z] info El producto fue agregado con exito
[2023-07-20T17:34:35.246Z] info Petición Exitosa
[2023-07-20T17:34:42.057Z] info Petición Exitosa
[2023-07-20T17:42:00.070Z] info Petición Exitosa
[2023-07-20T17:46:32.634Z] info Petición Exitosa
=======
[2023-07-24T14:44:39.401Z] info Petición Exitosa
[2023-07-24T14:45:18.838Z] info Petición Exitosa
[2023-07-24T14:46:36.761Z] info Petición Exitosa
[2023-07-24T14:49:55.169Z] info Petición Exitosa
[2023-07-24T14:50:40.443Z] info Petición Exitosa
[2023-07-24T14:50:42.609Z] info Petición Exitosa
[2023-07-24T14:50:54.755Z] info Petición Exitosa
[2023-07-24T14:51:16.802Z] info Petición Exitosa
[2023-07-24T14:51:41.870Z] info Petición Exitosa
[2023-07-24T14:52:41.253Z] info Petición Exitosa
[2023-07-24T15:24:09.570Z] info Petición Exitosa
[2023-07-24T15:24:23.880Z] info Petición Exitosa
[2023-07-24T15:25:19.770Z] info Petición Exitosa
[2023-07-24T15:25:38.550Z] info Petición Exitosa
[2023-07-24T15:26:15.915Z] info Petición Exitosa
[2023-07-24T15:28:55.100Z] info Petición Exitosa
[2023-07-25T14:22:59.266Z] info Petición Exitosa
[2023-07-27T14:53:00.881Z] info Petición Exitosa
[2023-07-27T14:53:29.321Z] info Petición Exitosa
>>>>>>> 09d55bd09e9d2a8006f7a5684378159d787408a3
[2023-07-28T16:23:03.276Z] info Petición Exitosa
[2023-07-28T16:41:07.739Z] info Petición Exitosa
[2023-07-29T02:49:30.575Z] info Petición Exitosa
[2023-07-29T02:50:44.666Z] info Petición Exitosa
[2023-07-29T05:07:42.242Z] info Petición Exitosa
[2023-07-29T05:07:58.543Z] info Petición Exitosa
>>>>>>>>> Temporary merge branch 2
[2023-07-20T17:42:00.070Z] info Petición Exitosa
[2023-07-20T17:46:32.634Z] info Petición Exitosa
[2023-08-01T02:19:08.731Z] info Petición Exitosa
[2024-01-25T19:43:31.131Z] info Error al agregar producto Error: 
Invalid `prisma.producto.create()` invocation:

{
  data: {
    codigo_barras: 'aaaa',
    nombre: 'lápiz',
    marca: 'mongol',
    descripcion: 'acá descripción',
    imagen: 'https://carulla.vtexassets.com/arquivos/ids/10260360/lapiz-mongol-no-2-hb-x-12-uds.jpg?v=638084011628000000',
    compra: '3',
    precio_unitario: '3',
    precio_mayoreo: '2',
    precio_caja: '20',
    inicio_mayoreo: '240',
                    ~~~~~
    inicio_caja: '20',
                 ~~~~
    id_color: '',
    ~~~~~~~~
    id_categoria: '',
    ~~~~~~~~~~~~
    id_tipo: '',
    ~~~~~~~
+   color: {
+     create?: colorCreateWithoutProductoInput | colorUncheckedCreateWithoutProductoInput,
+     connectOrCreate?: colorCreateOrConnectWithoutProductoInput,
+     connect?: colorWhereUniqueInput
+   },
+   categoria: {
+     create?: categoriaCreateWithoutProductoInput | categoriaUncheckedCreateWithoutProductoInput,
+     connectOrCreate?: categoriaCreateOrConnectWithoutProductoInput,
+     connect?: categoriaWhereUniqueInput
+   },
+   tipo: {
+     create?: tipoCreateWithoutProductoInput | tipoUncheckedCreateWithoutProductoInput,
+     connectOrCreate?: tipoCreateOrConnectWithoutProductoInput,
+     connect?: tipoWhereUniqueInput
+   },
?   carrito_producto?: {
?     create?: carrito_productoCreateWithoutProductoInput | carrito_productoCreateWithoutProductoInput | carrito_productoUncheckedCreateWithoutProductoInput | carrito_productoUncheckedCreateWithoutProductoInput,
?     connectOrCreate?: carrito_productoCreateOrConnectWithoutProductoInput | carrito_productoCreateOrConnectWithoutProductoInput,
?     createMany?: carrito_productoCreateManyProductoInputEnvelope,
?     connect?: carrito_productoWhereUniqueInput | carrito_productoWhereUniqueInput
?   },
?   detalle_venta?: {
?     create?: detalle_ventaCreateWithoutProductoInput | detalle_ventaCreateWithoutProductoInput | detalle_ventaUncheckedCreateWithoutProductoInput | detalle_ventaUncheckedCreateWithoutProductoInput,
?     connectOrCreate?: detalle_ventaCreateOrConnectWithoutProductoInput | detalle_ventaCreateOrConnectWithoutProductoInput,
?     createMany?: detalle_ventaCreateManyProductoInputEnvelope,
?     connect?: detalle_ventaWhereUniqueInput | detalle_ventaWhereUniqueInput
?   },
?   inventario?: {
?     create?: inventarioCreateWithoutProductoInput | inventarioCreateWithoutProductoInput | inventarioUncheckedCreateWithoutProductoInput | inventarioUncheckedCreateWithoutProductoInput,
?     connectOrCreate?: inventarioCreateOrConnectWithoutProductoInput | inventarioCreateOrConnectWithoutProductoInput,
?     createMany?: inventarioCreateManyProductoInputEnvelope,
?     connect?: inventarioWhereUniqueInput | inventarioWhereUniqueInput
?   }
  }
}

Argument inicio_mayoreo: Got invalid value '240' on prisma.createOneproducto. Provided String, expected Int or Null.
Argument inicio_caja: Got invalid value '20' on prisma.createOneproducto. Provided String, expected Int or Null.
Unknown arg `id_color` in data.id_color for type productoCreateInput. Did you mean `color`?
Unknown arg `id_categoria` in data.id_categoria for type productoCreateInput. Did you mean `categoria`?
Unknown arg `id_tipo` in data.id_tipo for type productoCreateInput. Did you mean `tipo`?
Argument color for data.color is missing.
Argument categoria for data.categoria is missing.
Argument tipo for data.tipo is missing.

Note: Lines with + are required, lines with ? are optional.

[2024-01-25T19:44:27.528Z] info Error al agregar producto Error: 
Invalid `prisma.producto.create()` invocation:

{
  data: {
    codigo_barras: 'aaaa',
    nombre: 'lápiz',
    marca: 'mongol',
    descripcion: 'acá descripción',
    imagen: 'https://carulla.vtexassets.com/arquivos/ids/10260360/lapiz-mongol-no-2-hb-x-12-uds.jpg?v=638084011628000000',
    compra: '3',
    precio_unitario: '3',
    precio_mayoreo: '2',
    precio_caja: '20',
    inicio_mayoreo: '240',
                    ~~~~~
    inicio_caja: '20',
                 ~~~~
    id_color: '',
    ~~~~~~~~
    id_categoria: '',
    ~~~~~~~~~~~~
    id_tipo: '',
    ~~~~~~~
+   color: {
+     create?: colorCreateWithoutProductoInput | colorUncheckedCreateWithoutProductoInput,
+     connectOrCreate?: colorCreateOrConnectWithoutProductoInput,
+     connect?: colorWhereUniqueInput
+   },
+   categoria: {
+     create?: categoriaCreateWithoutProductoInput | categoriaUncheckedCreateWithoutProductoInput,
+     connectOrCreate?: categoriaCreateOrConnectWithoutProductoInput,
+     connect?: categoriaWhereUniqueInput
+   },
+   tipo: {
+     create?: tipoCreateWithoutProductoInput | tipoUncheckedCreateWithoutProductoInput,
+     connectOrCreate?: tipoCreateOrConnectWithoutProductoInput,
+     connect?: tipoWhereUniqueInput
+   },
?   carrito_producto?: {
?     create?: carrito_productoCreateWithoutProductoInput | carrito_productoCreateWithoutProductoInput | carrito_productoUncheckedCreateWithoutProductoInput | carrito_productoUncheckedCreateWithoutProductoInput,
?     connectOrCreate?: carrito_productoCreateOrConnectWithoutProductoInput | carrito_productoCreateOrConnectWithoutProductoInput,
?     createMany?: carrito_productoCreateManyProductoInputEnvelope,
?     connect?: carrito_productoWhereUniqueInput | carrito_productoWhereUniqueInput
?   },
?   detalle_venta?: {
?     create?: detalle_ventaCreateWithoutProductoInput | detalle_ventaCreateWithoutProductoInput | detalle_ventaUncheckedCreateWithoutProductoInput | detalle_ventaUncheckedCreateWithoutProductoInput,
?     connectOrCreate?: detalle_ventaCreateOrConnectWithoutProductoInput | detalle_ventaCreateOrConnectWithoutProductoInput,
?     createMany?: detalle_ventaCreateManyProductoInputEnvelope,
?     connect?: detalle_ventaWhereUniqueInput | detalle_ventaWhereUniqueInput
?   },
?   inventario?: {
?     create?: inventarioCreateWithoutProductoInput | inventarioCreateWithoutProductoInput | inventarioUncheckedCreateWithoutProductoInput | inventarioUncheckedCreateWithoutProductoInput,
?     connectOrCreate?: inventarioCreateOrConnectWithoutProductoInput | inventarioCreateOrConnectWithoutProductoInput,
?     createMany?: inventarioCreateManyProductoInputEnvelope,
?     connect?: inventarioWhereUniqueInput | inventarioWhereUniqueInput
?   }
  }
}

Argument inicio_mayoreo: Got invalid value '240' on prisma.createOneproducto. Provided String, expected Int or Null.
Argument inicio_caja: Got invalid value '20' on prisma.createOneproducto. Provided String, expected Int or Null.
Unknown arg `id_color` in data.id_color for type productoCreateInput. Did you mean `color`?
Unknown arg `id_categoria` in data.id_categoria for type productoCreateInput. Did you mean `categoria`?
Unknown arg `id_tipo` in data.id_tipo for type productoCreateInput. Did you mean `tipo`?
Argument color for data.color is missing.
Argument categoria for data.categoria is missing.
Argument tipo for data.tipo is missing.

Note: Lines with + are required, lines with ? are optional.

[2024-01-25T20:04:50.860Z] info Error al agregar producto Error: 
Invalid `prisma.producto.create()` invocation:

{
  data: {
    codigo_barras: 'aaaa',
    nombre: 'lápiz',
    marca: 'mongol',
    descripcion: 'aca',
    imagen: 'https://carulla.vtexassets.com/arquivos/ids/10260360/lapiz-mongol-no-2-hb-x-12-uds.jpg?v=638084011628000000',
    compra: '3',
    precio_unitario: '3',
    precio_mayoreo: '3',
    precio_caja: '20',
    inicio_mayoreo: '240',
                    ~~~~~
    inicio_caja: '20',
                 ~~~~
    id_color: '',
    ~~~~~~~~
    id_categoria: '',
    ~~~~~~~~~~~~
    id_tipo: '',
    ~~~~~~~
+   color: {
+     create?: colorCreateWithoutProductoInput | colorUncheckedCreateWithoutProductoInput,
+     connectOrCreate?: colorCreateOrConnectWithoutProductoInput,
+     connect?: colorWhereUniqueInput
+   },
+   categoria: {
+     create?: categoriaCreateWithoutProductoInput | categoriaUncheckedCreateWithoutProductoInput,
+     connectOrCreate?: categoriaCreateOrConnectWithoutProductoInput,
+     connect?: categoriaWhereUniqueInput
+   },
+   tipo: {
+     create?: tipoCreateWithoutProductoInput | tipoUncheckedCreateWithoutProductoInput,
+     connectOrCreate?: tipoCreateOrConnectWithoutProductoInput,
+     connect?: tipoWhereUniqueInput
+   },
?   carrito_producto?: {
?     create?: carrito_productoCreateWithoutProductoInput | carrito_productoCreateWithoutProductoInput | carrito_productoUncheckedCreateWithoutProductoInput | carrito_productoUncheckedCreateWithoutProductoInput,
?     connectOrCreate?: carrito_productoCreateOrConnectWithoutProductoInput | carrito_productoCreateOrConnectWithoutProductoInput,
?     createMany?: carrito_productoCreateManyProductoInputEnvelope,
?     connect?: carrito_productoWhereUniqueInput | carrito_productoWhereUniqueInput
?   },
?   detalle_venta?: {
?     create?: detalle_ventaCreateWithoutProductoInput | detalle_ventaCreateWithoutProductoInput | detalle_ventaUncheckedCreateWithoutProductoInput | detalle_ventaUncheckedCreateWithoutProductoInput,
?     connectOrCreate?: detalle_ventaCreateOrConnectWithoutProductoInput | detalle_ventaCreateOrConnectWithoutProductoInput,
?     createMany?: detalle_ventaCreateManyProductoInputEnvelope,
?     connect?: detalle_ventaWhereUniqueInput | detalle_ventaWhereUniqueInput
?   },
?   inventario?: {
?     create?: inventarioCreateWithoutProductoInput | inventarioCreateWithoutProductoInput | inventarioUncheckedCreateWithoutProductoInput | inventarioUncheckedCreateWithoutProductoInput,
?     connectOrCreate?: inventarioCreateOrConnectWithoutProductoInput | inventarioCreateOrConnectWithoutProductoInput,
?     createMany?: inventarioCreateManyProductoInputEnvelope,
?     connect?: inventarioWhereUniqueInput | inventarioWhereUniqueInput
?   }
  }
}

Argument inicio_mayoreo: Got invalid value '240' on prisma.createOneproducto. Provided String, expected Int or Null.
Argument inicio_caja: Got invalid value '20' on prisma.createOneproducto. Provided String, expected Int or Null.
Unknown arg `id_color` in data.id_color for type productoCreateInput. Did you mean `color`?
Unknown arg `id_categoria` in data.id_categoria for type productoCreateInput. Did you mean `categoria`?
Unknown arg `id_tipo` in data.id_tipo for type productoCreateInput. Did you mean `tipo`?
Argument color for data.color is missing.
Argument categoria for data.categoria is missing.
Argument tipo for data.tipo is missing.

Note: Lines with + are required, lines with ? are optional.

[2024-01-25T20:06:39.877Z] info Error al agregar producto Error: 
Invalid `prisma.producto.create()` invocation:

{
  data: {
    codigo_barras: 'aaaa',
    nombre: 'lápiz',
    marca: 'mongol',
    descripcion: 'aca',
    imagen: 'https://carulla.vtexassets.com/arquivos/ids/10260360/lapiz-mongol-no-2-hb-x-12-uds.jpg?v=638084011628000000',
    compra: '3',
    precio_unitario: '3',
    precio_mayoreo: '3',
    precio_caja: '20',
    inicio_mayoreo: '240',
                    ~~~~~
    inicio_caja: '20',
                 ~~~~
    id_color: '',
    ~~~~~~~~
    id_categoria: '',
    ~~~~~~~~~~~~
    id_tipo: '',
    ~~~~~~~
+   color: {
+     create?: colorCreateWithoutProductoInput | colorUncheckedCreateWithoutProductoInput,
+     connectOrCreate?: colorCreateOrConnectWithoutProductoInput,
+     connect?: colorWhereUniqueInput
+   },
+   categoria: {
+     create?: categoriaCreateWithoutProductoInput | categoriaUncheckedCreateWithoutProductoInput,
+     connectOrCreate?: categoriaCreateOrConnectWithoutProductoInput,
+     connect?: categoriaWhereUniqueInput
+   },
+   tipo: {
+     create?: tipoCreateWithoutProductoInput | tipoUncheckedCreateWithoutProductoInput,
+     connectOrCreate?: tipoCreateOrConnectWithoutProductoInput,
+     connect?: tipoWhereUniqueInput
+   },
?   carrito_producto?: {
?     create?: carrito_productoCreateWithoutProductoInput | carrito_productoCreateWithoutProductoInput | carrito_productoUncheckedCreateWithoutProductoInput | carrito_productoUncheckedCreateWithoutProductoInput,
?     connectOrCreate?: carrito_productoCreateOrConnectWithoutProductoInput | carrito_productoCreateOrConnectWithoutProductoInput,
?     createMany?: carrito_productoCreateManyProductoInputEnvelope,
?     connect?: carrito_productoWhereUniqueInput | carrito_productoWhereUniqueInput
?   },
?   detalle_venta?: {
?     create?: detalle_ventaCreateWithoutProductoInput | detalle_ventaCreateWithoutProductoInput | detalle_ventaUncheckedCreateWithoutProductoInput | detalle_ventaUncheckedCreateWithoutProductoInput,
?     connectOrCreate?: detalle_ventaCreateOrConnectWithoutProductoInput | detalle_ventaCreateOrConnectWithoutProductoInput,
?     createMany?: detalle_ventaCreateManyProductoInputEnvelope,
?     connect?: detalle_ventaWhereUniqueInput | detalle_ventaWhereUniqueInput
?   },
?   inventario?: {
?     create?: inventarioCreateWithoutProductoInput | inventarioCreateWithoutProductoInput | inventarioUncheckedCreateWithoutProductoInput | inventarioUncheckedCreateWithoutProductoInput,
?     connectOrCreate?: inventarioCreateOrConnectWithoutProductoInput | inventarioCreateOrConnectWithoutProductoInput,
?     createMany?: inventarioCreateManyProductoInputEnvelope,
?     connect?: inventarioWhereUniqueInput | inventarioWhereUniqueInput
?   }
  }
}

Argument inicio_mayoreo: Got invalid value '240' on prisma.createOneproducto. Provided String, expected Int or Null.
Argument inicio_caja: Got invalid value '20' on prisma.createOneproducto. Provided String, expected Int or Null.
Unknown arg `id_color` in data.id_color for type productoCreateInput. Did you mean `color`?
Unknown arg `id_categoria` in data.id_categoria for type productoCreateInput. Did you mean `categoria`?
Unknown arg `id_tipo` in data.id_tipo for type productoCreateInput. Did you mean `tipo`?
Argument color for data.color is missing.
Argument categoria for data.categoria is missing.
Argument tipo for data.tipo is missing.

Note: Lines with + are required, lines with ? are optional.

[2024-01-25T20:07:17.877Z] info Error al agregar producto Error: 
Invalid `prisma.producto.create()` invocation:

{
  data: {
    codigo_barras: 'aaaa',
    nombre: 'lápiz',
    marca: 'mongol',
    descripcion: 'aaa',
    imagen: 'https://carulla.vtexassets.com/arquivos/ids/10260360/lapiz-mongol-no-2-hb-x-12-uds.jpg?v=638084011628000000',
    compra: '3',
    precio_unitario: '3',
    precio_mayoreo: '2',
    precio_caja: '23',
    inicio_mayoreo: '2',
                    ~~~
    inicio_caja: '2',
                 ~~~
    id_color: '',
    ~~~~~~~~
    id_categoria: '',
    ~~~~~~~~~~~~
    id_tipo: 'Lápiz grafito',
    ~~~~~~~
+   color: {
+     create?: colorCreateWithoutProductoInput | colorUncheckedCreateWithoutProductoInput,
+     connectOrCreate?: colorCreateOrConnectWithoutProductoInput,
+     connect?: colorWhereUniqueInput
+   },
+   categoria: {
+     create?: categoriaCreateWithoutProductoInput | categoriaUncheckedCreateWithoutProductoInput,
+     connectOrCreate?: categoriaCreateOrConnectWithoutProductoInput,
+     connect?: categoriaWhereUniqueInput
+   },
+   tipo: {
+     create?: tipoCreateWithoutProductoInput | tipoUncheckedCreateWithoutProductoInput,
+     connectOrCreate?: tipoCreateOrConnectWithoutProductoInput,
+     connect?: tipoWhereUniqueInput
+   },
?   carrito_producto?: {
?     create?: carrito_productoCreateWithoutProductoInput | carrito_productoCreateWithoutProductoInput | carrito_productoUncheckedCreateWithoutProductoInput | carrito_productoUncheckedCreateWithoutProductoInput,
?     connectOrCreate?: carrito_productoCreateOrConnectWithoutProductoInput | carrito_productoCreateOrConnectWithoutProductoInput,
?     createMany?: carrito_productoCreateManyProductoInputEnvelope,
?     connect?: carrito_productoWhereUniqueInput | carrito_productoWhereUniqueInput
?   },
?   detalle_venta?: {
?     create?: detalle_ventaCreateWithoutProductoInput | detalle_ventaCreateWithoutProductoInput | detalle_ventaUncheckedCreateWithoutProductoInput | detalle_ventaUncheckedCreateWithoutProductoInput,
?     connectOrCreate?: detalle_ventaCreateOrConnectWithoutProductoInput | detalle_ventaCreateOrConnectWithoutProductoInput,
?     createMany?: detalle_ventaCreateManyProductoInputEnvelope,
?     connect?: detalle_ventaWhereUniqueInput | detalle_ventaWhereUniqueInput
?   },
?   inventario?: {
?     create?: inventarioCreateWithoutProductoInput | inventarioCreateWithoutProductoInput | inventarioUncheckedCreateWithoutProductoInput | inventarioUncheckedCreateWithoutProductoInput,
?     connectOrCreate?: inventarioCreateOrConnectWithoutProductoInput | inventarioCreateOrConnectWithoutProductoInput,
?     createMany?: inventarioCreateManyProductoInputEnvelope,
?     connect?: inventarioWhereUniqueInput | inventarioWhereUniqueInput
?   }
  }
}

Argument inicio_mayoreo: Got invalid value '2' on prisma.createOneproducto. Provided String, expected Int or Null.
Argument inicio_caja: Got invalid value '2' on prisma.createOneproducto. Provided String, expected Int or Null.
Unknown arg `id_color` in data.id_color for type productoCreateInput. Did you mean `color`?
Unknown arg `id_categoria` in data.id_categoria for type productoCreateInput. Did you mean `categoria`?
Unknown arg `id_tipo` in data.id_tipo for type productoCreateInput. Did you mean `tipo`?
Argument color for data.color is missing.
Argument categoria for data.categoria is missing.
Argument tipo for data.tipo is missing.

Note: Lines with + are required, lines with ? are optional.

[2024-01-25T20:12:18.234Z] info Error al agregar producto Error: 
Invalid `prisma.producto.create()` invocation:

{
  data: {
    codigo_barras: 'aaaa',
    nombre: 'lápiz',
    marca: 'mongol',
    descripcion: 'aaa',
    imagen: 'https://carulla.vtexassets.com/arquivos/ids/10260360/lapiz-mongol-no-2-hb-x-12-uds.jpg?v=638084011628000000',
    compra: '2',
    precio_unitario: '2',
    precio_mayoreo: '2',
    precio_caja: '2',
    inicio_mayoreo: '2',
                    ~~~
    inicio_caja: '2',
                 ~~~
    id_color: '',
    ~~~~~~~~
    id_categoria: '',
    ~~~~~~~~~~~~
    id_tipo: '',
    ~~~~~~~
+   color: {
+     create?: colorCreateWithoutProductoInput | colorUncheckedCreateWithoutProductoInput,
+     connectOrCreate?: colorCreateOrConnectWithoutProductoInput,
+     connect?: colorWhereUniqueInput
+   },
+   categoria: {
+     create?: categoriaCreateWithoutProductoInput | categoriaUncheckedCreateWithoutProductoInput,
+     connectOrCreate?: categoriaCreateOrConnectWithoutProductoInput,
+     connect?: categoriaWhereUniqueInput
+   },
+   tipo: {
+     create?: tipoCreateWithoutProductoInput | tipoUncheckedCreateWithoutProductoInput,
+     connectOrCreate?: tipoCreateOrConnectWithoutProductoInput,
+     connect?: tipoWhereUniqueInput
+   },
?   carrito_producto?: {
?     create?: carrito_productoCreateWithoutProductoInput | carrito_productoCreateWithoutProductoInput | carrito_productoUncheckedCreateWithoutProductoInput | carrito_productoUncheckedCreateWithoutProductoInput,
?     connectOrCreate?: carrito_productoCreateOrConnectWithoutProductoInput | carrito_productoCreateOrConnectWithoutProductoInput,
?     createMany?: carrito_productoCreateManyProductoInputEnvelope,
?     connect?: carrito_productoWhereUniqueInput | carrito_productoWhereUniqueInput
?   },
?   detalle_venta?: {
?     create?: detalle_ventaCreateWithoutProductoInput | detalle_ventaCreateWithoutProductoInput | detalle_ventaUncheckedCreateWithoutProductoInput | detalle_ventaUncheckedCreateWithoutProductoInput,
?     connectOrCreate?: detalle_ventaCreateOrConnectWithoutProductoInput | detalle_ventaCreateOrConnectWithoutProductoInput,
?     createMany?: detalle_ventaCreateManyProductoInputEnvelope,
?     connect?: detalle_ventaWhereUniqueInput | detalle_ventaWhereUniqueInput
?   },
?   inventario?: {
?     create?: inventarioCreateWithoutProductoInput | inventarioCreateWithoutProductoInput | inventarioUncheckedCreateWithoutProductoInput | inventarioUncheckedCreateWithoutProductoInput,
?     connectOrCreate?: inventarioCreateOrConnectWithoutProductoInput | inventarioCreateOrConnectWithoutProductoInput,
?     createMany?: inventarioCreateManyProductoInputEnvelope,
?     connect?: inventarioWhereUniqueInput | inventarioWhereUniqueInput
?   }
  }
}

Argument inicio_mayoreo: Got invalid value '2' on prisma.createOneproducto. Provided String, expected Int or Null.
Argument inicio_caja: Got invalid value '2' on prisma.createOneproducto. Provided String, expected Int or Null.
Unknown arg `id_color` in data.id_color for type productoCreateInput. Did you mean `color`?
Unknown arg `id_categoria` in data.id_categoria for type productoCreateInput. Did you mean `categoria`?
Unknown arg `id_tipo` in data.id_tipo for type productoCreateInput. Did you mean `tipo`?
Argument color for data.color is missing.
Argument categoria for data.categoria is missing.
Argument tipo for data.tipo is missing.

Note: Lines with + are required, lines with ? are optional.

[2024-01-25T20:14:50.866Z] info Error al agregar producto Error: 
Invalid `prisma.producto.create()` invocation:

{
  data: {
    codigo_barras: 'aaaa',
    nombre: 'lápiz',
    marca: 'mongol',
    descripcion: 'aca',
    imagen: 'https://carulla.vtexassets.com/arquivos/ids/10260360/lapiz-mongol-no-2-hb-x-12-uds.jpg?v=638084011628000000',
    compra: '2',
    precio_unitario: '2',
    precio_mayoreo: '2',
    precio_caja: '2',
    inicio_mayoreo: '2',
                    ~~~
    inicio_caja: '2',
                 ~~~
    id_color: '1',
    ~~~~~~~~
    id_categoria: '1',
    ~~~~~~~~~~~~
    id_tipo: '1',
    ~~~~~~~
+   color: {
+     create?: colorCreateWithoutProductoInput | colorUncheckedCreateWithoutProductoInput,
+     connectOrCreate?: colorCreateOrConnectWithoutProductoInput,
+     connect?: colorWhereUniqueInput
+   },
+   categoria: {
+     create?: categoriaCreateWithoutProductoInput | categoriaUncheckedCreateWithoutProductoInput,
+     connectOrCreate?: categoriaCreateOrConnectWithoutProductoInput,
+     connect?: categoriaWhereUniqueInput
+   },
+   tipo: {
+     create?: tipoCreateWithoutProductoInput | tipoUncheckedCreateWithoutProductoInput,
+     connectOrCreate?: tipoCreateOrConnectWithoutProductoInput,
+     connect?: tipoWhereUniqueInput
+   },
?   carrito_producto?: {
?     create?: carrito_productoCreateWithoutProductoInput | carrito_productoCreateWithoutProductoInput | carrito_productoUncheckedCreateWithoutProductoInput | carrito_productoUncheckedCreateWithoutProductoInput,
?     connectOrCreate?: carrito_productoCreateOrConnectWithoutProductoInput | carrito_productoCreateOrConnectWithoutProductoInput,
?     createMany?: carrito_productoCreateManyProductoInputEnvelope,
?     connect?: carrito_productoWhereUniqueInput | carrito_productoWhereUniqueInput
?   },
?   detalle_venta?: {
?     create?: detalle_ventaCreateWithoutProductoInput | detalle_ventaCreateWithoutProductoInput | detalle_ventaUncheckedCreateWithoutProductoInput | detalle_ventaUncheckedCreateWithoutProductoInput,
?     connectOrCreate?: detalle_ventaCreateOrConnectWithoutProductoInput | detalle_ventaCreateOrConnectWithoutProductoInput,
?     createMany?: detalle_ventaCreateManyProductoInputEnvelope,
?     connect?: detalle_ventaWhereUniqueInput | detalle_ventaWhereUniqueInput
?   },
?   inventario?: {
?     create?: inventarioCreateWithoutProductoInput | inventarioCreateWithoutProductoInput | inventarioUncheckedCreateWithoutProductoInput | inventarioUncheckedCreateWithoutProductoInput,
?     connectOrCreate?: inventarioCreateOrConnectWithoutProductoInput | inventarioCreateOrConnectWithoutProductoInput,
?     createMany?: inventarioCreateManyProductoInputEnvelope,
?     connect?: inventarioWhereUniqueInput | inventarioWhereUniqueInput
?   }
  }
}

Argument inicio_mayoreo: Got invalid value '2' on prisma.createOneproducto. Provided String, expected Int or Null.
Argument inicio_caja: Got invalid value '2' on prisma.createOneproducto. Provided String, expected Int or Null.
Unknown arg `id_color` in data.id_color for type productoCreateInput. Did you mean `color`?
Unknown arg `id_categoria` in data.id_categoria for type productoCreateInput. Did you mean `categoria`?
Unknown arg `id_tipo` in data.id_tipo for type productoCreateInput. Did you mean `tipo`?
Argument color for data.color is missing.
Argument categoria for data.categoria is missing.
Argument tipo for data.tipo is missing.

Note: Lines with + are required, lines with ? are optional.

[2024-01-25T20:26:13.825Z] info El producto fue agregado con exito
[2024-01-25T22:50:55.587Z] info El producto fue agregado con exito
[2024-01-25T22:55:32.954Z] info El producto fue agregado con exito
[2024-01-25T22:56:56.673Z] info El producto fue agregado con exito
