[2023-07-20T15:36:50.123Z] info Petición Exitosa
[2023-07-20T16:06:22.482Z] info Petición Exitosa
[2023-07-25T19:27:26.915Z] info Petición Exitosa
[2023-07-27T18:49:03.425Z] info Petición Exitosa
[2023-07-27T19:41:03.472Z] info Petición Exitosa
[2023-07-28T15:10:22.393Z] info Petición Exitosa
[2023-07-28T15:10:45.470Z] info Petición Exitosa
[2023-07-28T15:39:07.692Z] info Ha ocurrido un error:PrismaClientInitializationError: 
Invalid `prisma.login.findMany()` invocation:


Can't reach database server at `192.168.4.95`:`3306`

Please make sure your database server is running at `192.168.4.95`:`3306`.
[2023-07-28T15:39:39.380Z] info Ha ocurrido un error:PrismaClientInitializationError: 
Invalid `prisma.login.findMany()` invocation:


Can't reach database server at `192.168.4.95`:`3306`

Please make sure your database server is running at `192.168.4.95`:`3306`.
[2023-07-28T15:40:59.906Z] info Petición Exitosa
[2023-07-28T15:45:57.170Z] info Ha ocurrido un error:PrismaClientInitializationError: 
Invalid `prisma.login.findMany()` invocation:


Can't reach database server at `192.168.4.95`:`3306`

Please make sure your database server is running at `192.168.4.95`:`3306`.
[2023-07-28T15:46:25.273Z] info Ha ocurrido un error:PrismaClientInitializationError: 
Invalid `prisma.login.findMany()` invocation:


Can't reach database server at `192.168.4.95`:`3306`

Please make sure your database server is running at `192.168.4.95`:`3306`.
[2023-07-28T15:46:41.911Z] info Ha ocurrido un error:PrismaClientInitializationError: 
Invalid `prisma.login.findMany()` invocation:


Can't reach database server at `192.168.4.95`:`3306`

Please make sure your database server is running at `192.168.4.95`:`3306`.
[2023-07-28T15:47:13.117Z] info Ha ocurrido un error:PrismaClientInitializationError: 
Invalid `prisma.login.findMany()` invocation:


Can't reach database server at `192.168.4.95`:`3306`

Please make sure your database server is running at `192.168.4.95`:`3306`.
[2023-07-28T15:52:06.540Z] info Petición Exitosa
[2023-07-28T15:54:21.108Z] info Petición Exitosa
[2023-07-28T15:54:53.649Z] info Petición Exitosa
[2023-07-28T15:55:40.014Z] info Petición Exitosa
[2023-07-28T16:44:56.107Z] info Petición Exitosa
[2023-07-28T16:44:56.356Z] info Petición Exitosa
[2023-07-28T16:44:56.568Z] info Petición Exitosa
[2023-07-28T16:44:56.919Z] info Petición Exitosa
[2023-07-28T16:46:56.665Z] info Petición Exitosa
[2023-07-28T16:46:56.972Z] info Petición Exitosa
[2023-07-28T16:46:57.172Z] info Petición Exitosa
[2023-07-28T16:47:49.363Z] info Petición Exitosa
[2023-07-28T16:47:49.634Z] info Petición Exitosa
[2023-07-28T16:47:49.903Z] info Petición Exitosa
[2023-07-28T16:50:32.930Z] info Petición Exitosa
[2023-07-28T16:50:33.334Z] info Petición Exitosa
[2023-07-28T16:50:33.629Z] info Petición Exitosa
[2023-07-28T16:51:02.574Z] info Petición Exitosa
[2023-07-28T16:51:02.827Z] info Petición Exitosa
[2023-07-28T16:51:03.033Z] info Petición Exitosa
[2023-07-28T16:51:25.128Z] info Petición Exitosa
[2023-07-28T16:51:25.687Z] info Petición Exitosa
[2023-07-28T16:51:26.133Z] info Petición Exitosa
[2023-07-28T16:52:00.206Z] info Petición Exitosa
[2023-07-28T16:52:00.426Z] info Petición Exitosa
[2023-07-28T16:52:00.620Z] info Petición Exitosa
[2023-07-28T16:52:36.575Z] info Petición Exitosa
[2023-07-28T16:52:36.854Z] info Petición Exitosa
[2023-07-28T16:52:37.050Z] info Petición Exitosa
[2023-07-28T16:53:23.170Z] info Petición Exitosa
[2023-07-28T16:53:23.434Z] info Petición Exitosa
[2023-07-28T16:53:23.746Z] info Petición Exitosa
[2023-07-28T16:54:02.770Z] info Petición Exitosa
[2023-07-28T16:54:03.000Z] info Petición Exitosa
[2023-07-28T16:54:03.315Z] info Petición Exitosa
[2023-07-31T15:28:12.008Z] info Petición Exitosa
[2023-07-31T15:41:47.932Z] info Petición Exitosa
[2023-07-31T16:50:53.322Z] info Petición Exitosa
[2023-07-31T16:54:44.353Z] info Petición Exitosa
[2023-07-31T17:12:58.999Z] info Petición Exitosa
[2023-07-31T23:11:32.857Z] info Petición Exitosa
[2023-07-31T23:11:32.973Z] info Petición Exitosa
[2023-07-31T23:11:33.079Z] info Petición Exitosa
[2023-07-31T23:11:53.256Z] info Petición Exitosa
[2023-07-31T23:11:53.452Z] info Petición Exitosa
[2023-07-31T23:11:53.624Z] info Petición Exitosa
[2023-07-31T23:12:17.812Z] info Petición Exitosa
[2023-07-31T23:12:17.975Z] info Petición Exitosa
[2023-07-31T23:12:18.078Z] info Petición Exitosa
[2023-08-01T16:16:58.168Z] info Petición Exitosa
[2023-08-01T16:16:58.271Z] info Petición Exitosa
[2023-08-01T16:16:58.336Z] info Petición Exitosa
[2023-08-01T16:16:58.402Z] info Petición Exitosa
[2023-08-02T01:56:48.837Z] info Petición Exitosa
[2023-08-02T01:56:48.918Z] info Petición Exitosa
[2023-08-02T01:56:48.959Z] info Petición Exitosa
[2023-08-02T01:57:18.620Z] info Petición Exitosa
[2023-08-02T01:57:18.683Z] info Petición Exitosa
[2023-08-02T01:57:18.730Z] info Petición Exitosa
[2023-08-02T01:58:00.965Z] info Petición Exitosa
[2023-08-02T01:58:01.032Z] info Petición Exitosa
[2023-08-02T01:58:24.785Z] info Petición Exitosa
[2023-08-02T01:58:26.924Z] info Petición Exitosa
[2023-08-02T01:58:26.969Z] info Petición Exitosa
[2023-08-02T02:08:41.136Z] info Petición Exitosa
[2023-08-02T02:08:41.246Z] info Petición Exitosa
[2023-08-02T02:08:41.291Z] info Petición Exitosa
[2023-08-02T02:08:41.963Z] info Petición Exitosa
[2023-08-02T02:08:42.197Z] info Petición Exitosa
[2023-08-02T02:08:42.245Z] info Petición Exitosa
[2023-08-02T02:08:52.326Z] info Petición Exitosa
[2023-08-02T02:08:52.442Z] info Petición Exitosa
[2023-08-02T02:08:52.499Z] info Petición Exitosa
[2023-08-02T02:09:06.852Z] info Petición Exitosa
[2023-08-02T02:09:06.944Z] info Petición Exitosa
[2023-08-02T02:09:07.015Z] info Petición Exitosa
[2023-08-02T02:09:51.418Z] info Petición Exitosa
[2023-08-02T02:09:51.496Z] info Petición Exitosa
[2023-08-02T02:09:51.560Z] info Petición Exitosa
[2023-08-02T02:10:31.630Z] info Petición Exitosa
[2023-08-02T02:10:31.731Z] info Petición Exitosa
[2023-08-02T02:10:31.800Z] info Petición Exitosa
[2023-08-02T02:11:18.296Z] info Petición Exitosa
[2023-08-02T02:11:18.359Z] info Petición Exitosa
[2023-08-02T02:11:18.407Z] info Petición Exitosa
[2023-08-02T02:11:43.974Z] info Petición Exitosa
[2023-08-02T02:11:44.070Z] info Petición Exitosa
[2023-08-02T02:11:44.132Z] info Petición Exitosa
[2023-08-02T02:11:45.363Z] info Petición Exitosa
[2023-08-02T02:11:45.456Z] info Petición Exitosa
[2023-08-02T02:11:45.504Z] info Petición Exitosa
[2023-08-02T02:11:59.033Z] info Petición Exitosa
[2023-08-02T02:11:59.123Z] info Petición Exitosa
[2023-08-02T02:11:59.183Z] info Petición Exitosa
[2023-08-02T02:12:37.191Z] info Petición Exitosa
[2023-08-02T02:12:37.264Z] info Petición Exitosa
[2023-08-02T02:12:37.519Z] info Petición Exitosa
[2023-08-02T02:13:14.005Z] info Petición Exitosa
[2023-08-02T02:13:14.130Z] info Petición Exitosa
[2023-08-02T02:13:14.209Z] info Petición Exitosa
[2023-08-02T02:13:27.983Z] info Petición Exitosa
[2023-08-02T02:13:28.124Z] info Petición Exitosa
[2023-08-02T02:13:28.171Z] info Petición Exitosa
[2023-08-02T02:13:38.513Z] info Petición Exitosa
[2023-08-02T02:13:38.624Z] info Petición Exitosa
[2023-08-02T02:13:38.671Z] info Petición Exitosa
[2023-08-02T02:13:40.043Z] info Petición Exitosa
[2023-08-02T02:13:40.231Z] info Petición Exitosa
[2023-08-02T02:13:40.294Z] info Petición Exitosa
[2023-08-02T02:13:45.285Z] info Petición Exitosa
[2023-08-02T02:13:45.474Z] info Petición Exitosa
[2023-08-02T02:13:45.520Z] info Petición Exitosa
[2023-08-02T02:13:54.044Z] info Petición Exitosa
[2023-08-02T02:13:54.162Z] info Petición Exitosa
[2023-08-02T02:13:54.202Z] info Petición Exitosa
[2023-08-02T02:14:19.146Z] info Petición Exitosa
[2023-08-02T02:14:19.245Z] info Petición Exitosa
[2023-08-02T02:14:19.536Z] info Petición Exitosa
[2023-08-02T02:14:53.939Z] info Petición Exitosa
[2023-08-02T02:14:54.063Z] info Petición Exitosa
[2023-08-02T02:14:54.217Z] info Petición Exitosa
[2023-08-02T02:16:23.203Z] info Petición Exitosa
[2023-08-02T02:16:23.614Z] info Petición Exitosa
[2023-08-02T02:16:23.664Z] info Petición Exitosa
[2023-08-02T02:17:13.145Z] info Petición Exitosa
[2023-08-02T02:17:13.254Z] info Petición Exitosa
[2023-08-02T02:17:13.333Z] info Petición Exitosa
[2023-08-02T02:17:18.988Z] info Petición Exitosa
[2023-08-02T02:17:19.245Z] info Petición Exitosa
[2023-08-02T02:17:19.315Z] info Petición Exitosa
[2023-08-02T02:17:34.906Z] info Petición Exitosa
[2023-08-02T02:17:35.319Z] info Petición Exitosa
[2023-08-02T02:17:35.382Z] info Petición Exitosa
[2023-08-02T02:18:35.128Z] info Petición Exitosa
[2023-08-02T02:18:35.268Z] info Petición Exitosa
[2023-08-02T02:18:35.330Z] info Petición Exitosa
[2023-08-02T02:19:52.147Z] info Petición Exitosa
[2023-08-02T02:19:52.365Z] info Petición Exitosa
[2023-08-02T02:19:52.418Z] info Petición Exitosa
[2023-08-02T02:20:01.393Z] info Petición Exitosa
[2023-08-02T02:20:01.597Z] info Petición Exitosa
[2023-08-02T02:20:01.658Z] info Petición Exitosa
[2023-08-02T02:20:34.087Z] info Petición Exitosa
[2023-08-02T02:20:34.165Z] info Petición Exitosa
[2023-08-02T02:20:45.108Z] info Petición Exitosa
[2023-08-02T02:20:45.504Z] info Petición Exitosa
[2023-08-02T02:20:45.565Z] info Petición Exitosa
[2023-08-02T02:21:31.578Z] info Petición Exitosa
[2023-08-02T02:21:31.733Z] info Petición Exitosa
[2023-08-02T02:21:31.795Z] info Petición Exitosa
[2023-08-02T02:21:46.260Z] info Petición Exitosa
[2023-08-02T02:21:46.447Z] info Petición Exitosa
[2023-08-02T02:21:46.509Z] info Petición Exitosa
[2023-08-02T02:21:52.261Z] info Petición Exitosa
[2023-08-02T02:21:52.471Z] info Petición Exitosa
[2023-08-02T02:21:52.532Z] info Petición Exitosa
[2023-08-02T02:22:18.411Z] info Petición Exitosa
[2023-08-02T02:22:18.583Z] info Petición Exitosa
[2023-08-02T02:22:18.646Z] info Petición Exitosa
[2023-08-02T02:22:22.756Z] info Petición Exitosa
[2023-08-02T02:22:22.928Z] info Petición Exitosa
[2023-08-02T02:22:22.990Z] info Petición Exitosa
[2023-08-02T02:22:31.916Z] info Petición Exitosa
[2023-08-02T02:22:32.105Z] info Petición Exitosa
[2023-08-02T02:22:32.167Z] info Petición Exitosa
[2023-08-02T02:22:43.210Z] info Petición Exitosa
[2023-08-02T02:22:43.350Z] info Petición Exitosa
[2023-08-02T02:22:43.397Z] info Petición Exitosa
[2023-08-02T02:23:40.661Z] info Petición Exitosa
[2023-08-02T02:23:40.925Z] info Petición Exitosa
[2023-08-02T02:23:40.989Z] info Petición Exitosa
[2023-08-02T02:24:15.281Z] info Petición Exitosa
[2023-08-02T02:24:15.421Z] info Petición Exitosa
[2023-08-02T02:24:15.748Z] info Petición Exitosa
[2023-08-02T02:24:36.614Z] info Petición Exitosa
[2023-08-02T02:24:36.685Z] info Petición Exitosa
[2023-08-02T02:25:07.361Z] info Petición Exitosa
[2023-08-02T02:25:07.486Z] info Petición Exitosa
[2023-08-02T02:25:07.548Z] info Petición Exitosa
[2023-08-02T02:25:21.555Z] info Petición Exitosa
[2023-08-02T02:25:21.632Z] info Petición Exitosa
[2023-08-02T02:25:21.696Z] info Petición Exitosa
[2023-08-02T02:25:27.385Z] info Petición Exitosa
[2023-08-02T02:25:27.511Z] info Petición Exitosa
[2023-08-02T02:25:27.557Z] info Petición Exitosa
[2023-08-02T02:25:37.999Z] info Petición Exitosa
[2023-08-02T02:25:38.091Z] info Petición Exitosa
[2023-08-02T02:25:38.138Z] info Petición Exitosa
[2023-08-02T02:25:55.069Z] info Petición Exitosa
[2023-08-02T02:25:55.303Z] info Petición Exitosa
[2023-08-02T02:25:55.487Z] info Petición Exitosa
[2023-08-02T02:25:57.723Z] info Petición Exitosa
[2023-08-02T02:25:57.928Z] info Petición Exitosa
[2023-08-02T02:25:57.991Z] info Petición Exitosa
[2023-08-02T02:26:18.979Z] info Petición Exitosa
[2023-08-02T02:26:19.152Z] info Petición Exitosa
[2023-08-02T02:26:19.200Z] info Petición Exitosa
[2023-08-02T02:42:03.591Z] info Petición Exitosa
[2023-08-02T02:42:03.746Z] info Petición Exitosa
[2023-08-02T02:42:03.794Z] info Petición Exitosa
[2023-08-02T02:42:50.180Z] info Petición Exitosa
[2023-08-02T02:42:50.369Z] info Petición Exitosa
[2023-08-02T02:42:50.431Z] info Petición Exitosa
[2023-08-02T02:42:59.152Z] info Petición Exitosa
[2023-08-02T02:42:59.292Z] info Petición Exitosa
[2023-08-02T02:42:59.356Z] info Petición Exitosa
[2023-08-02T02:43:00.507Z] info Petición Exitosa
[2023-08-02T02:43:00.694Z] info Petición Exitosa
[2023-08-02T02:43:00.742Z] info Petición Exitosa
[2023-08-02T02:46:00.383Z] info Petición Exitosa
[2023-08-02T02:46:00.522Z] info Petición Exitosa
[2023-08-02T02:46:00.586Z] info Petición Exitosa
[2023-08-02T02:47:01.094Z] info Petición Exitosa
[2023-08-02T02:47:01.141Z] info Petición Exitosa
[2023-08-02T02:47:24.224Z] info Petición Exitosa
[2023-08-02T02:47:24.318Z] info Petición Exitosa
[2023-08-02T02:47:24.505Z] info Petición Exitosa
[2023-08-02T02:47:26.561Z] info Petición Exitosa
[2023-08-02T02:47:26.720Z] info Petición Exitosa
[2023-08-02T02:47:26.782Z] info Petición Exitosa
[2023-08-02T02:47:29.857Z] info Petición Exitosa
[2023-08-02T02:47:30.023Z] info Petición Exitosa
[2023-08-02T02:47:30.069Z] info Petición Exitosa
[2023-08-02T02:48:19.576Z] info Petición Exitosa
[2023-08-02T02:48:19.785Z] info Petición Exitosa
[2023-08-02T02:48:19.995Z] info Petición Exitosa
[2023-08-02T02:48:29.611Z] info Petición Exitosa
[2023-08-02T02:48:29.675Z] info Petición Exitosa
[2023-08-02T02:52:42.069Z] info Petición Exitosa
[2023-08-02T02:52:42.227Z] info Petición Exitosa
[2023-08-02T02:52:42.273Z] info Petición Exitosa
[2023-08-02T02:52:47.351Z] info Petición Exitosa
[2023-08-02T02:52:47.585Z] info Petición Exitosa
[2023-08-02T02:52:47.695Z] info Petición Exitosa
[2023-08-02T02:52:49.815Z] info Petición Exitosa
[2023-08-02T02:52:49.987Z] info Petición Exitosa
[2023-08-02T02:52:50.050Z] info Petición Exitosa
[2023-08-02T02:57:32.824Z] info Petición Exitosa
[2023-08-02T02:57:32.964Z] info Petición Exitosa
[2023-08-02T02:57:33.011Z] info Petición Exitosa
[2023-08-02T03:00:52.656Z] info Petición Exitosa
[2023-08-02T03:00:52.765Z] info Petición Exitosa
[2023-08-02T03:00:52.920Z] info Petición Exitosa
[2023-08-02T03:01:16.651Z] info Petición Exitosa
[2023-08-02T03:01:16.837Z] info Petición Exitosa
[2023-08-02T03:01:16.884Z] info Petición Exitosa
[2023-08-02T03:01:28.938Z] info Petición Exitosa
[2023-08-02T03:01:29.110Z] info Petición Exitosa
[2023-08-02T03:01:29.173Z] info Petición Exitosa
[2023-08-02T03:02:24.951Z] info Petición Exitosa
[2023-08-02T03:02:25.076Z] info Petición Exitosa
[2023-08-02T03:02:25.121Z] info Petición Exitosa
[2023-08-02T03:02:44.038Z] info Petición Exitosa
[2023-08-02T03:02:44.164Z] info Petición Exitosa
[2023-08-02T03:02:44.226Z] info Petición Exitosa
[2023-08-02T03:02:56.619Z] info Petición Exitosa
[2023-08-02T03:02:56.759Z] info Petición Exitosa
[2023-08-02T03:02:56.822Z] info Petición Exitosa
[2023-08-02T03:03:01.882Z] info Petición Exitosa
[2023-08-02T03:03:02.005Z] info Petición Exitosa
[2023-08-02T03:03:02.053Z] info Petición Exitosa
[2023-08-02T03:03:40.006Z] info Petición Exitosa
[2023-08-02T03:03:40.132Z] info Petición Exitosa
[2023-08-02T03:03:40.195Z] info Petición Exitosa
[2023-08-02T03:03:48.348Z] info Petición Exitosa
[2023-08-02T03:03:48.520Z] info Petición Exitosa
[2023-08-02T03:03:48.566Z] info Petición Exitosa
[2023-08-02T03:04:26.568Z] info Petición Exitosa
[2023-08-02T03:04:26.710Z] info Petición Exitosa
[2023-08-02T03:04:26.772Z] info Petición Exitosa
[2023-08-02T03:05:02.219Z] info Petición Exitosa
[2023-08-02T03:05:02.281Z] info Petición Exitosa
[2023-08-02T03:06:04.679Z] info Petición Exitosa
[2023-08-02T03:06:04.757Z] info Petición Exitosa
[2023-08-02T03:06:04.931Z] info Petición Exitosa
[2023-08-02T03:07:26.943Z] info Petición Exitosa
[2023-08-02T03:07:27.052Z] info Petición Exitosa
[2023-08-02T03:07:27.099Z] info Petición Exitosa
[2023-08-02T03:07:39.922Z] info Petición Exitosa
[2023-08-02T03:07:40.001Z] info Petición Exitosa
[2023-08-02T03:07:40.189Z] info Petición Exitosa
[2023-08-02T03:07:48.165Z] info Petición Exitosa
[2023-08-02T03:07:48.306Z] info Petición Exitosa
[2023-08-02T03:07:48.369Z] info Petición Exitosa
[2023-08-02T03:07:50.478Z] info Petición Exitosa
[2023-08-02T03:07:50.617Z] info Petición Exitosa
[2023-08-02T03:07:50.664Z] info Petición Exitosa
[2023-08-02T03:08:05.627Z] info Petición Exitosa
[2023-08-02T03:08:05.674Z] info Petición Exitosa
[2023-08-02T03:09:15.180Z] info Petición Exitosa
[2023-08-02T03:09:15.243Z] info Petición Exitosa
[2023-08-02T03:09:15.289Z] info Petición Exitosa
[2023-08-02T03:09:19.621Z] info Petición Exitosa
[2023-08-02T03:09:19.683Z] info Petición Exitosa
[2023-08-02T03:09:19.730Z] info Petición Exitosa
[2023-08-02T03:10:31.716Z] info Petición Exitosa
[2023-08-02T03:10:31.810Z] info Petición Exitosa
[2023-08-02T03:10:31.858Z] info Petición Exitosa
[2023-08-02T03:10:36.254Z] info Petición Exitosa
[2023-08-02T03:10:36.335Z] info Petición Exitosa
[2023-08-02T03:10:36.380Z] info Petición Exitosa
[2023-08-02T03:10:46.187Z] info Petición Exitosa
[2023-08-02T03:10:46.267Z] info Petición Exitosa
[2023-08-02T03:10:46.331Z] info Petición Exitosa
[2023-08-02T03:10:55.872Z] info Petición Exitosa
[2023-08-02T03:10:55.951Z] info Petición Exitosa
[2023-08-02T03:10:55.998Z] info Petición Exitosa
[2023-08-02T03:11:16.587Z] info Petición Exitosa
[2023-08-02T03:11:16.651Z] info Petición Exitosa
[2023-08-02T03:11:16.697Z] info Petición Exitosa
[2023-08-02T03:19:46.395Z] info Petición Exitosa
[2023-08-02T03:19:46.457Z] info Petición Exitosa
[2023-08-02T03:19:46.503Z] info Petición Exitosa
[2023-08-02T03:20:38.697Z] info Petición Exitosa
[2023-08-02T03:20:38.805Z] info Petición Exitosa
[2023-08-02T03:20:38.850Z] info Petición Exitosa
[2023-08-02T03:20:44.316Z] info Petición Exitosa
[2023-08-02T03:20:44.392Z] info Petición Exitosa
[2023-08-02T03:20:44.439Z] info Petición Exitosa
[2023-08-02T03:20:52.806Z] info Petición Exitosa
[2023-08-02T03:20:52.882Z] info Petición Exitosa
[2023-08-02T03:20:52.944Z] info Petición Exitosa
[2023-08-02T03:21:03.795Z] info Petición Exitosa
[2023-08-02T03:21:03.890Z] info Petición Exitosa
[2023-08-02T03:21:03.954Z] info Petición Exitosa
[2023-08-02T03:21:06.187Z] info Petición Exitosa
[2023-08-02T03:21:06.265Z] info Petición Exitosa
[2023-08-02T03:21:06.311Z] info Petición Exitosa
[2023-08-02T03:21:09.403Z] info Petición Exitosa
[2023-08-02T03:21:09.466Z] info Petición Exitosa
[2023-08-02T03:21:09.528Z] info Petición Exitosa
[2023-08-02T03:21:15.896Z] info Petición Exitosa
[2023-08-02T03:21:15.988Z] info Petición Exitosa
[2023-08-02T03:21:16.051Z] info Petición Exitosa
[2023-08-02T03:21:24.599Z] info Petición Exitosa
[2023-08-02T03:21:24.693Z] info Petición Exitosa
[2023-08-02T03:21:24.771Z] info Petición Exitosa
[2023-08-02T03:21:27.017Z] info Petición Exitosa
[2023-08-02T03:21:27.094Z] info Petición Exitosa
[2023-08-02T03:21:27.141Z] info Petición Exitosa
[2023-08-02T03:21:35.800Z] info Petición Exitosa
[2023-08-02T03:21:35.848Z] info Petición Exitosa
[2023-08-02T03:21:35.896Z] info Petición Exitosa
[2023-08-02T03:21:54.193Z] info Petición Exitosa
[2023-08-02T03:21:54.241Z] info Petición Exitosa
[2023-08-02T03:21:54.286Z] info Petición Exitosa
[2023-08-02T03:22:03.578Z] info Petición Exitosa
[2023-08-02T03:22:03.621Z] info Petición Exitosa
[2023-08-02T03:22:03.673Z] info Petición Exitosa
[2023-08-02T03:26:41.517Z] info Petición Exitosa
[2023-08-02T03:26:41.612Z] info Petición Exitosa
[2023-08-02T03:26:41.675Z] info Petición Exitosa
[2023-08-02T03:26:43.886Z] info Petición Exitosa
[2023-08-02T03:26:44.012Z] info Petición Exitosa
[2023-08-02T03:26:44.059Z] info Petición Exitosa
[2023-08-02T03:26:56.402Z] info Petición Exitosa
[2023-08-02T03:26:56.497Z] info Petición Exitosa
[2023-08-02T03:26:56.560Z] info Petición Exitosa
[2023-08-02T03:27:00.176Z] info Petición Exitosa
[2023-08-02T03:27:00.317Z] info Petición Exitosa
[2023-08-02T03:27:00.397Z] info Petición Exitosa
[2023-08-02T03:27:02.672Z] info Petición Exitosa
[2023-08-02T03:27:02.777Z] info Petición Exitosa
[2023-08-02T03:27:02.823Z] info Petición Exitosa
[2023-08-02T03:27:15.725Z] info Petición Exitosa
[2023-08-02T03:27:15.800Z] info Petición Exitosa
[2023-08-02T03:27:15.848Z] info Petición Exitosa
[2023-08-02T03:27:38.483Z] info Petición Exitosa
[2023-08-02T03:27:38.627Z] info Petición Exitosa
[2023-08-02T03:27:38.833Z] info Petición Exitosa
[2023-08-02T03:28:36.979Z] info Petición Exitosa
[2023-08-02T03:28:37.058Z] info Petición Exitosa
[2023-08-02T03:28:37.104Z] info Petición Exitosa
[2023-08-02T03:28:45.169Z] info Petición Exitosa
[2023-08-02T03:28:45.247Z] info Petición Exitosa
[2023-08-02T03:28:45.293Z] info Petición Exitosa
[2023-08-02T03:28:54.947Z] info Petición Exitosa
[2023-08-02T03:28:55.025Z] info Petición Exitosa
[2023-08-02T03:28:55.072Z] info Petición Exitosa
[2023-08-02T03:29:08.749Z] info Petición Exitosa
[2023-08-02T03:29:08.829Z] info Petición Exitosa
[2023-08-02T03:29:08.873Z] info Petición Exitosa
[2023-08-02T03:29:14.689Z] info Petición Exitosa
[2023-08-02T03:29:14.798Z] info Petición Exitosa
[2023-08-02T03:29:14.845Z] info Petición Exitosa
[2023-08-02T03:33:04.373Z] info Petición Exitosa
[2023-08-02T03:33:04.468Z] info Petición Exitosa
[2023-08-02T03:33:04.516Z] info Petición Exitosa
[2023-08-02T03:34:00.050Z] info Petición Exitosa
[2023-08-02T03:34:00.160Z] info Petición Exitosa
[2023-08-02T03:34:00.208Z] info Petición Exitosa
[2023-08-02T03:34:15.592Z] info Petición Exitosa
[2023-08-02T03:34:15.667Z] info Petición Exitosa
[2023-08-02T03:34:15.713Z] info Petición Exitosa
[2023-08-02T03:36:01.759Z] info Petición Exitosa
[2023-08-02T03:36:01.853Z] info Petición Exitosa
[2023-08-02T03:36:01.899Z] info Petición Exitosa
[2023-08-02T03:38:48.924Z] info Petición Exitosa
[2023-08-02T03:38:49.018Z] info Petición Exitosa
[2023-08-02T03:38:49.064Z] info Petición Exitosa
[2023-08-02T03:38:50.387Z] info Petición Exitosa
[2023-08-02T03:38:50.481Z] info Petición Exitosa
[2023-08-02T03:38:50.529Z] info Petición Exitosa
[2023-08-02T03:39:05.380Z] info Petición Exitosa
[2023-08-02T03:39:05.549Z] info Petición Exitosa
[2023-08-02T03:39:05.606Z] info Petición Exitosa
[2023-08-02T03:39:10.267Z] info Petición Exitosa
[2023-08-02T03:39:10.363Z] info Petición Exitosa
[2023-08-02T03:39:10.455Z] info Petición Exitosa
[2023-08-02T03:40:30.892Z] info Petición Exitosa
[2023-08-02T03:40:30.969Z] info Petición Exitosa
[2023-08-02T03:40:31.016Z] info Petición Exitosa
[2023-08-02T03:41:41.015Z] info Petición Exitosa
[2023-08-02T03:41:41.094Z] info Petición Exitosa
[2023-08-02T03:41:41.140Z] info Petición Exitosa
[2023-08-02T03:41:43.432Z] info Petición Exitosa
[2023-08-02T03:41:43.542Z] info Petición Exitosa
[2023-08-02T03:41:43.622Z] info Petición Exitosa
[2023-08-02T03:41:48.876Z] info Petición Exitosa
[2023-08-02T03:41:48.971Z] info Petición Exitosa
[2023-08-02T03:41:49.018Z] info Petición Exitosa
[2023-08-02T03:41:51.406Z] info Petición Exitosa
[2023-08-02T03:41:51.485Z] info Petición Exitosa
[2023-08-02T03:41:51.533Z] info Petición Exitosa
[2023-08-02T03:41:53.993Z] info Petición Exitosa
[2023-08-02T03:41:54.056Z] info Petición Exitosa
[2023-08-02T03:41:54.117Z] info Petición Exitosa
[2023-08-02T03:42:03.507Z] info Petición Exitosa
[2023-08-02T03:42:03.569Z] info Petición Exitosa
[2023-08-02T03:42:03.617Z] info Petición Exitosa
[2023-08-02T03:42:04.957Z] info Petición Exitosa
[2023-08-02T03:42:05.035Z] info Petición Exitosa
[2023-08-02T03:42:05.099Z] info Petición Exitosa
[2023-08-02T03:42:06.238Z] info Petición Exitosa
[2023-08-02T03:42:06.317Z] info Petición Exitosa
[2023-08-02T03:42:06.365Z] info Petición Exitosa
[2023-08-02T03:42:07.491Z] info Petición Exitosa
[2023-08-02T03:42:07.553Z] info Petición Exitosa
[2023-08-02T03:42:07.599Z] info Petición Exitosa
[2023-08-02T03:42:11.560Z] info Petición Exitosa
[2023-08-02T03:42:11.672Z] info Petición Exitosa
[2023-08-02T03:42:11.734Z] info Petición Exitosa
[2023-08-02T03:42:52.961Z] info Petición Exitosa
[2023-08-02T03:42:53.342Z] info Petición Exitosa
[2023-08-02T03:42:53.406Z] info Petición Exitosa
[2023-08-02T03:42:55.862Z] info Petición Exitosa
[2023-08-02T03:42:55.939Z] info Petición Exitosa
[2023-08-02T03:42:56.019Z] info Petición Exitosa
[2023-08-02T03:43:12.265Z] info Petición Exitosa
[2023-08-02T03:43:12.327Z] info Petición Exitosa
[2023-08-02T03:43:12.375Z] info Petición Exitosa
[2023-08-02T03:43:13.662Z] info Petición Exitosa
[2023-08-02T03:43:13.866Z] info Petición Exitosa
[2023-08-02T03:43:13.913Z] info Petición Exitosa
[2023-08-02T03:43:35.378Z] info Petición Exitosa
[2023-08-02T03:43:35.480Z] info Petición Exitosa
[2023-08-02T03:43:35.535Z] info Petición Exitosa
[2023-08-02T03:43:58.683Z] info Petición Exitosa
[2023-08-02T03:43:58.745Z] info Petición Exitosa
[2023-08-02T03:43:58.791Z] info Petición Exitosa
[2023-08-02T03:44:04.057Z] info Petición Exitosa
[2023-08-02T03:44:04.136Z] info Petición Exitosa
[2023-08-02T03:44:04.200Z] info Petición Exitosa
[2023-08-02T03:44:06.477Z] info Petición Exitosa
[2023-08-02T03:44:06.555Z] info Petición Exitosa
[2023-08-02T03:44:06.618Z] info Petición Exitosa
[2023-08-02T03:44:07.833Z] info Petición Exitosa
[2023-08-02T03:44:07.913Z] info Petición Exitosa
[2023-08-02T03:44:07.975Z] info Petición Exitosa
[2023-08-02T03:44:09.244Z] info Petición Exitosa
[2023-08-02T03:44:09.338Z] info Petición Exitosa
[2023-08-02T03:44:09.401Z] info Petición Exitosa
[2023-08-02T03:44:21.086Z] info Petición Exitosa
[2023-08-02T03:44:21.150Z] info Petición Exitosa
[2023-08-02T03:44:21.198Z] info Petición Exitosa
[2023-08-02T03:44:32.888Z] info Petición Exitosa
[2023-08-02T03:44:32.983Z] info Petición Exitosa
[2023-08-02T03:44:33.030Z] info Petición Exitosa
[2023-08-02T03:44:53.166Z] info Petición Exitosa
[2023-08-02T03:44:53.229Z] info Petición Exitosa
[2023-08-02T03:44:53.291Z] info Petición Exitosa
[2023-08-02T03:45:02.733Z] info Petición Exitosa
[2023-08-02T03:45:02.808Z] info Petición Exitosa
[2023-08-02T03:45:02.854Z] info Petición Exitosa
[2023-08-02T03:45:07.475Z] info Petición Exitosa
[2023-08-02T03:45:07.570Z] info Petición Exitosa
[2023-08-02T03:45:07.618Z] info Petición Exitosa
[2023-08-02T03:45:16.599Z] info Petición Exitosa
[2023-08-02T03:45:16.692Z] info Petición Exitosa
[2023-08-02T03:45:16.739Z] info Petición Exitosa
[2023-08-02T03:45:29.787Z] info Petición Exitosa
[2023-08-02T03:45:29.913Z] info Petición Exitosa
[2023-08-02T03:45:29.976Z] info Petición Exitosa
[2023-08-02T03:46:35.519Z] info Petición Exitosa
[2023-08-02T03:46:35.613Z] info Petición Exitosa
[2023-08-02T03:46:35.659Z] info Petición Exitosa
[2023-08-02T03:46:40.291Z] info Petición Exitosa
[2023-08-02T03:46:40.355Z] info Petición Exitosa
[2023-08-02T03:46:40.401Z] info Petición Exitosa
[2023-08-02T03:46:45.858Z] info Petición Exitosa
[2023-08-02T03:46:45.950Z] info Petición Exitosa
[2023-08-02T03:46:46.012Z] info Petición Exitosa
[2023-08-02T03:46:55.391Z] info Petición Exitosa
[2023-08-02T03:46:55.484Z] info Petición Exitosa
[2023-08-02T03:46:55.547Z] info Petición Exitosa
[2023-08-02T03:46:56.757Z] info Petición Exitosa
[2023-08-02T03:46:56.836Z] info Petición Exitosa
[2023-08-02T03:46:56.932Z] info Petición Exitosa
[2023-08-02T03:47:05.473Z] info Petición Exitosa
[2023-08-02T03:47:05.551Z] info Petición Exitosa
[2023-08-02T03:47:05.597Z] info Petición Exitosa
[2023-08-02T03:47:25.741Z] info Petición Exitosa
[2023-08-02T03:47:25.836Z] info Petición Exitosa
[2023-08-02T03:47:25.882Z] info Petición Exitosa
[2023-08-02T03:47:33.928Z] info Petición Exitosa
[2023-08-02T03:47:34.006Z] info Petición Exitosa
[2023-08-02T03:47:34.053Z] info Petición Exitosa
[2023-08-02T03:47:49.528Z] info Petición Exitosa
[2023-08-02T03:47:49.623Z] info Petición Exitosa
[2023-08-02T03:47:49.670Z] info Petición Exitosa
[2023-08-02T03:49:28.701Z] info Petición Exitosa
[2023-08-02T03:49:28.781Z] info Petición Exitosa
[2023-08-02T03:49:28.827Z] info Petición Exitosa
[2023-08-02T03:49:38.703Z] info Petición Exitosa
[2023-08-02T03:49:38.782Z] info Petición Exitosa
[2023-08-02T03:49:38.828Z] info Petición Exitosa
[2023-08-02T03:49:39.849Z] info Petición Exitosa
[2023-08-02T03:49:39.928Z] info Petición Exitosa
[2023-08-02T03:49:39.990Z] info Petición Exitosa
[2023-08-02T03:49:43.146Z] info Petición Exitosa
[2023-08-02T03:49:43.209Z] info Petición Exitosa
[2023-08-02T03:49:43.273Z] info Petición Exitosa
[2023-08-02T03:51:14.889Z] info Petición Exitosa
[2023-08-02T03:51:14.966Z] info Petición Exitosa
[2023-08-02T03:51:15.012Z] info Petición Exitosa
[2023-08-02T03:51:53.048Z] info Petición Exitosa
[2023-08-02T03:51:53.141Z] info Petición Exitosa
[2023-08-02T03:51:53.188Z] info Petición Exitosa
[2023-08-02T03:53:04.362Z] info Petición Exitosa
[2023-08-02T03:53:04.424Z] info Petición Exitosa
[2023-08-02T03:53:04.471Z] info Petición Exitosa
[2023-08-02T03:53:06.997Z] info Petición Exitosa
[2023-08-02T03:53:07.091Z] info Petición Exitosa
[2023-08-02T03:53:07.137Z] info Petición Exitosa
[2023-08-02T03:54:52.070Z] info Petición Exitosa
[2023-08-02T03:54:52.133Z] info Petición Exitosa
[2023-08-02T03:54:52.195Z] info Petición Exitosa
[2023-08-02T03:55:19.552Z] info Petición Exitosa
[2023-08-02T03:55:19.600Z] info Petición Exitosa
[2023-08-02T03:56:21.672Z] info Petición Exitosa
[2023-08-02T03:56:21.751Z] info Petición Exitosa
[2023-08-02T03:56:21.796Z] info Petición Exitosa
[2023-08-02T03:56:39.860Z] info Petición Exitosa
[2023-08-02T03:56:39.907Z] info Petición Exitosa
[2023-08-02T03:56:58.502Z] info Petición Exitosa
[2023-08-02T03:56:58.566Z] info Petición Exitosa
[2023-08-02T03:58:32.345Z] info Petición Exitosa
[2023-08-02T03:58:32.503Z] info Petición Exitosa
[2023-08-02T03:58:32.551Z] info Petición Exitosa
[2023-08-02T03:58:37.266Z] info Petición Exitosa
[2023-08-02T03:58:37.485Z] info Petición Exitosa
[2023-08-02T03:58:37.548Z] info Petición Exitosa
[2023-08-02T03:58:55.120Z] info Petición Exitosa
[2023-08-02T03:58:55.775Z] info Petición Exitosa
[2023-08-02T03:58:55.838Z] info Petición Exitosa
[2023-08-02T03:59:00.549Z] info Petición Exitosa
[2023-08-02T03:59:01.143Z] info Petición Exitosa
[2023-08-02T03:59:01.253Z] info Petición Exitosa
[2023-08-02T03:59:03.839Z] info Petición Exitosa
[2023-08-02T03:59:03.934Z] info Petición Exitosa
[2023-08-02T03:59:03.982Z] info Petición Exitosa
[2023-08-02T03:59:06.037Z] info Petición Exitosa
[2023-08-02T03:59:06.475Z] info Petición Exitosa
[2023-08-02T03:59:06.662Z] info Petición Exitosa
[2023-08-02T03:59:18.523Z] info Petición Exitosa
[2023-08-02T03:59:18.726Z] info Petición Exitosa
[2023-08-02T03:59:18.787Z] info Petición Exitosa
[2023-08-02T03:59:24.735Z] info Petición Exitosa
[2023-08-02T03:59:25.146Z] info Petición Exitosa
[2023-08-02T03:59:25.226Z] info Petición Exitosa
[2023-08-02T03:59:58.601Z] info Petición Exitosa
[2023-08-02T03:59:58.694Z] info Petición Exitosa
[2023-08-02T04:00:16.941Z] info Petición Exitosa
[2023-08-02T04:00:17.050Z] info Petición Exitosa
[2023-08-02T04:00:17.112Z] info Petición Exitosa
[2023-08-02T04:00:26.689Z] info Petición Exitosa
[2023-08-02T04:00:26.799Z] info Petición Exitosa
[2023-08-02T04:00:26.861Z] info Petición Exitosa
[2023-08-02T04:00:31.870Z] info Petición Exitosa
[2023-08-02T04:00:31.997Z] info Petición Exitosa
[2023-08-02T04:00:32.045Z] info Petición Exitosa
[2023-08-02T04:00:34.436Z] info Petición Exitosa
[2023-08-02T04:00:34.576Z] info Petición Exitosa
[2023-08-02T04:00:34.623Z] info Petición Exitosa
[2023-08-02T04:00:48.241Z] info Petición Exitosa
[2023-08-02T04:00:48.368Z] info Petición Exitosa
[2023-08-02T04:00:48.429Z] info Petición Exitosa
[2023-08-02T04:00:53.439Z] info Petición Exitosa
[2023-08-02T04:00:53.549Z] info Petición Exitosa
[2023-08-02T04:00:53.612Z] info Petición Exitosa
[2023-08-02T04:00:58.769Z] info Petición Exitosa
[2023-08-02T04:00:58.848Z] info Petición Exitosa
[2023-08-02T04:00:58.895Z] info Petición Exitosa
[2023-08-02T04:01:01.310Z] info Petición Exitosa
[2023-08-02T04:01:01.436Z] info Petición Exitosa
[2023-08-02T04:01:01.484Z] info Petición Exitosa
[2023-08-02T04:01:06.915Z] info Petición Exitosa
[2023-08-02T04:01:06.993Z] info Petición Exitosa
[2023-08-02T04:01:07.041Z] info Petición Exitosa
[2023-08-02T04:01:41.730Z] info Petición Exitosa
[2023-08-02T04:01:41.841Z] info Petición Exitosa
[2023-08-02T04:01:41.933Z] info Petición Exitosa
[2023-08-02T04:01:47.291Z] info Petición Exitosa
[2023-08-02T04:01:47.371Z] info Petición Exitosa
[2023-08-02T04:01:47.418Z] info Petición Exitosa
[2023-08-02T04:01:49.597Z] info Petición Exitosa
[2023-08-02T04:01:49.707Z] info Petición Exitosa
[2023-08-02T04:01:49.768Z] info Petición Exitosa
[2023-08-02T04:02:16.548Z] info Petición Exitosa
[2023-08-02T04:02:16.611Z] info Petición Exitosa
[2023-08-02T04:02:16.658Z] info Petición Exitosa
[2023-08-02T04:02:21.516Z] info Petición Exitosa
[2023-08-02T04:02:21.657Z] info Petición Exitosa
[2023-08-02T04:02:21.704Z] info Petición Exitosa
[2023-08-02T04:02:34.502Z] info Petición Exitosa
[2023-08-02T04:02:34.580Z] info Petición Exitosa
[2023-08-02T04:02:34.627Z] info Petición Exitosa
[2023-08-02T04:02:50.685Z] info Petición Exitosa
[2023-08-02T04:02:50.740Z] info Petición Exitosa
[2023-08-02T04:03:01.608Z] info Petición Exitosa
[2023-08-02T04:03:01.657Z] info Petición Exitosa
[2023-08-02T04:04:08.184Z] info Petición Exitosa
[2023-08-02T04:04:08.278Z] info Petición Exitosa
[2023-08-02T04:04:08.338Z] info Petición Exitosa
[2023-08-02T04:05:01.161Z] info Petición Exitosa
[2023-08-02T04:05:01.381Z] info Petición Exitosa
[2023-08-02T04:05:01.428Z] info Petición Exitosa
[2023-08-02T04:05:15.113Z] info Petición Exitosa
[2023-08-02T04:05:15.253Z] info Petición Exitosa
[2023-08-02T04:05:15.316Z] info Petición Exitosa
[2023-08-02T04:05:34.140Z] info Petición Exitosa
[2023-08-02T04:05:34.264Z] info Petición Exitosa
[2023-08-02T04:05:34.319Z] info Petición Exitosa
[2023-08-02T04:05:40.550Z] info Petición Exitosa
[2023-08-02T04:05:40.591Z] info Petición Exitosa
[2023-08-02T04:06:14.377Z] info Petición Exitosa
[2023-08-02T04:06:14.503Z] info Petición Exitosa
[2023-08-02T04:06:14.566Z] info Petición Exitosa
[2023-08-02T04:06:22.887Z] info Petición Exitosa
[2023-08-02T04:06:22.981Z] info Petición Exitosa
[2023-08-02T04:06:23.027Z] info Petición Exitosa
[2023-08-02T04:06:27.456Z] info Petición Exitosa
[2023-08-02T04:06:27.565Z] info Petición Exitosa
[2023-08-02T04:06:27.611Z] info Petición Exitosa
[2023-08-02T04:06:28.979Z] info Petición Exitosa
[2023-08-02T04:06:29.104Z] info Petición Exitosa
[2023-08-02T04:06:29.152Z] info Petición Exitosa
[2023-08-02T04:06:38.608Z] info Petición Exitosa
[2023-08-02T04:06:38.718Z] info Petición Exitosa
[2023-08-02T04:06:38.781Z] info Petición Exitosa
[2023-08-02T04:06:48.021Z] info Petición Exitosa
[2023-08-02T04:06:48.085Z] info Petición Exitosa
[2023-08-02T04:06:48.132Z] info Petición Exitosa
[2023-08-02T04:06:54.195Z] info Petición Exitosa
[2023-08-02T04:06:54.305Z] info Petición Exitosa
[2023-08-02T04:06:54.353Z] info Petición Exitosa
[2023-08-02T04:07:04.067Z] info Petición Exitosa
[2023-08-02T04:07:04.146Z] info Petición Exitosa
[2023-08-02T04:07:04.195Z] info Petición Exitosa
[2023-08-02T04:07:04.980Z] info Petición Exitosa
[2023-08-02T04:07:05.090Z] info Petición Exitosa
[2023-08-02T04:07:05.167Z] info Petición Exitosa
[2023-08-02T04:07:36.687Z] info Petición Exitosa
[2023-08-02T04:07:36.782Z] info Petición Exitosa
[2023-08-02T04:07:36.844Z] info Petición Exitosa
[2023-08-02T04:09:21.998Z] info Petición Exitosa
[2023-08-02T04:09:22.123Z] info Petición Exitosa
[2023-08-02T04:09:22.200Z] info Petición Exitosa
[2023-08-02T04:09:31.846Z] info Petición Exitosa
[2023-08-02T04:09:32.016Z] info Petición Exitosa
[2023-08-02T04:09:32.073Z] info Petición Exitosa
[2023-08-02T04:09:33.530Z] info Petición Exitosa
[2023-08-02T04:09:33.612Z] info Petición Exitosa
[2023-08-02T04:09:33.668Z] info Petición Exitosa
[2023-08-02T04:09:39.703Z] info Petición Exitosa
[2023-08-02T04:09:39.760Z] info Petición Exitosa
[2023-08-02T04:09:55.983Z] info Petición Exitosa
[2023-08-02T04:09:56.076Z] info Petición Exitosa
[2023-08-02T04:09:56.139Z] info Petición Exitosa
[2023-08-02T04:10:51.241Z] info Petición Exitosa
[2023-08-02T04:10:51.320Z] info Petición Exitosa
[2023-08-02T04:10:51.367Z] info Petición Exitosa
[2023-08-02T04:14:15.781Z] info Petición Exitosa
[2023-08-02T04:14:15.875Z] info Petición Exitosa
[2023-08-02T04:14:15.938Z] info Petición Exitosa
[2023-08-02T04:14:39.816Z] info Petición Exitosa
[2023-08-02T04:14:39.894Z] info Petición Exitosa
[2023-08-02T04:14:39.942Z] info Petición Exitosa
[2023-08-02T04:14:42.168Z] info Petición Exitosa
[2023-08-02T04:14:42.262Z] info Petición Exitosa
[2023-08-02T04:14:42.309Z] info Petición Exitosa
[2023-08-02T04:14:45.590Z] info Petición Exitosa
[2023-08-02T04:14:45.684Z] info Petición Exitosa
[2023-08-02T04:14:45.764Z] info Petición Exitosa
[2023-08-02T04:15:19.038Z] info Petición Exitosa
[2023-08-02T04:15:19.115Z] info Petición Exitosa
[2023-08-02T04:15:19.177Z] info Petición Exitosa
[2023-08-02T04:15:29.239Z] info Petición Exitosa
[2023-08-02T04:15:29.377Z] info Petición Exitosa
[2023-08-02T04:15:29.425Z] info Petición Exitosa
[2023-08-02T04:15:31.730Z] info Petición Exitosa
[2023-08-02T04:15:31.870Z] info Petición Exitosa
[2023-08-02T04:15:31.917Z] info Petición Exitosa
[2023-08-02T04:16:01.592Z] info Petición Exitosa
[2023-08-02T04:16:01.687Z] info Petición Exitosa
[2023-08-02T04:16:01.733Z] info Petición Exitosa
[2023-08-02T04:16:06.058Z] info Petición Exitosa
[2023-08-02T04:16:06.215Z] info Petición Exitosa
[2023-08-02T04:16:06.261Z] info Petición Exitosa
[2023-08-02T04:16:09.739Z] info Petición Exitosa
[2023-08-02T04:16:09.831Z] info Petición Exitosa
[2023-08-02T04:16:09.878Z] info Petición Exitosa
[2023-08-02T04:21:42.963Z] info Petición Exitosa
[2023-08-02T04:21:43.058Z] info Petición Exitosa
[2023-08-02T04:21:43.106Z] info Petición Exitosa
[2023-08-02T04:22:08.062Z] info Petición Exitosa
[2023-08-02T04:22:08.156Z] info Petición Exitosa
[2023-08-02T04:22:08.234Z] info Petición Exitosa
[2023-08-02T04:22:10.633Z] info Petición Exitosa
[2023-08-02T04:22:10.792Z] info Petición Exitosa
[2023-08-02T04:22:10.856Z] info Petición Exitosa
[2023-08-02T04:22:22.990Z] info Petición Exitosa
[2023-08-02T04:22:23.082Z] info Petición Exitosa
[2023-08-02T04:22:23.130Z] info Petición Exitosa
[2023-08-02T04:22:46.363Z] info Petición Exitosa
[2023-08-02T04:22:46.472Z] info Petición Exitosa
[2023-08-02T04:22:46.519Z] info Petición Exitosa
[2023-08-02T04:22:58.922Z] info Petición Exitosa
[2023-08-02T04:22:59.064Z] info Petición Exitosa
[2023-08-02T04:22:59.127Z] info Petición Exitosa
[2023-08-02T04:23:08.719Z] info Petición Exitosa
[2023-08-02T04:23:09.523Z] info Petición Exitosa
[2023-08-02T04:23:09.586Z] info Petición Exitosa
[2023-08-02T04:23:14.461Z] info Petición Exitosa
[2023-08-02T04:23:14.556Z] info Petición Exitosa
[2023-08-02T04:23:14.605Z] info Petición Exitosa
[2023-08-02T04:23:16.905Z] info Petición Exitosa
[2023-08-02T04:23:17.062Z] info Petición Exitosa
[2023-08-02T04:23:17.109Z] info Petición Exitosa
[2023-08-02T04:23:26.104Z] info Petición Exitosa
[2023-08-02T04:23:26.183Z] info Petición Exitosa
[2023-08-02T04:23:26.231Z] info Petición Exitosa
[2023-08-02T04:23:26.982Z] info Petición Exitosa
[2023-08-02T04:23:27.060Z] info Petición Exitosa
[2023-08-02T04:23:27.106Z] info Petición Exitosa
[2023-08-02T04:28:47.594Z] info Petición Exitosa
[2023-08-02T04:28:47.877Z] info Petición Exitosa
[2023-08-02T04:28:47.940Z] info Petición Exitosa
[2023-08-02T04:29:45.565Z] info Petición Exitosa
[2023-08-02T04:29:45.771Z] info Petición Exitosa
[2023-08-02T04:29:45.833Z] info Petición Exitosa
[2023-08-02T04:29:50.235Z] info Petición Exitosa
[2023-08-02T04:29:50.774Z] info Petición Exitosa
[2023-08-02T04:29:50.837Z] info Petición Exitosa
[2023-08-02T04:30:23.754Z] info Petición Exitosa
[2023-08-02T04:30:24.387Z] info Petición Exitosa
[2023-08-02T04:30:24.752Z] info Petición Exitosa
[2023-08-02T04:31:18.662Z] info Petición Exitosa
[2023-08-02T04:31:18.896Z] info Petición Exitosa
[2023-08-02T04:31:18.943Z] info Petición Exitosa
[2023-08-02T04:31:34.740Z] info Petición Exitosa
[2023-08-02T04:31:35.103Z] info Petición Exitosa
[2023-08-02T04:31:35.262Z] info Petición Exitosa
[2023-08-02T04:31:45.497Z] info Petición Exitosa
[2023-08-02T04:31:46.115Z] info Petición Exitosa
[2023-08-02T04:31:46.287Z] info Petición Exitosa
[2023-08-02T04:31:48.446Z] info Petición Exitosa
[2023-08-02T04:31:48.747Z] info Petición Exitosa
[2023-08-02T04:31:48.827Z] info Petición Exitosa
[2023-08-02T04:31:52.799Z] info Petición Exitosa
[2023-08-02T04:31:53.211Z] info Petición Exitosa
[2023-08-02T04:31:53.321Z] info Petición Exitosa
[2023-08-02T04:31:55.294Z] info Petición Exitosa
[2023-08-02T04:31:55.641Z] info Petición Exitosa
[2023-08-02T04:31:55.687Z] info Petición Exitosa
[2023-08-02T04:32:17.351Z] info Petición Exitosa
[2023-08-02T04:32:17.492Z] info Petición Exitosa
[2023-08-02T04:32:17.619Z] info Petición Exitosa
[2023-08-02T04:34:05.891Z] info Petición Exitosa
[2023-08-02T04:34:07.299Z] info Petición Exitosa
[2023-08-02T04:34:07.359Z] info Petición Exitosa
[2023-08-02T04:34:25.031Z] info Petición Exitosa
[2023-08-02T04:34:25.429Z] info Petición Exitosa
[2023-08-02T04:34:25.493Z] info Petición Exitosa
[2023-08-02T04:34:51.167Z] info Petición Exitosa
[2023-08-02T04:34:51.279Z] info Petición Exitosa
[2023-08-02T04:34:51.342Z] info Petición Exitosa
[2023-08-02T04:34:57.525Z] info Petición Exitosa
[2023-08-02T04:34:57.603Z] info Petición Exitosa
[2023-08-02T04:34:57.650Z] info Petición Exitosa
[2023-08-02T04:35:21.501Z] info Petición Exitosa
[2023-08-02T04:35:21.567Z] info Petición Exitosa
[2023-08-02T04:35:21.613Z] info Petición Exitosa
[2023-08-02T05:11:39.735Z] info Petición Exitosa
[2023-08-02T05:11:41.840Z] info Petición Exitosa
[2023-08-02T05:11:41.882Z] info Petición Exitosa
[2023-08-02T05:11:45.382Z] info Petición Exitosa
[2023-08-02T05:11:45.446Z] info Petición Exitosa
[2023-08-02T05:11:45.495Z] info Petición Exitosa
[2023-08-02T05:12:38.681Z] info Petición Exitosa
[2023-08-02T05:12:38.854Z] info Petición Exitosa
[2023-08-02T05:12:38.933Z] info Petición Exitosa
[2023-08-02T05:12:43.163Z] info Petición Exitosa
[2023-08-02T05:12:43.306Z] info Petición Exitosa
[2023-08-02T05:12:43.407Z] info Petición Exitosa
[2023-08-02T05:13:08.913Z] info Petición Exitosa
[2023-08-02T05:13:09.057Z] info Petición Exitosa
[2023-08-02T05:13:09.106Z] info Petición Exitosa
[2023-08-02T05:13:46.936Z] info Petición Exitosa
[2023-08-02T05:13:47.066Z] info Petición Exitosa
[2023-08-02T05:14:03.052Z] info Petición Exitosa
[2023-08-02T05:14:03.163Z] info Petición Exitosa
[2023-08-02T05:14:03.242Z] info Petición Exitosa
[2023-08-02T05:16:59.206Z] info Petición Exitosa
[2023-08-02T05:16:59.285Z] info Petición Exitosa
[2023-08-02T05:16:59.331Z] info Petición Exitosa
[2023-08-02T05:17:01.949Z] info Petición Exitosa
[2023-08-02T05:17:02.061Z] info Petición Exitosa
[2023-08-02T05:17:02.118Z] info Petición Exitosa
[2023-08-02T05:17:13.579Z] info Petición Exitosa
[2023-08-02T05:17:13.657Z] info Petición Exitosa
[2023-08-02T05:17:13.801Z] info Petición Exitosa
[2023-08-02T05:17:41.159Z] info Petición Exitosa
[2023-08-02T05:17:41.268Z] info Petición Exitosa
[2023-08-02T05:17:41.347Z] info Petición Exitosa
[2023-08-02T05:17:45.427Z] info Petición Exitosa
[2023-08-02T05:17:45.567Z] info Petición Exitosa
[2023-08-02T05:17:45.615Z] info Petición Exitosa
[2023-08-02T05:50:04.504Z] info Petición Exitosa
[2023-08-02T05:50:06.602Z] info Petición Exitosa
[2023-08-02T05:50:06.649Z] info Petición Exitosa
[2023-08-02T05:50:34.305Z] info Petición Exitosa
[2023-08-02T05:50:34.478Z] info Petición Exitosa
[2023-08-02T05:50:34.525Z] info Petición Exitosa
[2023-08-02T05:50:37.654Z] info Petición Exitosa
[2023-08-02T05:50:37.827Z] info Petición Exitosa
[2023-08-02T05:50:37.938Z] info Petición Exitosa
[2023-08-02T05:50:42.212Z] info Petición Exitosa
[2023-08-02T05:50:42.336Z] info Petición Exitosa
[2023-08-02T05:50:42.429Z] info Petición Exitosa
[2023-08-02T05:50:47.151Z] info Petición Exitosa
[2023-08-02T05:50:47.310Z] info Petición Exitosa
[2023-08-02T05:50:47.373Z] info Petición Exitosa
[2023-08-02T05:51:34.301Z] info Petición Exitosa
[2023-08-02T05:51:34.393Z] info Petición Exitosa
[2023-08-02T05:51:34.439Z] info Petición Exitosa
[2023-08-02T05:51:53.566Z] info Petición Exitosa
[2023-08-02T05:51:53.723Z] info Petición Exitosa
[2023-08-02T05:51:53.802Z] info Petición Exitosa
[2023-08-02T05:52:04.978Z] info Petición Exitosa
[2023-08-02T05:52:05.058Z] info Petición Exitosa
[2023-08-02T05:52:05.105Z] info Petición Exitosa
[2023-08-02T05:52:26.887Z] info Petición Exitosa
[2023-08-02T05:52:27.029Z] info Petición Exitosa
[2023-08-02T05:52:27.109Z] info Petición Exitosa
[2023-08-02T05:52:37.068Z] info Petición Exitosa
[2023-08-02T05:52:37.222Z] info Petición Exitosa
[2023-08-02T05:52:37.446Z] info Petición Exitosa
[2023-08-02T06:10:41.432Z] info Petición Exitosa
[2023-08-02T06:10:42.715Z] info Petición Exitosa
[2023-08-02T06:10:43.555Z] info Petición Exitosa
[2023-08-02T06:10:43.601Z] info Petición Exitosa
[2023-08-02T06:11:20.390Z] info Petición Exitosa
[2023-08-02T06:11:20.438Z] info Petición Exitosa
[2023-08-02T06:11:41.865Z] info Petición Exitosa
[2023-08-02T06:11:41.912Z] info Petición Exitosa
[2023-08-02T14:13:56.639Z] info Petición Exitosa
[2023-08-02T14:13:56.765Z] info Petición Exitosa
[2023-08-02T14:13:56.907Z] info Petición Exitosa
[2023-08-02T14:14:19.768Z] info Petición Exitosa
[2023-08-02T14:14:19.849Z] info Petición Exitosa
[2023-08-02T14:14:19.890Z] info Petición Exitosa
[2023-08-02T14:15:39.921Z] info Petición Exitosa
[2023-08-02T14:15:39.985Z] info Petición Exitosa
[2023-08-02T14:15:40.031Z] info Petición Exitosa
[2023-08-02T14:17:56.887Z] info Petición Exitosa
[2023-08-02T14:17:56.933Z] info Petición Exitosa
[2023-08-02T14:17:56.981Z] info Petición Exitosa
[2023-08-02T14:18:12.991Z] info Petición Exitosa
[2023-08-02T14:18:13.038Z] info Petición Exitosa
[2023-08-02T14:18:13.084Z] info Petición Exitosa
[2023-08-02T14:18:50.605Z] info Petición Exitosa
[2023-08-02T14:18:50.685Z] info Petición Exitosa
[2023-08-02T14:18:50.732Z] info Petición Exitosa
[2023-08-02T14:18:56.085Z] info Petición Exitosa
[2023-08-02T14:18:56.133Z] info Petición Exitosa
[2023-08-02T14:18:56.179Z] info Petición Exitosa
[2023-08-02T14:19:03.197Z] info Petición Exitosa
[2023-08-02T14:19:03.591Z] info Petición Exitosa
[2023-08-02T14:19:03.637Z] info Petición Exitosa
[2023-08-02T14:20:04.747Z] info Petición Exitosa
[2023-08-02T14:20:04.809Z] info Petición Exitosa
[2023-08-02T14:20:04.857Z] info Petición Exitosa
[2023-08-02T14:20:24.766Z] info Petición Exitosa
[2023-08-02T14:20:24.829Z] info Petición Exitosa
[2023-08-02T14:20:24.877Z] info Petición Exitosa
[2023-08-02T14:20:43.151Z] info Petición Exitosa
[2023-08-02T14:20:43.213Z] info Petición Exitosa
[2023-08-02T14:20:43.275Z] info Petición Exitosa
[2023-08-02T14:20:47.126Z] info Petición Exitosa
[2023-08-02T14:20:47.188Z] info Petición Exitosa
[2023-08-02T14:20:47.267Z] info Petición Exitosa
[2023-08-02T14:20:48.448Z] info Petición Exitosa
[2023-08-02T14:20:48.495Z] info Petición Exitosa
[2023-08-02T14:20:48.543Z] info Petición Exitosa
[2023-08-02T14:20:51.978Z] info Petición Exitosa
[2023-08-02T14:20:52.040Z] info Petición Exitosa
[2023-08-02T14:20:52.087Z] info Petición Exitosa
[2023-08-02T14:21:02.390Z] info Petición Exitosa
[2023-08-02T14:21:02.436Z] info Petición Exitosa
[2023-08-02T14:21:02.499Z] info Petición Exitosa
[2023-08-02T14:23:02.347Z] info Petición Exitosa
[2023-08-02T14:23:02.440Z] info Petición Exitosa
[2023-08-02T14:23:02.519Z] info Petición Exitosa
[2023-08-02T14:23:06.897Z] info Petición Exitosa
[2023-08-02T14:23:06.974Z] info Petición Exitosa
[2023-08-02T14:23:07.021Z] info Petición Exitosa
[2023-08-02T14:23:34.528Z] info Petición Exitosa
[2023-08-02T14:23:34.624Z] info Petición Exitosa
[2023-08-02T14:23:34.704Z] info Petición Exitosa
[2023-08-02T14:24:07.457Z] info Petición Exitosa
[2023-08-02T14:24:07.505Z] info Petición Exitosa
[2023-08-02T14:29:08.721Z] info Petición Exitosa
[2023-08-02T14:29:08.766Z] info Petición Exitosa
[2023-08-02T14:37:35.657Z] info Petición Exitosa
[2023-08-02T14:37:35.731Z] info Petición Exitosa
[2023-08-02T14:37:35.792Z] info Petición Exitosa
[2023-08-02T14:38:04.441Z] info Petición Exitosa
[2023-08-02T14:38:04.489Z] info Petición Exitosa
[2023-08-02T14:38:54.349Z] info Petición Exitosa
[2023-08-02T14:38:54.397Z] info Petición Exitosa
[2023-08-02T14:40:05.817Z] info Petición Exitosa
[2023-08-02T14:40:05.881Z] info Petición Exitosa
[2023-08-02T14:44:36.101Z] info Petición Exitosa
[2023-08-02T14:44:36.179Z] info Petición Exitosa
[2023-08-02T14:44:36.226Z] info Petición Exitosa
[2023-08-02T14:44:36.272Z] info Petición Exitosa
[2023-08-02T14:45:13.351Z] info Petición Exitosa
[2023-08-02T14:45:13.431Z] info Petición Exitosa
[2023-08-02T14:45:13.494Z] info Petición Exitosa
[2023-08-02T14:45:42.271Z] info Petición Exitosa
[2023-08-02T14:45:42.319Z] info Petición Exitosa
[2023-08-02T14:47:49.566Z] info Petición Exitosa
[2023-08-02T14:47:49.644Z] info Petición Exitosa
[2023-08-02T14:47:49.708Z] info Petición Exitosa
[2023-08-02T14:47:50.935Z] info Petición Exitosa
[2023-08-02T14:47:50.982Z] info Petición Exitosa
[2023-08-02T14:47:51.030Z] info Petición Exitosa
[2023-08-02T14:47:51.979Z] info Petición Exitosa
[2023-08-02T14:47:52.441Z] info Petición Exitosa
[2023-08-02T14:47:52.518Z] info Petición Exitosa
[2023-08-02T14:47:53.335Z] info Petición Exitosa
[2023-08-02T14:47:53.445Z] info Petición Exitosa
[2023-08-02T14:47:53.493Z] info Petición Exitosa
[2023-08-02T14:48:03.991Z] info Petición Exitosa
[2023-08-02T14:48:04.071Z] info Petición Exitosa
[2023-08-02T14:48:04.135Z] info Petición Exitosa
[2023-08-02T14:48:08.385Z] info Petición Exitosa
[2023-08-02T14:48:08.478Z] info Petición Exitosa
[2023-08-02T14:48:08.526Z] info Petición Exitosa
[2023-08-02T14:48:11.582Z] info Petición Exitosa
[2023-08-02T14:48:11.661Z] info Petición Exitosa
[2023-08-02T14:48:11.709Z] info Petición Exitosa
[2023-08-02T14:48:14.654Z] info Petición Exitosa
[2023-08-02T14:48:14.734Z] info Petición Exitosa
[2023-08-02T14:48:14.796Z] info Petición Exitosa
[2023-08-02T14:48:21.411Z] info Petición Exitosa
[2023-08-02T14:48:21.488Z] info Petición Exitosa
[2023-08-02T14:48:21.536Z] info Petición Exitosa
[2023-08-02T14:48:34.153Z] info Petición Exitosa
[2023-08-02T14:48:34.215Z] info Petición Exitosa
[2023-08-02T14:48:34.279Z] info Petición Exitosa
[2023-08-02T14:49:24.411Z] info Petición Exitosa
[2023-08-02T14:49:24.504Z] info Petición Exitosa
[2023-08-02T14:49:24.552Z] info Petición Exitosa
[2023-08-02T14:49:28.055Z] info Petición Exitosa
[2023-08-02T14:49:28.116Z] info Petición Exitosa
[2023-08-02T14:49:28.162Z] info Petición Exitosa
[2023-08-02T14:49:33.615Z] info Petición Exitosa
[2023-08-02T14:49:33.677Z] info Petición Exitosa
[2023-08-02T14:49:33.725Z] info Petición Exitosa
[2023-08-02T14:50:13.915Z] info Petición Exitosa
[2023-08-02T14:50:13.979Z] info Petición Exitosa
[2023-08-02T14:50:14.026Z] info Petición Exitosa
[2023-08-02T14:50:16.938Z] info Petición Exitosa
[2023-08-02T14:50:17.031Z] info Petición Exitosa
[2023-08-02T14:50:17.078Z] info Petición Exitosa
[2023-08-02T14:50:21.836Z] info Petición Exitosa
[2023-08-02T14:50:21.914Z] info Petición Exitosa
[2023-08-02T14:50:21.978Z] info Petición Exitosa
[2023-08-02T14:50:23.256Z] info Petición Exitosa
[2023-08-02T14:50:23.333Z] info Petición Exitosa
[2023-08-02T14:50:23.380Z] info Petición Exitosa
[2023-08-02T14:50:28.300Z] info Petición Exitosa
[2023-08-02T14:50:28.380Z] info Petición Exitosa
[2023-08-02T14:50:28.426Z] info Petición Exitosa
[2023-08-02T14:50:34.281Z] info Petición Exitosa
[2023-08-02T14:50:34.346Z] info Petición Exitosa
[2023-08-02T14:50:34.408Z] info Petición Exitosa
[2023-08-02T14:50:39.944Z] info Petición Exitosa
[2023-08-02T14:50:40.007Z] info Petición Exitosa
[2023-08-02T14:50:40.054Z] info Petición Exitosa
[2023-08-02T14:50:41.305Z] info Petición Exitosa
[2023-08-02T14:50:41.383Z] info Petición Exitosa
[2023-08-02T14:50:41.447Z] info Petición Exitosa
[2023-08-02T14:50:45.651Z] info Petición Exitosa
[2023-08-02T14:50:45.729Z] info Petición Exitosa
[2023-08-02T14:50:45.793Z] info Petición Exitosa
[2023-08-02T14:50:48.866Z] info Petición Exitosa
[2023-08-02T14:50:48.943Z] info Petición Exitosa
[2023-08-02T14:50:48.991Z] info Petición Exitosa
[2023-08-02T14:50:56.757Z] info Petición Exitosa
[2023-08-02T14:50:56.835Z] info Petición Exitosa
[2023-08-02T14:50:56.881Z] info Petición Exitosa
[2023-08-02T14:50:59.752Z] info Petición Exitosa
[2023-08-02T14:50:59.826Z] info Petición Exitosa
[2023-08-02T14:50:59.887Z] info Petición Exitosa
[2023-08-02T14:51:41.253Z] info Petición Exitosa
[2023-08-02T14:51:41.317Z] info Petición Exitosa
[2023-08-02T14:51:41.365Z] info Petición Exitosa
[2023-08-02T14:51:44.153Z] info Petición Exitosa
[2023-08-02T14:51:44.217Z] info Petición Exitosa
[2023-08-02T14:51:44.249Z] info Petición Exitosa
[2023-08-02T14:52:33.974Z] info Petición Exitosa
[2023-08-02T14:52:34.084Z] info Petición Exitosa
[2023-08-02T14:52:34.132Z] info Petición Exitosa
[2023-08-02T14:52:36.393Z] info Petición Exitosa
[2023-08-02T14:52:36.471Z] info Petición Exitosa
[2023-08-02T14:52:36.518Z] info Petición Exitosa
[2023-08-02T14:52:44.320Z] info Petición Exitosa
[2023-08-02T14:52:44.400Z] info Petición Exitosa
[2023-08-02T14:52:44.448Z] info Petición Exitosa
[2023-08-02T14:52:54.430Z] info Petición Exitosa
[2023-08-02T14:52:54.509Z] info Petición Exitosa
[2023-08-02T14:52:54.541Z] info Petición Exitosa
[2023-08-02T14:52:55.791Z] info Petición Exitosa
[2023-08-02T14:52:55.869Z] info Petición Exitosa
[2023-08-02T14:52:55.916Z] info Petición Exitosa
[2023-08-02T14:52:57.168Z] info Petición Exitosa
[2023-08-02T14:52:57.247Z] info Petición Exitosa
[2023-08-02T14:52:57.308Z] info Petición Exitosa
[2023-08-02T14:53:00.673Z] info Petición Exitosa
[2023-08-02T14:53:00.753Z] info Petición Exitosa
[2023-08-02T14:53:00.801Z] info Petición Exitosa
[2023-08-02T14:53:09.544Z] info Petición Exitosa
[2023-08-02T14:53:09.623Z] info Petición Exitosa
[2023-08-02T14:53:09.670Z] info Petición Exitosa
[2023-08-02T14:53:10.925Z] info Petición Exitosa
[2023-08-02T14:53:11.022Z] info Petición Exitosa
[2023-08-02T14:53:11.069Z] info Petición Exitosa
[2023-08-02T14:53:23.981Z] info Petición Exitosa
[2023-08-02T14:53:24.075Z] info Petición Exitosa
[2023-08-02T14:53:24.123Z] info Petición Exitosa
[2023-08-02T14:53:46.088Z] info Petición Exitosa
[2023-08-02T14:53:46.165Z] info Petición Exitosa
[2023-08-02T14:53:46.197Z] info Petición Exitosa
[2023-08-02T14:55:20.234Z] info Petición Exitosa
[2023-08-02T14:55:20.296Z] info Petición Exitosa
[2023-08-02T14:55:20.328Z] info Petición Exitosa
[2023-08-02T14:55:30.960Z] info Petición Exitosa
[2023-08-02T14:55:31.007Z] info Petición Exitosa
[2023-08-02T14:55:31.054Z] info Petición Exitosa
[2023-08-02T14:55:41.155Z] info Petición Exitosa
[2023-08-02T14:55:41.202Z] info Petición Exitosa
[2023-08-02T14:55:41.265Z] info Petición Exitosa
[2023-08-02T14:55:52.029Z] info Petición Exitosa
[2023-08-02T14:55:52.092Z] info Petición Exitosa
[2023-08-02T14:55:52.156Z] info Petición Exitosa
[2023-08-02T14:56:20.200Z] info Petición Exitosa
[2023-08-02T14:56:21.009Z] info Petición Exitosa
[2023-08-02T14:56:21.056Z] info Petición Exitosa
[2023-08-02T14:56:21.088Z] info Petición Exitosa
[2023-08-02T14:56:30.211Z] info Petición Exitosa
[2023-08-02T14:56:30.259Z] info Petición Exitosa
[2023-08-02T14:56:30.322Z] info Petición Exitosa
[2023-08-02T14:56:55.469Z] info Petición Exitosa
[2023-08-02T14:56:55.531Z] info Petición Exitosa
[2023-08-02T14:56:55.579Z] info Petición Exitosa
[2023-08-02T14:58:14.300Z] info Petición Exitosa
[2023-08-02T14:58:14.348Z] info Petición Exitosa
[2023-08-02T14:58:14.412Z] info Petición Exitosa
[2023-08-02T15:02:55.334Z] info Petición Exitosa
[2023-08-02T15:02:55.462Z] info Petición Exitosa
[2023-08-02T15:02:55.493Z] info Petición Exitosa
[2023-08-02T15:03:05.809Z] info Petición Exitosa
[2023-08-02T15:03:05.873Z] info Petición Exitosa
[2023-08-02T15:03:05.936Z] info Petición Exitosa
[2023-08-02T15:03:08.448Z] info Petición Exitosa
[2023-08-02T15:03:08.543Z] info Petición Exitosa
[2023-08-02T15:03:08.591Z] info Petición Exitosa
[2023-08-02T15:03:26.154Z] info Petición Exitosa
[2023-08-02T15:03:26.200Z] info Petición Exitosa
[2023-08-02T15:03:26.264Z] info Petición Exitosa
[2023-08-02T15:03:39.012Z] info Petición Exitosa
[2023-08-02T15:03:39.076Z] info Petición Exitosa
[2023-08-02T15:03:39.109Z] info Petición Exitosa
[2023-08-02T15:03:40.365Z] info Petición Exitosa
[2023-08-02T15:03:40.412Z] info Petición Exitosa
[2023-08-02T15:03:40.443Z] info Petición Exitosa
[2023-08-02T15:04:14.294Z] info Petición Exitosa
[2023-08-02T15:04:14.342Z] info Petición Exitosa
[2023-08-02T15:04:14.374Z] info Petición Exitosa
[2023-08-02T15:04:54.267Z] info Petición Exitosa
[2023-08-02T15:04:54.313Z] info Petición Exitosa
[2023-08-02T15:04:54.377Z] info Petición Exitosa
[2023-08-02T15:05:03.949Z] info Petición Exitosa
[2023-08-02T15:05:04.012Z] info Petición Exitosa
[2023-08-02T15:05:04.218Z] info Petición Exitosa
[2023-08-02T15:05:18.860Z] info Petición Exitosa
[2023-08-02T15:05:18.907Z] info Petición Exitosa
[2023-08-02T15:05:18.954Z] info Petición Exitosa
[2023-08-02T15:05:25.191Z] info Petición Exitosa
[2023-08-02T15:05:25.244Z] info Petición Exitosa
[2023-08-02T15:05:25.291Z] info Petición Exitosa
[2023-08-02T15:05:36.969Z] info Petición Exitosa
[2023-08-02T15:05:37.017Z] info Petición Exitosa
[2023-08-02T15:07:42.670Z] info Petición Exitosa
[2023-08-02T15:07:42.716Z] info Petición Exitosa
[2023-08-02T15:07:42.762Z] info Petición Exitosa
[2023-08-02T15:07:57.786Z] info Petición Exitosa
[2023-08-02T15:07:57.833Z] info Petición Exitosa
[2023-08-02T15:07:57.878Z] info Petición Exitosa
[2023-08-02T15:07:58.947Z] info Petición Exitosa
[2023-08-02T15:07:58.994Z] info Petición Exitosa
[2023-08-02T15:07:59.026Z] info Petición Exitosa
[2023-08-02T15:08:02.897Z] info Petición Exitosa
[2023-08-02T15:08:02.942Z] info Petición Exitosa
[2023-08-02T15:08:02.974Z] info Petición Exitosa
[2023-08-02T15:08:20.876Z] info Petición Exitosa
[2023-08-02T15:08:20.923Z] info Petición Exitosa
[2023-08-02T15:08:44.371Z] info Petición Exitosa
[2023-08-02T15:08:44.466Z] info Petición Exitosa
[2023-08-02T15:08:44.511Z] info Petición Exitosa
[2023-08-02T15:13:03.156Z] info Petición Exitosa
[2023-08-02T15:13:03.219Z] info Petición Exitosa
[2023-08-02T15:13:03.281Z] info Petición Exitosa
[2023-08-02T15:13:07.723Z] info Petición Exitosa
[2023-08-02T15:13:07.802Z] info Petición Exitosa
[2023-08-02T15:13:07.848Z] info Petición Exitosa
[2023-08-02T15:15:22.382Z] info Petición Exitosa
[2023-08-02T15:15:22.461Z] info Petición Exitosa
[2023-08-02T15:15:22.540Z] info Petición Exitosa
[2023-08-02T15:15:40.987Z] info Petición Exitosa
[2023-08-02T15:15:41.082Z] info Petición Exitosa
[2023-08-02T15:15:41.146Z] info Petición Exitosa
[2023-08-02T15:15:42.202Z] info Petición Exitosa
[2023-08-02T15:15:42.280Z] info Petición Exitosa
[2023-08-02T15:15:42.341Z] info Petición Exitosa
[2023-08-02T15:15:58.821Z] info Petición Exitosa
[2023-08-02T15:15:58.869Z] info Petición Exitosa
[2023-08-02T15:15:58.917Z] info Petición Exitosa
[2023-08-02T15:16:36.663Z] info Petición Exitosa
[2023-08-02T15:16:36.756Z] info Petición Exitosa
[2023-08-02T15:16:36.819Z] info Petición Exitosa
[2023-08-02T15:24:09.650Z] info Petición Exitosa
[2023-08-02T15:24:09.713Z] info Petición Exitosa
[2023-08-02T15:24:09.760Z] info Petición Exitosa
[2023-08-02T15:24:20.679Z] info Petición Exitosa
[2023-08-02T15:24:20.837Z] info Petición Exitosa
[2023-08-02T15:24:20.885Z] info Petición Exitosa
[2023-08-02T15:25:09.616Z] info Petición Exitosa
[2023-08-02T15:25:09.723Z] info Petición Exitosa
[2023-08-02T15:25:09.772Z] info Petición Exitosa
[2023-08-02T15:25:10.880Z] info Petición Exitosa
[2023-08-02T15:25:11.038Z] info Petición Exitosa
[2023-08-02T15:25:11.102Z] info Petición Exitosa
[2023-08-02T15:25:12.430Z] info Petición Exitosa
[2023-08-02T15:25:12.540Z] info Petición Exitosa
[2023-08-02T15:25:12.604Z] info Petición Exitosa
[2023-08-02T15:25:13.964Z] info Petición Exitosa
[2023-08-02T15:25:14.082Z] info Petición Exitosa
[2023-08-02T15:25:14.137Z] info Petición Exitosa
[2023-08-02T15:25:29.315Z] info Petición Exitosa
[2023-08-02T15:25:29.393Z] info Petición Exitosa
[2023-08-02T15:25:29.440Z] info Petición Exitosa
[2023-08-02T15:25:59.688Z] info Petición Exitosa
[2023-08-02T15:25:59.774Z] info Petición Exitosa
[2023-08-02T15:25:59.822Z] info Petición Exitosa
[2023-08-02T15:26:30.742Z] info Petición Exitosa
[2023-08-02T15:26:30.805Z] info Petición Exitosa
[2023-08-02T15:26:30.852Z] info Petición Exitosa
[2023-08-02T15:26:31.869Z] info Petición Exitosa
[2023-08-02T15:26:32.042Z] info Petición Exitosa
[2023-08-02T15:26:32.105Z] info Petición Exitosa
[2023-08-02T15:26:34.239Z] info Petición Exitosa
[2023-08-02T15:26:34.682Z] info Petición Exitosa
[2023-08-02T15:26:34.729Z] info Petición Exitosa
[2023-08-02T15:26:35.696Z] info Petición Exitosa
[2023-08-02T15:26:35.823Z] info Petición Exitosa
[2023-08-02T15:26:35.902Z] info Petición Exitosa
[2023-08-02T15:26:39.894Z] info Petición Exitosa
[2023-08-02T15:26:40.019Z] info Petición Exitosa
[2023-08-02T15:26:40.066Z] info Petición Exitosa
[2023-08-02T15:26:41.242Z] info Petición Exitosa
[2023-08-02T15:26:41.400Z] info Petición Exitosa
[2023-08-02T15:26:41.448Z] info Petición Exitosa
[2023-08-02T15:26:57.114Z] info Petición Exitosa
[2023-08-02T15:26:57.225Z] info Petición Exitosa
[2023-08-02T15:26:57.272Z] info Petición Exitosa
[2023-08-02T15:26:58.582Z] info Petición Exitosa
[2023-08-02T15:26:58.726Z] info Petición Exitosa
[2023-08-02T15:26:58.774Z] info Petición Exitosa
[2023-08-02T15:26:59.931Z] info Petición Exitosa
[2023-08-02T15:27:00.342Z] info Petición Exitosa
[2023-08-02T15:27:00.390Z] info Petición Exitosa
[2023-08-02T15:27:01.478Z] info Petición Exitosa
[2023-08-02T15:27:01.587Z] info Petición Exitosa
[2023-08-02T15:27:01.633Z] info Petición Exitosa
[2023-08-02T15:27:03.138Z] info Petición Exitosa
[2023-08-02T15:27:03.281Z] info Petición Exitosa
[2023-08-02T15:27:03.328Z] info Petición Exitosa
[2023-08-02T15:27:04.371Z] info Petición Exitosa
[2023-08-02T15:27:04.497Z] info Petición Exitosa
[2023-08-02T15:27:04.544Z] info Petición Exitosa
[2023-08-02T15:27:08.748Z] info Petición Exitosa
[2023-08-02T15:27:08.856Z] info Petición Exitosa
[2023-08-02T15:27:08.913Z] info Petición Exitosa
[2023-08-02T15:28:04.357Z] info Petición Exitosa
[2023-08-02T15:28:04.469Z] info Petición Exitosa
[2023-08-02T15:28:04.516Z] info Petición Exitosa
[2023-08-02T15:28:05.811Z] info Petición Exitosa
[2023-08-02T15:28:05.952Z] info Petición Exitosa
[2023-08-02T15:28:06.015Z] info Petición Exitosa
[2023-08-02T15:28:21.801Z] info Petición Exitosa
[2023-08-02T15:28:21.912Z] info Petición Exitosa
[2023-08-02T15:28:21.960Z] info Petición Exitosa
[2023-08-02T15:28:37.997Z] info Petición Exitosa
[2023-08-02T15:28:38.172Z] info Petición Exitosa
[2023-08-02T15:28:38.235Z] info Petición Exitosa
[2023-08-02T15:28:41.825Z] info Petición Exitosa
[2023-08-02T15:28:41.903Z] info Petición Exitosa
[2023-08-02T15:28:41.950Z] info Petición Exitosa
[2023-08-02T15:28:44.367Z] info Petición Exitosa
[2023-08-02T15:28:44.489Z] info Petición Exitosa
[2023-08-02T15:28:44.560Z] info Petición Exitosa
[2023-08-02T15:29:05.920Z] info Petición Exitosa
[2023-08-02T15:29:06.061Z] info Petición Exitosa
[2023-08-02T15:29:06.103Z] info Petición Exitosa
[2023-08-02T15:29:20.369Z] info Petición Exitosa
[2023-08-02T15:29:20.544Z] info Petición Exitosa
[2023-08-02T15:29:20.638Z] info Petición Exitosa
[2023-08-02T15:29:25.725Z] info Petición Exitosa
[2023-08-02T15:29:25.850Z] info Petición Exitosa
[2023-08-02T15:29:25.914Z] info Petición Exitosa
[2023-08-02T15:29:31.274Z] info Petición Exitosa
[2023-08-02T15:29:31.385Z] info Petición Exitosa
[2023-08-02T15:29:31.449Z] info Petición Exitosa
[2023-08-02T15:29:36.530Z] info Petición Exitosa
[2023-08-02T15:29:36.607Z] info Petición Exitosa
[2023-08-02T15:29:36.655Z] info Petición Exitosa
[2023-08-02T15:30:12.710Z] info Petición Exitosa
[2023-08-02T15:30:12.804Z] info Petición Exitosa
[2023-08-02T15:30:12.851Z] info Petición Exitosa
[2023-08-02T15:30:16.105Z] info Petición Exitosa
[2023-08-02T15:30:16.247Z] info Petición Exitosa
[2023-08-02T15:30:16.294Z] info Petición Exitosa
[2023-08-02T15:30:32.763Z] info Petición Exitosa
[2023-08-02T15:30:33.204Z] info Petición Exitosa
[2023-08-02T15:30:33.251Z] info Petición Exitosa
[2023-08-02T15:30:34.225Z] info Petición Exitosa
[2023-08-02T15:30:34.397Z] info Petición Exitosa
[2023-08-02T15:30:34.476Z] info Petición Exitosa
[2023-08-02T15:30:35.565Z] info Petición Exitosa
[2023-08-02T15:30:35.692Z] info Petición Exitosa
[2023-08-02T15:30:35.739Z] info Petición Exitosa
[2023-08-02T15:30:39.743Z] info Petición Exitosa
[2023-08-02T15:30:39.870Z] info Petición Exitosa
[2023-08-02T15:30:39.917Z] info Petición Exitosa
[2023-08-02T15:30:47.813Z] info Petición Exitosa
[2023-08-02T15:30:47.908Z] info Petición Exitosa
[2023-08-02T15:30:47.955Z] info Petición Exitosa
[2023-08-02T15:30:48.775Z] info Petición Exitosa
[2023-08-02T15:30:48.884Z] info Petición Exitosa
[2023-08-02T15:30:48.946Z] info Petición Exitosa
[2023-08-02T15:30:55.564Z] info Petición Exitosa
[2023-08-02T15:30:55.690Z] info Petición Exitosa
[2023-08-02T15:30:55.738Z] info Petición Exitosa
[2023-08-02T15:30:59.323Z] info Petición Exitosa
[2023-08-02T15:30:59.386Z] info Petición Exitosa
[2023-08-02T15:30:59.434Z] info Petición Exitosa
[2023-08-02T15:31:15.695Z] info Petición Exitosa
[2023-08-02T15:31:15.805Z] info Petición Exitosa
[2023-08-02T15:31:15.852Z] info Petición Exitosa
[2023-08-02T15:31:21.590Z] info Petición Exitosa
[2023-08-02T15:31:21.716Z] info Petición Exitosa
[2023-08-02T15:31:21.763Z] info Petición Exitosa
[2023-08-02T15:31:24.077Z] info Petición Exitosa
[2023-08-02T15:31:24.189Z] info Petición Exitosa
[2023-08-02T15:31:24.237Z] info Petición Exitosa
[2023-08-02T15:31:36.699Z] info Petición Exitosa
[2023-08-02T15:31:36.809Z] info Petición Exitosa
[2023-08-02T15:31:36.857Z] info Petición Exitosa
[2023-08-02T15:36:03.465Z] info Petición Exitosa
[2023-08-02T15:36:03.798Z] info Petición Exitosa
[2023-08-02T15:36:03.862Z] info Petición Exitosa
[2023-08-02T15:37:20.157Z] info Petición Exitosa
[2023-08-02T15:37:20.724Z] info Petición Exitosa
[2023-08-02T15:37:20.786Z] info Petición Exitosa
[2023-08-02T15:37:23.496Z] info Petición Exitosa
[2023-08-02T15:37:23.915Z] info Petición Exitosa
[2023-08-02T15:37:23.963Z] info Petición Exitosa
[2023-08-02T15:39:11.801Z] info Petición Exitosa
[2023-08-02T15:39:12.130Z] info Petición Exitosa
[2023-08-02T15:39:12.193Z] info Petición Exitosa
[2023-08-02T15:39:17.595Z] info Petición Exitosa
[2023-08-02T15:39:18.223Z] info Petición Exitosa
[2023-08-02T15:39:18.270Z] info Petición Exitosa
[2023-08-02T15:39:24.929Z] info Petición Exitosa
[2023-08-02T15:39:25.209Z] info Petición Exitosa
[2023-08-02T15:39:25.286Z] info Petición Exitosa
[2023-08-02T15:39:36.838Z] info Petición Exitosa
[2023-08-02T15:39:37.172Z] info Petición Exitosa
[2023-08-02T15:39:37.250Z] info Petición Exitosa
[2023-08-02T15:39:40.365Z] info Petición Exitosa
[2023-08-02T15:39:40.677Z] info Petición Exitosa
[2023-08-02T15:39:40.757Z] info Petición Exitosa
[2023-08-02T15:39:45.364Z] info Petición Exitosa
[2023-08-02T15:39:45.709Z] info Petición Exitosa
[2023-08-02T15:39:45.866Z] info Petición Exitosa
[2023-08-02T15:39:59.579Z] info Petición Exitosa
[2023-08-02T15:40:00.003Z] info Petición Exitosa
[2023-08-02T15:40:00.175Z] info Petición Exitosa
[2023-08-02T15:40:06.658Z] info Petición Exitosa
[2023-08-02T15:40:06.738Z] info Petición Exitosa
[2023-08-02T15:40:06.802Z] info Petición Exitosa
[2023-08-02T15:40:17.360Z] info Petición Exitosa
[2023-08-02T15:40:17.407Z] info Petición Exitosa
[2023-08-02T15:40:55.611Z] info Petición Exitosa
[2023-08-02T15:40:55.707Z] info Petición Exitosa
[2023-08-02T15:40:55.755Z] info Petición Exitosa
[2023-08-02T15:41:05.042Z] info Petición Exitosa
[2023-08-02T15:41:05.089Z] info Petición Exitosa
[2023-08-02T15:41:16.481Z] info Petición Exitosa
[2023-08-02T15:41:16.658Z] info Petición Exitosa
[2023-08-02T15:41:52.886Z] info Petición Exitosa
[2023-08-02T15:41:52.995Z] info Petición Exitosa
[2023-08-02T15:41:53.057Z] info Petición Exitosa
[2023-08-02T15:42:04.451Z] info Petición Exitosa
[2023-08-02T15:42:04.498Z] info Petición Exitosa
[2023-08-02T15:42:23.770Z] info Petición Exitosa
[2023-08-02T15:42:23.862Z] info Petición Exitosa
[2023-08-02T15:42:23.926Z] info Petición Exitosa
[2023-08-02T15:42:28.060Z] info Petición Exitosa
[2023-08-02T15:42:28.235Z] info Petición Exitosa
[2023-08-02T15:42:28.344Z] info Petición Exitosa
[2023-08-02T15:43:53.056Z] info Petición Exitosa
[2023-08-02T15:43:53.751Z] info Petición Exitosa
[2023-08-02T15:43:53.904Z] info Petición Exitosa
[2023-08-02T15:44:13.348Z] info Petición Exitosa
[2023-08-02T15:44:13.586Z] info Petición Exitosa
[2023-08-02T15:44:13.648Z] info Petición Exitosa
[2023-08-02T15:44:22.594Z] info Petición Exitosa
[2023-08-02T15:44:22.973Z] info Petición Exitosa
[2023-08-02T15:44:23.053Z] info Petición Exitosa
[2023-08-02T15:44:37.062Z] info Petición Exitosa
[2023-08-02T15:44:37.103Z] info Petición Exitosa
[2023-08-02T15:44:57.238Z] info Petición Exitosa
[2023-08-02T15:44:57.334Z] info Petición Exitosa
[2023-08-02T15:44:57.381Z] info Petición Exitosa
[2023-08-02T15:45:00.025Z] info Petición Exitosa
[2023-08-02T15:45:00.184Z] info Petición Exitosa
[2023-08-02T15:45:00.239Z] info Petición Exitosa
[2023-08-02T15:47:51.389Z] info Petición Exitosa
[2023-08-02T15:47:51.437Z] info Petición Exitosa
[2023-08-02T15:48:08.341Z] info Petición Exitosa
[2023-08-02T15:48:08.404Z] info Petición Exitosa
