[2023-07-20T15:12:41.574Z] info Petición exitosa
<<<<<<<<< Temporary merge branch 1
[2023-07-20T18:05:07.924Z] info Petición exitosa
=========
[2023-07-31T00:55:44.484Z] info Petición exitosa
[2023-07-31T00:58:27.934Z] info La categoria ha sido actualizada
[2023-07-31T00:58:35.135Z] info La categoria ha sido actualizada
>>>>>>>>> Temporary merge branch 2
[2023-08-02T15:06:38.813Z] info Petición exitosa
[2023-08-02T15:08:20.710Z] info Petición exitosa
[2023-08-02T15:34:06.657Z] info Petición exitosa
[2023-08-02T15:41:05.003Z] info Petición exitosa
[2023-08-02T15:50:51.128Z] info Petición exitosa
[2023-08-02T16:00:26.116Z] info Petición exitosa
[2023-08-02T16:00:38.134Z] info Petición exitosa
[2023-08-02T16:01:00.348Z] info Petición exitosa
[2023-08-02T16:01:58.058Z] info Petición exitosa
[2023-08-02T16:03:40.809Z] info Petición exitosa
[2023-08-02T16:03:44.404Z] info Petición exitosa
[2023-08-02T16:14:23.242Z] info Petición exitosa
[2023-08-02T16:14:42.852Z] info Petición exitosa
[2023-08-02T16:15:24.405Z] info Petición exitosa
[2023-08-02T16:17:44.656Z] info Petición exitosa
[2023-08-02T16:19:03.653Z] info Petición exitosa
[2023-08-02T16:29:58.820Z] info Petición exitosa
