<<<<<<< HEAD
[2023-08-03T17:26:41.794Z] info Petición Exitosa
[2023-08-03T17:26:44.504Z] info Petición Exitosa
=======
[2023-08-03T17:21:45.587Z] info Petición Exitosa
[2023-08-03T17:25:49.472Z] info Petición Exitosa
[2023-08-03T17:27:50.978Z] info Petición Exitosa
[2023-08-03T17:34:51.830Z] info Petición Exitosa
[2023-08-03T17:35:37.075Z] info Petición Exitosa
[2023-08-03T17:36:10.461Z] info Petición Exitosa
[2023-08-03T17:36:26.436Z] info Petición Exitosa
[2023-08-03T17:36:55.890Z] info Petición Exitosa
[2023-08-03T17:37:30.157Z] info Petición Exitosa
[2023-08-03T17:49:49.697Z] info Petición Exitosa
[2023-08-03T17:50:25.732Z] info Petición Exitosa
[2023-08-03T17:51:22.576Z] info Petición Exitosa
[2023-08-03T17:51:57.907Z] info Petición Exitosa
[2023-08-03T17:52:45.848Z] info Petición Exitosa
[2023-08-03T17:53:14.120Z] info Petición Exitosa
>>>>>>> ed55fb1b128629123ed9000a546d3e3a5ce4b9a0
[2023-08-03T20:48:53.063Z] info Petición Exitosa
[2023-08-03T20:48:57.552Z] info Petición Exitosa
[2023-08-03T20:49:04.348Z] info El carrito-producto ha sido agregado
[2023-08-03T20:49:05.882Z] info Petición Exitosa
[2023-08-03T20:49:15.857Z] info El carrito-producto ha sido actualizado
[2023-08-03T20:49:38.578Z] info Petición Exitosa
[2023-08-03T21:18:20.444Z] info Petición Exitosa
[2023-08-03T21:18:32.957Z] info Petición Exitosa
[2023-08-03T21:18:36.287Z] info El carrito-producto ha sido actualizado
[2023-08-03T21:20:55.838Z] info Petición Exitosa
[2023-08-03T21:21:03.708Z] info Petición Exitosa
[2023-08-03T21:21:24.768Z] info Petición Exitosa
[2023-08-03T21:22:33.198Z] info Petición Exitosa
[2023-08-03T21:23:17.350Z] info Petición Exitosa
[2023-08-03T21:23:21.812Z] info Petición Exitosa
[2023-08-03T21:23:32.589Z] info Petición Exitosa
[2023-08-03T21:38:39.268Z] info Petición Exitosa
[2023-08-03T21:41:36.747Z] info Petición Exitosa
[2023-08-03T21:52:49.998Z] info Petición Exitosa
[2023-08-03T21:52:54.335Z] info Petición Exitosa
[2023-08-03T21:56:29.685Z] info Petición Exitosa
[2023-08-03T21:56:31.526Z] info Petición Exitosa
[2023-08-03T21:56:55.852Z] info Petición Exitosa
[2023-08-03T21:57:40.589Z] info Petición Exitosa
[2023-08-03T21:58:19.017Z] info Petición Exitosa
[2023-08-03T21:58:22.393Z] info Petición Exitosa
[2023-08-03T21:58:27.232Z] info Petición Exitosa
[2023-08-03T21:58:58.673Z] info Petición Exitosa
[2023-08-03T21:59:08.610Z] info Petición Exitosa
[2023-08-03T22:00:21.701Z] info Petición Exitosa
[2023-08-03T22:00:29.308Z] info Petición Exitosa
[2023-08-03T22:00:34.259Z] info Petición Exitosa
[2023-08-03T22:07:43.056Z] info Petición Exitosa
[2023-08-03T22:07:48.135Z] info Petición Exitosa
[2023-08-03T22:07:51.179Z] info Petición Exitosa
[2023-08-03T22:15:13.179Z] info Petición Exitosa
[2023-08-03T22:15:19.588Z] info Petición Exitosa
[2023-08-03T22:15:44.011Z] info Petición Exitosa
[2023-08-03T22:15:52.223Z] info Petición Exitosa
[2023-08-03T22:18:03.669Z] info Petición Exitosa
[2023-08-03T22:18:14.857Z] info Petición Exitosa
[2023-08-03T22:18:33.120Z] info Petición Exitosa
[2023-08-03T22:20:29.406Z] info Petición Exitosa
[2023-08-03T22:21:36.785Z] info Petición Exitosa
[2023-08-03T22:22:10.386Z] info Petición Exitosa
[2023-08-03T22:24:50.717Z] info Petición Exitosa
[2023-08-03T22:28:04.035Z] info Petición Exitosa
[2023-08-03T22:29:15.769Z] info Petición Exitosa
[2023-08-03T22:29:24.022Z] info Petición Exitosa
[2023-08-03T22:31:54.192Z] info Petición Exitosa
[2023-08-03T22:32:14.717Z] info Petición Exitosa
[2023-08-03T22:32:16.846Z] info Petición Exitosa
[2023-08-03T22:32:28.332Z] info Petición Exitosa
[2023-08-03T22:32:30.523Z] info Petición Exitosa
[2023-08-03T22:32:46.294Z] info Petición Exitosa
[2023-08-03T22:32:56.839Z] info Petición Exitosa
[2023-08-03T22:33:45.321Z] info Petición Exitosa
[2023-08-03T22:37:17.467Z] info Petición Exitosa
[2023-08-03T22:37:21.884Z] info El carrito-producto ha sido agregado
[2023-08-03T22:37:21.931Z] info Petición Exitosa
[2023-08-03T22:39:25.706Z] info Petición Exitosa
[2023-08-03T22:39:36.063Z] info Petición Exitosa
[2023-08-03T22:39:40.252Z] info Petición Exitosa
[2023-08-03T22:39:44.874Z] info Petición Exitosa
[2023-08-03T22:44:17.405Z] info Petición Exitosa
[2023-08-03T22:44:17.434Z] info Petición Exitosa
[2023-08-03T22:45:03.000Z] info Petición Exitosa
[2023-08-03T22:45:03.016Z] info Petición Exitosa
[2023-08-03T22:46:17.801Z] info Petición Exitosa
[2023-08-03T22:46:17.832Z] info Petición Exitosa
[2023-08-03T22:49:11.032Z] info Petición Exitosa
[2023-08-03T22:49:11.048Z] info Petición Exitosa
[2023-08-03T23:09:36.258Z] info Petición Exitosa
[2023-08-03T23:09:36.274Z] info Petición Exitosa
[2023-08-03T23:09:47.767Z] info Petición Exitosa
[2023-08-03T23:09:47.768Z] info Petición Exitosa
[2023-08-03T23:11:19.245Z] info Petición Exitosa
[2023-08-03T23:11:19.247Z] info Petición Exitosa
[2023-08-03T23:12:03.745Z] info Petición Exitosa
[2023-08-03T23:12:03.761Z] info Petición Exitosa
[2023-08-03T23:14:29.415Z] info Petición Exitosa
[2023-08-03T23:14:29.431Z] info Petición Exitosa
[2023-08-03T23:14:56.768Z] info Petición Exitosa
[2023-08-03T23:14:57.652Z] info Petición Exitosa
[2023-08-03T23:15:00.216Z] info Petición Exitosa
[2023-08-03T23:15:05.181Z] info Petición Exitosa
[2023-08-03T23:15:07.576Z] info Petición Exitosa
[2023-08-03T23:15:11.464Z] info Petición Exitosa
[2023-08-03T23:15:13.893Z] info Petición Exitosa
[2023-08-03T23:15:16.311Z] info Petición Exitosa
[2023-08-03T23:15:20.586Z] info Petición Exitosa
[2023-08-03T23:15:21.354Z] info Petición Exitosa
[2023-08-03T23:15:30.755Z] info Petición Exitosa
[2023-08-03T23:15:34.322Z] info Petición Exitosa
[2023-08-03T23:15:43.647Z] info Petición Exitosa
[2023-08-03T23:15:52.445Z] info Petición Exitosa
[2023-08-03T23:16:03.745Z] info Petición Exitosa
[2023-08-03T23:16:06.155Z] info Petición Exitosa
[2023-08-03T23:16:11.581Z] info Petición Exitosa
[2023-08-03T23:16:13.818Z] info Petición Exitosa
[2023-08-03T23:16:16.101Z] info Petición Exitosa
[2023-08-03T23:16:18.943Z] info Petición Exitosa
[2023-08-03T23:16:23.104Z] info Petición Exitosa
[2023-08-03T23:16:24.477Z] info Petición Exitosa
[2023-08-03T23:16:25.760Z] info Petición Exitosa
[2023-08-03T23:16:30.937Z] info Petición Exitosa
[2023-08-03T23:16:41.204Z] info Petición Exitosa
[2023-08-03T23:16:43.626Z] info Petición Exitosa
[2023-08-03T23:16:53.374Z] info Petición Exitosa
[2023-08-03T23:16:55.708Z] info Petición Exitosa
[2023-08-03T23:16:59.650Z] info Petición Exitosa
[2023-08-03T23:17:04.686Z] info Petición Exitosa
[2023-08-03T23:17:07.106Z] info Petición Exitosa
[2023-08-03T23:17:09.541Z] info Petición Exitosa
[2023-08-03T23:17:12.048Z] info Petición Exitosa
[2023-08-03T23:17:14.446Z] info Petición Exitosa
[2023-08-03T23:17:16.960Z] info Petición Exitosa
[2023-08-03T23:17:22.533Z] info Petición Exitosa
[2023-08-03T23:17:24.927Z] info Petición Exitosa
[2023-08-03T23:17:26.258Z] info Petición Exitosa
[2023-08-03T23:17:31.760Z] info Petición Exitosa
[2023-08-03T23:25:50.931Z] info Petición Exitosa
[2023-08-03T23:29:36.926Z] info Petición Exitosa
[2023-08-03T23:29:37.841Z] info Petición Exitosa
[2023-08-03T23:29:49.461Z] info Petición Exitosa
[2023-08-03T23:29:49.476Z] info Petición Exitosa
[2023-08-03T23:29:50.249Z] info Petición Exitosa
[2023-08-03T23:29:50.276Z] info Petición Exitosa
[2023-08-03T23:30:02.212Z] info Petición Exitosa
[2023-08-03T23:30:02.229Z] info Petición Exitosa
[2023-08-03T23:30:12.598Z] info Petición Exitosa
[2023-08-03T23:30:12.613Z] info Petición Exitosa
[2023-08-03T23:30:20.366Z] info Petición Exitosa
[2023-08-03T23:30:20.382Z] info Petición Exitosa
[2023-08-03T23:30:23.853Z] info Petición Exitosa
[2023-08-03T23:30:23.854Z] info Petición Exitosa
[2023-08-03T23:30:54.974Z] info Petición Exitosa
[2023-08-03T23:30:54.975Z] info Petición Exitosa
[2023-08-03T23:31:23.413Z] info Petición Exitosa
[2023-08-03T23:31:23.428Z] info Petición Exitosa
[2023-08-03T23:31:30.862Z] info Petición Exitosa
[2023-08-03T23:31:30.863Z] info Petición Exitosa
[2023-08-03T23:32:02.651Z] info Petición Exitosa
[2023-08-03T23:32:02.666Z] info Petición Exitosa
[2023-08-03T23:32:07.947Z] info Petición Exitosa
[2023-08-03T23:32:07.963Z] info Petición Exitosa
[2023-08-03T23:32:18.177Z] info Petición Exitosa
[2023-08-03T23:32:18.192Z] info Petición Exitosa
[2023-08-03T23:32:32.372Z] info Petición Exitosa
[2023-08-03T23:32:32.373Z] info Petición Exitosa
[2023-08-03T23:32:33.066Z] info Petición Exitosa
[2023-08-03T23:32:33.085Z] info Petición Exitosa
[2023-08-03T23:32:48.735Z] info Petición Exitosa
[2023-08-03T23:32:48.750Z] info Petición Exitosa
[2023-08-03T23:32:49.632Z] info Petición Exitosa
[2023-08-03T23:32:49.633Z] info Petición Exitosa
[2023-08-03T23:33:00.684Z] info Petición Exitosa
[2023-08-03T23:33:00.685Z] info Petición Exitosa
[2023-08-03T23:33:11.276Z] info Petición Exitosa
[2023-08-03T23:33:11.277Z] info Petición Exitosa
[2023-08-03T23:33:16.589Z] info Petición Exitosa
[2023-08-03T23:33:16.605Z] info Petición Exitosa
[2023-08-03T23:33:47.163Z] info Petición Exitosa
[2023-08-03T23:33:47.179Z] info Petición Exitosa
[2023-08-03T23:33:55.927Z] info El carrito-producto ha sido agregado
[2023-08-03T23:33:57.298Z] info Petición Exitosa
[2023-08-03T23:33:59.452Z] info El carrito-producto ha sido actualizado
[2023-08-03T23:34:03.706Z] info El carrito-producto ha sido agregado
[2023-08-03T23:34:05.906Z] info Petición Exitosa
[2023-08-03T23:34:09.486Z] info El carrito-producto ha sido agregado
[2023-08-03T23:34:09.533Z] info Petición Exitosa
[2023-08-03T23:34:11.262Z] info El carrito-producto ha sido agregado
[2023-08-03T23:34:11.293Z] info Petición Exitosa
[2023-08-03T23:34:21.082Z] info El carrito-producto ha sido agregado
[2023-08-03T23:34:22.306Z] info Petición Exitosa
[2023-08-03T23:34:47.908Z] info Petición Exitosa
[2023-08-03T23:34:47.910Z] info Petición Exitosa
[2023-08-03T23:34:56.314Z] info Petición Exitosa
[2023-08-03T23:34:56.316Z] info Petición Exitosa
[2023-08-03T23:34:57.216Z] info Petición Exitosa
[2023-08-03T23:34:57.219Z] info Petición Exitosa
[2023-08-03T23:35:10.368Z] info El carrito-producto ha sido agregado
[2023-08-03T23:35:10.399Z] info Petición Exitosa
[2023-08-03T23:36:24.852Z] info Petición Exitosa
[2023-08-03T23:36:24.868Z] info Petición Exitosa
[2023-08-03T23:36:30.453Z] info Petición Exitosa
[2023-08-03T23:36:30.469Z] info Petición Exitosa
[2023-08-03T23:36:46.185Z] info Petición Exitosa
[2023-08-03T23:36:46.201Z] info Petición Exitosa
[2023-08-03T23:37:02.093Z] info Petición Exitosa
[2023-08-03T23:37:02.094Z] info Petición Exitosa
[2023-08-03T23:37:31.224Z] info Petición Exitosa
[2023-08-03T23:37:31.241Z] info Petición Exitosa
[2023-08-03T23:37:33.555Z] info Petición Exitosa
[2023-08-03T23:37:33.570Z] info Petición Exitosa
[2023-08-03T23:37:42.176Z] info Petición Exitosa
[2023-08-03T23:37:42.192Z] info Petición Exitosa
[2023-08-03T23:37:47.128Z] info Petición Exitosa
[2023-08-03T23:37:47.144Z] info Petición Exitosa
[2023-08-03T23:37:58.527Z] info Petición Exitosa
[2023-08-03T23:37:58.528Z] info Petición Exitosa
[2023-08-03T23:38:02.666Z] info Petición Exitosa
[2023-08-03T23:38:02.667Z] info Petición Exitosa
[2023-08-03T23:38:06.612Z] info Petición Exitosa
[2023-08-03T23:38:06.613Z] info Petición Exitosa
[2023-08-03T23:38:16.337Z] info Petición Exitosa
[2023-08-03T23:38:16.352Z] info Petición Exitosa
[2023-08-03T23:38:25.476Z] info Petición Exitosa
[2023-08-03T23:38:25.477Z] info Petición Exitosa
[2023-08-03T23:38:35.237Z] info Petición Exitosa
[2023-08-03T23:38:35.253Z] info Petición Exitosa
[2023-08-03T23:38:40.326Z] info Petición Exitosa
[2023-08-03T23:38:40.341Z] info Petición Exitosa
