[2023-07-25T14:32:01.186Z] info No se han encontrado paises
[2023-07-25T15:59:12.161Z] info No se han encontrado paises
[2023-07-25T16:23:37.084Z] info No se han encontrado paises
[2023-07-25T16:26:44.949Z] info No se han encontrado paises
[2023-07-25T16:37:15.184Z] info No se encontro el pais
[2023-07-25T16:37:29.494Z] info A ocurrio un error:PrismaClientInitializationError: 
Invalid `prisma.pais.findFirst()` invocation:


Can't reach database server at `192.168.4.78`:`3306`

Please make sure your database server is running at `192.168.4.78`:`3306`.
[2023-07-25T17:52:23.497Z] info No se han encontrado paises
[2023-07-31T21:27:04.109Z] info A ocurrido un error:PrismaClientInitializationError: 
Invalid `prisma.pais.findMany()` invocation:


Can't reach database server at `34.133.217.127`:`3306`

Please make sure your database server is running at `34.133.217.127`:`3306`.
[2023-07-31T21:45:41.587Z] info A ocurrido un error:PrismaClientInitializationError: 
Invalid `prisma.pais.findMany()` invocation:


Error querying the database: Unknown authentication plugin `sha256_password'.
[2023-07-31T21:47:03.616Z] info A ocurrido un error:PrismaClientInitializationError: 
Invalid `prisma.pais.findMany()` invocation:


Error querying the database: Unknown authentication plugin `sha256_password'.
[2023-07-31T21:51:46.552Z] info No se han encontrado paises
[2023-08-03T15:42:27.839Z] info No se han encontrado paises
[2023-08-03T16:50:43.337Z] info No se han encontrado paises
[2023-08-03T16:52:52.226Z] info No se han encontrado paises
[2023-08-03T16:54:07.964Z] info No se han encontrado paises
[2023-08-03T16:54:56.249Z] info No se han encontrado paises
