[2023-07-18T17:42:02.851Z] info Server running
[2023-07-19T15:40:23.074Z] info Server running
[2023-07-19T17:03:19.589Z] info Server running
[2023-07-19T17:08:53.026Z] info Server running
[2023-07-19T17:16:54.407Z] info Server running
[2023-07-19T17:18:54.742Z] info Server running
[2023-07-19T17:23:10.479Z] info Server running
[2023-07-19T17:24:53.059Z] info Server running
[2023-07-19T17:24:56.283Z] info Server running
[2023-07-19T17:25:03.937Z] info Server running
[2023-07-19T17:25:43.736Z] info Server running
[2023-07-19T17:25:46.859Z] info Server running
[2023-07-19T17:25:55.555Z] info Server running
[2023-07-19T17:26:00.522Z] info Server running
[2023-07-19T17:26:02.351Z] info Server running
[2023-07-19T17:26:05.130Z] info Server running
[2023-07-19T17:26:33.460Z] info Server running
[2023-07-19T17:26:37.944Z] info Server running
[2023-07-19T17:30:00.783Z] info Server running
[2023-07-19T17:30:18.321Z] info Server running
[2023-07-19T17:34:08.179Z] info Server running
[2023-07-19T17:36:45.384Z] info Server running
[2023-07-19T17:36:47.053Z] info Server running
[2023-07-20T02:03:16.177Z] info Server running
[2023-07-20T14:37:34.700Z] info Server running
[2023-07-20T15:00:47.931Z] info Server running
[2023-07-20T15:19:30.791Z] info Server running
[2023-07-20T15:20:23.482Z] info Server running
[2023-07-20T15:22:26.660Z] info Server running
[2023-07-20T15:23:55.789Z] info Server running
[2023-07-20T15:23:58.395Z] info Server running
[2023-07-20T15:24:31.955Z] info Server running
[2023-07-20T15:24:34.778Z] info Server running
[2023-07-20T15:25:43.724Z] info Server running
[2023-07-20T15:29:54.211Z] info Server running
[2023-07-20T15:40:06.336Z] info Server running
[2023-07-20T15:40:08.996Z] info Server running
[2023-07-20T15:40:23.044Z] info Server running
[2023-07-20T15:40:31.681Z] info Server running
[2023-07-20T15:40:34.696Z] info Server running
[2023-07-20T15:40:37.823Z] info Server running
[2023-07-20T15:40:41.949Z] info Server running
[2023-07-20T15:40:47.257Z] info Server running
[2023-07-20T15:40:52.971Z] info Server running
[2023-07-20T15:41:01.811Z] info Server running
[2023-07-20T15:41:10.570Z] info Server running
[2023-07-20T15:41:15.629Z] info Server running
[2023-07-20T15:41:22.584Z] info Server running
[2023-07-20T15:41:25.749Z] info Server running
[2023-07-20T15:41:30.746Z] info Server running
[2023-07-20T15:41:38.628Z] info Server running
[2023-07-20T15:41:45.268Z] info Server running
[2023-07-20T15:41:58.183Z] info Server running
[2023-07-20T15:42:00.945Z] info Server running
[2023-07-20T15:42:08.915Z] info Server running
[2023-07-20T15:43:53.915Z] info Server running
[2023-07-20T15:44:01.411Z] info Server running
[2023-07-20T15:44:31.935Z] info Server running
[2023-07-20T15:44:37.218Z] info Server running
[2023-07-20T15:44:58.160Z] info Server running
[2023-07-20T15:45:16.193Z] info Server running
[2023-07-20T15:45:39.100Z] info Server running
[2023-07-20T15:45:45.160Z] info Server running
[2023-07-20T15:45:47.650Z] info Server running
[2023-07-20T15:46:07.345Z] info Server running
[2023-07-20T15:46:09.968Z] info Server running
[2023-07-20T15:46:12.320Z] info Server running
[2023-07-20T15:46:21.342Z] info Server running
[2023-07-20T15:46:25.559Z] info Server running
[2023-07-20T15:46:28.095Z] info Server running
[2023-07-20T15:46:31.487Z] info Server running
[2023-07-20T15:46:46.550Z] info Server running
[2023-07-20T15:47:11.045Z] info Server running
[2023-07-20T15:47:15.049Z] info Server running
[2023-07-20T15:47:32.919Z] info Server running
[2023-07-20T15:47:36.395Z] info Server running
[2023-07-20T15:47:41.543Z] info Server running
[2023-07-20T15:47:44.629Z] info Server running
[2023-07-20T15:47:47.222Z] info Server running
[2023-07-20T15:47:51.157Z] info Server running
[2023-07-20T15:47:54.319Z] info Server running
[2023-07-20T15:48:01.652Z] info Server running
[2023-07-20T15:48:11.298Z] info Server running
[2023-07-20T15:48:13.767Z] info Server running
[2023-07-20T15:48:25.794Z] info Server running
[2023-07-20T15:48:28.280Z] info Server running
[2023-07-20T15:48:33.195Z] info Server running
[2023-07-20T15:48:39.131Z] info Server running
[2023-07-20T15:49:04.440Z] info Server running
[2023-07-20T15:49:14.408Z] info Server running
[2023-07-20T15:49:17.885Z] info Server running
[2023-07-20T15:49:23.227Z] info Server running
[2023-07-20T15:49:28.384Z] info Server running
[2023-07-20T15:49:32.477Z] info Server running
[2023-07-20T15:49:35.801Z] info Server running
[2023-07-20T15:49:40.918Z] info Server running
[2023-07-20T15:49:43.751Z] info Server running
[2023-07-20T15:49:50.373Z] info Server running
[2023-07-20T16:02:09.062Z] info Server running
[2023-07-20T16:02:13.691Z] info Server running
[2023-07-20T16:02:16.626Z] info Server running
[2023-07-20T16:02:19.367Z] info Server running
[2023-07-20T16:02:32.712Z] info Server running
[2023-07-20T16:02:39.395Z] info Server running
[2023-07-20T16:02:50.299Z] info Server running
[2023-07-20T16:02:52.478Z] info Server running
[2023-07-20T16:03:00.170Z] info Server running
[2023-07-20T16:03:02.721Z] info Server running
[2023-07-20T16:03:07.027Z] info Server running
[2023-07-20T16:03:10.470Z] info Server running
[2023-07-20T16:03:16.343Z] info Server running
[2023-07-20T16:03:19.391Z] info Server running
[2023-07-20T16:03:23.759Z] info Server running
[2023-07-20T16:03:29.220Z] info Server running
[2023-07-20T16:03:38.049Z] info Server running
[2023-07-20T16:03:41.162Z] info Server running
[2023-07-20T16:03:48.584Z] info Server running
[2023-07-20T16:03:54.218Z] info Server running
[2023-07-20T16:03:59.993Z] info Server running
[2023-07-20T16:04:04.390Z] info Server running
[2023-07-20T16:04:06.986Z] info Server running
[2023-07-20T16:04:09.599Z] info Server running
[2023-07-20T16:04:16.079Z] info Server running
[2023-07-20T16:04:19.626Z] info Server running
[2023-07-20T16:04:26.721Z] info Server running
[2023-07-20T16:04:32.674Z] info Server running
[2023-07-20T16:04:35.512Z] info Server running
[2023-07-20T16:04:38.918Z] info Server running
[2023-07-20T16:04:43.076Z] info Server running
[2023-07-20T16:04:45.396Z] info Server running
[2023-07-20T16:04:55.033Z] info Server running
[2023-07-20T16:04:58.158Z] info Server running
[2023-07-20T16:05:00.353Z] info Server running
[2023-07-20T16:05:07.988Z] info Server running
[2023-07-20T16:05:14.125Z] info Server running
[2023-07-20T16:05:25.316Z] info Server running
[2023-07-20T16:05:30.948Z] info Server running
[2023-07-20T16:05:34.146Z] info Server running
[2023-07-20T16:05:47.380Z] info Server running
[2023-07-20T16:05:49.705Z] info Server running
[2023-07-20T16:05:52.421Z] info Server running
[2023-07-20T16:05:57.789Z] info Server running
[2023-07-20T16:06:01.326Z] info Server running
[2023-07-20T16:06:04.106Z] info Server running
[2023-07-20T16:06:08.816Z] info Server running
[2023-07-20T16:06:13.926Z] info Server running
[2023-07-20T16:06:22.034Z] info Server running
[2023-07-20T16:06:27.526Z] info Server running
[2023-07-20T16:06:29.849Z] info Server running
[2023-07-20T16:06:34.498Z] info Server running
[2023-07-20T16:08:25.405Z] info Server running
[2023-07-20T16:08:28.002Z] info Server running
[2023-07-20T16:08:34.164Z] info Server running
[2023-07-20T16:08:36.815Z] info Server running
[2023-07-20T16:08:51.867Z] info Server running
[2023-07-20T16:08:54.844Z] info Server running
[2023-07-20T16:08:57.962Z] info Server running
[2023-07-20T16:09:08.341Z] info Server running
[2023-07-20T16:09:13.799Z] info Server running
[2023-07-20T16:11:04.637Z] info Server running
[2023-07-20T16:13:59.232Z] info Server running
[2023-07-20T16:20:27.091Z] info Server running
[2023-07-20T16:20:39.107Z] info Server running
[2023-07-20T16:21:36.579Z] info Server running
[2023-07-20T16:22:06.772Z] info Server running
[2023-07-20T16:25:08.479Z] info Server running
[2023-07-20T16:26:38.425Z] info Server running
[2023-07-20T17:09:40.453Z] info Server running
[2023-07-20T17:09:42.904Z] info Server running
[2023-07-20T17:09:54.986Z] info Server running
[2023-07-20T17:09:57.175Z] info Server running
[2023-07-20T17:10:00.408Z] info Server running
[2023-07-20T17:10:03.248Z] info Server running
[2023-07-20T17:10:06.819Z] info Server running
[2023-07-20T17:10:11.045Z] info Server running
[2023-07-20T17:10:15.557Z] info Server running
[2023-07-20T17:10:32.352Z] info Server running
[2023-07-20T17:10:43.016Z] info Server running
[2023-07-20T17:10:52.128Z] info Server running
[2023-07-20T17:10:55.906Z] info Server running
[2023-07-20T17:11:16.307Z] info Server running
[2023-07-20T17:11:46.640Z] info Server running
[2023-07-20T17:16:11.171Z] info Server running
[2023-07-20T17:18:12.976Z] info Server running
[2023-07-20T17:19:09.953Z] info Server running
[2023-07-20T17:19:27.057Z] info Server running
[2023-07-20T17:19:42.424Z] info Server running
[2023-07-20T17:19:51.315Z] info Server running
[2023-07-20T17:19:56.667Z] info Server running
[2023-07-20T17:20:00.438Z] info Server running
[2023-07-20T17:20:04.272Z] info Server running
[2023-07-20T17:20:18.133Z] info Server running
[2023-07-20T17:20:25.120Z] info Server running
[2023-07-20T17:20:29.904Z] info Server running
[2023-07-20T17:20:32.981Z] info Server running
[2023-07-20T17:20:49.180Z] info Server running
[2023-07-20T17:21:12.197Z] info Server running
[2023-07-20T17:21:16.185Z] info Server running
[2023-07-20T17:21:35.491Z] info Server running
[2023-07-20T17:21:44.957Z] info Server running
[2023-07-20T17:21:47.288Z] info Server running
[2023-07-20T17:21:59.120Z] info Server running
[2023-07-20T17:22:55.322Z] info Server running
[2023-07-20T17:26:17.332Z] info Server running
[2023-07-20T17:26:19.666Z] info Server running
[2023-07-20T17:26:23.496Z] info Server running
[2023-07-20T17:26:27.304Z] info Server running
[2023-07-20T17:35:23.138Z] info Server running
[2023-07-20T15:36:04.180Z] info Server running
[2023-07-20T16:06:20.499Z] info Server running
[2023-07-20T17:41:41.956Z] info Server running
[2023-07-25T17:57:26.699Z] info Server running
[2023-07-25T19:26:03.859Z] info Server running
[2023-07-25T19:27:21.525Z] info Server running
[2023-07-25T17:57:25.928Z] info Server running
[2023-07-25T18:01:55.981Z] info Server running
[2023-07-25T18:02:10.733Z] info Server running
[2023-07-25T18:02:20.379Z] info Server running
[2023-07-25T18:02:23.081Z] info Server running
[2023-07-25T18:02:27.106Z] info Server running
[2023-07-25T18:02:37.739Z] info Server running
[2023-07-25T18:02:47.711Z] info Server running
[2023-07-25T18:02:51.858Z] info Server running
[2023-07-25T18:02:55.158Z] info Server running
[2023-07-25T18:04:46.856Z] info Server running
[2023-07-25T18:04:52.688Z] info Server running
[2023-07-25T18:04:57.729Z] info Server running
[2023-07-25T18:06:05.262Z] info Server running
[2023-07-25T18:06:25.826Z] info Server running
[2023-07-25T18:07:15.175Z] info Server running
[2023-07-25T18:07:17.434Z] info Server running
[2023-07-25T18:07:28.642Z] info Server running
[2023-07-25T18:57:51.403Z] info Server running
[2023-07-25T18:58:16.368Z] info Server running
[2023-07-25T18:58:33.708Z] info Server running
[2023-07-25T18:58:36.342Z] info Server running
[2023-07-25T18:58:42.768Z] info Server running
[2023-07-25T18:58:46.713Z] info Server running
[2023-07-25T18:58:50.074Z] info Server running
[2023-07-25T18:58:56.918Z] info Server running
[2023-07-25T19:06:39.745Z] info Server running
[2023-07-25T19:06:42.650Z] info Server running
[2023-07-25T19:08:53.850Z] info Server running
[2023-07-25T19:08:56.470Z] info Server running
[2023-07-25T19:08:59.004Z] info Server running
[2023-07-25T19:16:44.431Z] info Server running
[2023-07-25T19:16:46.178Z] info Server running
[2023-07-25T19:16:49.105Z] info Server running
[2023-07-25T19:18:37.679Z] info Server running
[2023-07-26T16:07:13.340Z] info Server running
[2023-07-26T16:08:03.730Z] info Server running
[2023-07-26T16:08:37.398Z] info Server running
[2023-07-26T16:09:21.210Z] info Server running
[2023-07-26T16:10:15.536Z] info Server running
[2023-07-27T14:38:09.692Z] info Server running
[2023-07-27T14:38:52.250Z] info Server running
[2023-07-27T14:38:57.209Z] info Server running
[2023-07-27T14:39:10.917Z] info Server running
[2023-07-27T14:39:19.424Z] info Server running
[2023-07-27T14:39:23.425Z] info Server running
[2023-07-27T14:39:28.701Z] info Server running
[2023-07-27T14:39:38.103Z] info Server running
[2023-07-27T14:48:45.804Z] info Server running
[2023-07-27T14:48:57.969Z] info Server running
[2023-07-27T14:49:03.921Z] info Server running
[2023-07-27T14:49:11.581Z] info Server running
[2023-07-27T14:49:30.807Z] info Server running
[2023-07-27T14:50:05.700Z] info Server running
[2023-07-27T14:50:08.936Z] info Server running
[2023-07-27T14:52:32.855Z] info Server running
[2023-07-27T14:57:58.262Z] info Server running
[2023-07-28T14:56:07.946Z] info Server running
[2023-07-28T14:56:53.753Z] info Server running
[2023-07-28T15:46:43.933Z] info Server running
[2023-07-28T16:03:39.670Z] info Server running
[2023-07-28T16:22:47.687Z] info Server running
[2023-07-28T16:39:51.391Z] info Server running
[2023-07-28T16:40:35.340Z] info Server running
[2023-07-28T16:41:03.056Z] info Server running
[2023-07-29T02:49:10.553Z] info Server running
[2023-07-29T05:07:39.508Z] info Server running
[2023-07-29T13:21:04.514Z] info Server running
[2023-07-29T13:39:20.966Z] info Server running
[2023-07-29T14:42:42.593Z] info Server running
[2023-07-29T15:10:55.000Z] info Server running
[2023-07-29T16:21:29.139Z] info Server running
[2023-07-29T16:52:15.728Z] info Server running
[2023-07-29T16:53:21.185Z] info Server running
[2023-07-29T18:59:01.474Z] info Server running
[2023-07-29T19:14:39.562Z] info Server running
[2023-07-30T00:31:21.832Z] info Server running
[2023-07-30T01:10:19.460Z] info Server running
[2023-07-30T05:16:54.564Z] info Server running
[2023-07-30T05:48:06.985Z] info Server running
[2023-07-30T05:56:58.159Z] info Server running
[2023-07-30T05:57:26.830Z] info Server running
[2023-07-30T05:57:32.017Z] info Server running
[2023-07-30T05:57:37.164Z] info Server running
[2023-07-30T05:57:43.424Z] info Server running
[2023-07-30T05:57:45.876Z] info Server running
[2023-07-30T05:57:57.580Z] info Server running
[2023-07-30T05:58:01.330Z] info Server running
[2023-07-30T06:04:16.594Z] info Server running
[2023-07-30T06:04:50.909Z] info Server running
[2023-07-30T06:05:16.532Z] info Server running
[2023-07-30T06:05:18.733Z] info Server running
[2023-07-30T06:05:33.010Z] info Server running
[2023-07-30T06:05:35.481Z] info Server running
[2023-07-30T06:11:05.612Z] info Server running
[2023-07-30T06:11:07.980Z] info Server running
[2023-07-30T06:11:46.442Z] info Server running
[2023-07-30T06:11:53.336Z] info Server running
[2023-07-30T06:14:32.240Z] info Server running
[2023-07-30T06:14:38.054Z] info Server running
[2023-07-30T06:14:46.262Z] info Server running
[2023-07-30T06:16:08.854Z] info Server running
[2023-07-30T06:17:07.513Z] info Server running
[2023-07-30T06:17:09.454Z] info Server running
[2023-07-30T06:17:15.154Z] info Server running
[2023-07-30T06:17:21.868Z] info Server running
[2023-07-30T06:17:23.793Z] info Server running
[2023-07-30T06:19:22.775Z] info Server running
[2023-07-30T06:19:32.054Z] info Server running
[2023-07-30T06:21:16.966Z] info Server running
[2023-07-30T06:23:12.112Z] info Server running
[2023-07-30T06:23:13.901Z] info Server running
[2023-07-30T06:23:29.336Z] info Server running
[2023-07-30T06:23:34.201Z] info Server running
[2023-07-30T06:23:38.827Z] info Server running
[2023-07-30T06:24:01.193Z] info Server running
[2023-07-30T06:24:14.982Z] info Server running
[2023-07-30T06:24:23.183Z] info Server running
[2023-07-30T06:24:25.370Z] info Server running
[2023-07-30T06:24:27.377Z] info Server running
[2023-07-30T06:24:36.906Z] info Server running
[2023-07-30T06:24:39.740Z] info Server running
[2023-07-30T06:24:42.611Z] info Server running
[2023-07-30T06:24:44.875Z] info Server running
[2023-07-30T06:24:48.523Z] info Server running
[2023-07-30T06:25:00.743Z] info Server running
[2023-07-30T06:25:06.908Z] info Server running
[2023-07-30T17:32:04.167Z] info Server running
[2023-07-30T17:39:04.242Z] info Server running
[2023-07-30T17:39:07.785Z] info Server running
[2023-07-30T17:39:33.391Z] info Server running
[2023-07-30T17:40:47.827Z] info Server running
[2023-07-30T17:41:40.114Z] info Server running
[2023-07-30T17:41:43.902Z] info Server running
[2023-07-30T17:44:29.642Z] info Server running
[2023-07-30T17:45:44.374Z] info Server running
[2023-07-30T17:47:44.336Z] info Server running
[2023-07-30T17:48:02.426Z] info Server running
[2023-07-30T17:48:05.682Z] info Server running
[2023-07-30T17:48:12.946Z] info Server running
[2023-07-30T17:48:22.957Z] info Server running
[2023-07-30T17:48:31.924Z] info Server running
[2023-07-30T17:48:36.199Z] info Server running
[2023-07-30T17:48:48.135Z] info Server running
[2023-07-30T17:48:51.771Z] info Server running
[2023-07-30T17:49:14.858Z] info Server running
[2023-07-30T17:49:21.987Z] info Server running
[2023-07-30T17:49:58.315Z] info Server running
[2023-07-30T17:50:06.157Z] info Server running
[2023-07-30T17:53:28.515Z] info Server running
[2023-07-30T17:53:31.527Z] info Server running
[2023-07-30T17:53:33.786Z] info Server running
[2023-07-30T17:53:36.007Z] info Server running
[2023-07-30T17:53:43.787Z] info Server running
[2023-07-30T17:54:50.036Z] info Server running
[2023-07-30T17:55:14.851Z] info Server running
[2023-07-30T17:55:21.359Z] info Server running
[2023-07-30T18:00:38.901Z] info Server running
[2023-07-30T18:00:44.191Z] info Server running
[2023-07-30T18:00:49.767Z] info Server running
[2023-07-30T18:00:52.066Z] info Server running
[2023-07-30T18:00:55.509Z] info Server running
[2023-07-30T18:01:11.610Z] info Server running
[2023-07-30T18:01:17.061Z] info Server running
[2023-07-30T18:01:19.808Z] info Server running
[2023-07-30T18:01:36.638Z] info Server running
[2023-07-30T18:01:49.951Z] info Server running
[2023-07-30T18:01:55.497Z] info Server running
[2023-07-30T18:02:05.804Z] info Server running
[2023-07-30T18:02:15.104Z] info Server running
[2023-07-30T18:02:19.061Z] info Server running
[2023-07-30T18:02:23.306Z] info Server running
[2023-07-30T18:02:26.613Z] info Server running
[2023-07-30T18:02:33.878Z] info Server running
[2023-07-30T18:02:41.499Z] info Server running
[2023-07-30T18:02:43.802Z] info Server running
[2023-07-30T18:02:49.100Z] info Server running
[2023-07-30T18:02:54.211Z] info Server running
[2023-07-30T18:04:00.971Z] info Server running
[2023-07-30T18:04:57.126Z] info Server running
[2023-07-30T18:05:46.276Z] info Server running
[2023-07-30T18:05:50.399Z] info Server running
[2023-07-30T18:06:30.322Z] info Server running
[2023-07-30T18:06:39.810Z] info Server running
[2023-07-30T18:06:57.942Z] info Server running
[2023-07-30T18:07:24.896Z] info Server running
[2023-07-30T18:08:20.298Z] info Server running
[2023-07-30T18:08:47.463Z] info Server running
[2023-07-30T18:09:03.290Z] info Server running
[2023-07-30T18:10:06.199Z] info Server running
[2023-07-30T18:10:10.213Z] info Server running
[2023-07-30T18:10:13.704Z] info Server running
[2023-07-30T18:10:19.018Z] info Server running
[2023-07-30T18:11:20.825Z] info Server running
[2023-07-30T18:11:42.632Z] info Server running
[2023-07-30T18:17:31.887Z] info Server running
[2023-07-30T18:17:38.738Z] info Server running
[2023-07-30T18:18:05.593Z] info Server running
[2023-07-30T18:18:08.063Z] info Server running
[2023-07-30T18:18:47.248Z] info Server running
[2023-07-30T23:07:50.619Z] info Server running
[2023-07-30T23:09:57.843Z] info Server running
[2023-07-30T23:10:14.370Z] info Server running
[2023-07-30T23:10:27.172Z] info Server running
[2023-07-30T23:10:32.179Z] info Server running
[2023-07-30T23:10:37.488Z] info Server running
[2023-07-30T23:10:41.076Z] info Server running
[2023-07-30T23:10:44.194Z] info Server running
[2023-07-30T23:11:40.931Z] info Server running
[2023-07-30T23:11:49.556Z] info Server running
[2023-07-30T23:11:54.117Z] info Server running
[2023-07-30T23:12:33.493Z] info Server running
[2023-07-30T23:13:33.794Z] info Server running
[2023-07-30T23:13:36.925Z] info Server running
[2023-07-30T23:13:47.340Z] info Server running
[2023-07-30T23:14:05.607Z] info Server running
[2023-07-30T23:14:08.262Z] info Server running
[2023-07-30T23:14:10.533Z] info Server running
[2023-07-30T23:14:15.973Z] info Server running
[2023-07-30T23:14:18.956Z] info Server running
[2023-07-30T23:14:40.944Z] info Server running
[2023-07-30T23:14:50.214Z] info Server running
[2023-07-30T23:14:53.622Z] info Server running
[2023-07-30T23:15:06.532Z] info Server running
[2023-07-30T23:15:09.873Z] info Server running
[2023-07-30T23:15:13.411Z] info Server running
[2023-07-30T23:15:49.169Z] info Server running
[2023-07-30T23:18:55.720Z] info Server running
[2023-07-30T23:19:20.552Z] info Server running
[2023-07-30T23:20:28.647Z] info Server running
[2023-07-30T23:20:42.832Z] info Server running
[2023-07-30T23:20:47.674Z] info Server running
[2023-07-30T23:20:55.234Z] info Server running
[2023-07-30T23:21:04.236Z] info Server running
[2023-07-30T23:21:51.682Z] info Server running
[2023-07-30T23:21:56.283Z] info Server running
[2023-07-30T23:21:58.522Z] info Server running
[2023-07-30T23:22:05.169Z] info Server running
[2023-07-30T23:22:18.023Z] info Server running
[2023-07-30T23:22:25.836Z] info Server running
[2023-07-30T23:22:28.769Z] info Server running
[2023-07-30T23:22:40.526Z] info Server running
[2023-07-30T23:22:44.309Z] info Server running
[2023-07-30T23:22:48.054Z] info Server running
[2023-07-30T23:22:51.158Z] info Server running
[2023-07-30T23:23:01.865Z] info Server running
[2023-07-30T23:23:07.943Z] info Server running
[2023-07-30T23:23:18.385Z] info Server running
[2023-07-30T23:23:23.140Z] info Server running
[2023-07-30T23:23:30.478Z] info Server running
[2023-07-30T23:23:36.290Z] info Server running
[2023-07-30T23:23:40.548Z] info Server running
[2023-07-30T23:24:08.197Z] info Server running
[2023-07-30T23:24:20.651Z] info Server running
[2023-07-30T23:24:28.150Z] info Server running
[2023-07-30T23:24:31.537Z] info Server running
[2023-07-30T23:24:37.675Z] info Server running
[2023-07-30T23:24:42.196Z] info Server running
[2023-07-30T23:24:55.092Z] info Server running
[2023-07-30T23:24:59.638Z] info Server running
[2023-07-30T23:25:05.737Z] info Server running
[2023-07-30T23:25:14.720Z] info Server running
[2023-07-30T23:25:27.024Z] info Server running
[2023-07-30T23:25:43.856Z] info Server running
[2023-07-30T23:25:48.391Z] info Server running
[2023-07-30T23:25:52.452Z] info Server running
[2023-07-30T23:25:59.643Z] info Server running
[2023-07-30T23:26:02.504Z] info Server running
[2023-07-30T23:26:08.900Z] info Server running
[2023-07-30T23:26:15.647Z] info Server running
[2023-07-30T23:26:18.902Z] info Server running
[2023-07-30T23:26:21.696Z] info Server running
[2023-07-30T23:26:29.629Z] info Server running
[2023-07-30T23:26:36.169Z] info Server running
[2023-07-30T23:26:38.873Z] info Server running
[2023-07-30T23:26:41.527Z] info Server running
[2023-07-30T23:26:46.319Z] info Server running
[2023-07-30T23:26:55.437Z] info Server running
[2023-07-30T23:27:02.603Z] info Server running
[2023-07-30T23:27:16.688Z] info Server running
[2023-07-30T23:27:38.374Z] info Server running
[2023-07-30T23:27:42.474Z] info Server running
[2023-07-30T23:27:45.451Z] info Server running
[2023-07-30T23:27:56.783Z] info Server running
[2023-07-30T23:28:01.721Z] info Server running
[2023-07-30T23:28:21.449Z] info Server running
[2023-07-30T23:28:28.453Z] info Server running
[2023-07-30T23:28:59.310Z] info Server running
[2023-07-30T23:29:01.471Z] info Server running
[2023-07-30T23:29:09.942Z] info Server running
[2023-07-30T23:29:18.752Z] info Server running
[2023-07-30T23:31:16.433Z] info Server running
[2023-07-30T23:31:20.205Z] info Server running
[2023-07-30T23:31:32.975Z] info Server running
[2023-07-30T23:31:40.648Z] info Server running
[2023-07-30T23:31:43.423Z] info Server running
[2023-07-30T23:31:46.468Z] info Server running
[2023-07-30T23:31:52.194Z] info Server running
[2023-07-30T23:31:58.045Z] info Server running
[2023-07-30T23:32:01.452Z] info Server running
[2023-07-30T23:32:19.059Z] info Server running
[2023-07-30T23:34:10.611Z] info Server running
[2023-07-30T23:34:21.267Z] info Server running
[2023-07-30T23:34:26.762Z] info Server running
[2023-07-30T23:34:31.760Z] info Server running
[2023-07-30T23:34:46.412Z] info Server running
[2023-07-30T23:34:54.017Z] info Server running
[2023-07-30T23:34:56.422Z] info Server running
[2023-07-30T23:34:59.252Z] info Server running
[2023-07-30T23:35:03.483Z] info Server running
[2023-07-30T23:35:19.383Z] info Server running
[2023-07-30T23:35:39.558Z] info Server running
[2023-07-30T23:36:09.619Z] info Server running
[2023-07-30T23:36:14.729Z] info Server running
[2023-07-30T23:36:17.460Z] info Server running
[2023-07-30T23:39:15.256Z] info Server running
[2023-07-30T23:39:19.497Z] info Server running
[2023-07-30T23:39:48.534Z] info Server running
[2023-07-30T23:40:04.130Z] info Server running
[2023-07-30T23:41:35.508Z] info Server running
[2023-07-30T23:41:44.294Z] info Server running
[2023-07-30T23:41:46.475Z] info Server running
[2023-07-30T23:42:41.926Z] info Server running
[2023-07-30T23:42:52.557Z] info Server running
[2023-07-30T23:43:57.203Z] info Server running
[2023-07-30T23:44:01.535Z] info Server running
[2023-07-30T23:44:11.697Z] info Server running
[2023-07-30T23:45:42.488Z] info Server running
[2023-07-30T23:45:47.349Z] info Server running
[2023-07-30T23:48:22.616Z] info Server running
[2023-07-30T23:48:30.562Z] info Server running
[2023-07-30T23:48:34.776Z] info Server running
[2023-07-30T23:48:37.095Z] info Server running
[2023-07-30T23:59:14.635Z] info Server running
[2023-07-30T23:59:16.747Z] info Server running
[2023-07-30T23:59:37.183Z] info Server running
[2023-07-30T23:59:41.104Z] info Server running
[2023-07-30T23:59:46.271Z] info Server running
[2023-07-30T23:59:48.975Z] info Server running
[2023-07-31T00:00:13.549Z] info Server running
[2023-07-31T00:00:18.669Z] info Server running
[2023-07-31T00:00:21.115Z] info Server running
[2023-07-31T00:00:25.541Z] info Server running
[2023-07-31T00:00:30.202Z] info Server running
[2023-07-31T00:01:02.336Z] info Server running
[2023-07-31T00:01:10.290Z] info Server running
[2023-07-31T00:01:15.949Z] info Server running
[2023-07-31T00:01:18.183Z] info Server running
[2023-07-31T00:01:22.518Z] info Server running
[2023-07-31T00:01:26.394Z] info Server running
[2023-07-31T00:01:38.974Z] info Server running
[2023-07-31T00:01:54.262Z] info Server running
[2023-07-31T00:02:04.442Z] info Server running
[2023-07-31T00:06:11.203Z] info Server running
[2023-07-31T00:06:18.360Z] info Server running
[2023-07-31T00:06:22.070Z] info Server running
[2023-07-31T00:08:23.973Z] info Server running
[2023-07-31T00:09:17.786Z] info Server running
[2023-07-31T00:09:22.561Z] info Server running
[2023-07-31T00:09:27.927Z] info Server running
[2023-07-31T00:13:51.127Z] info Server running
[2023-07-31T00:15:27.461Z] info Server running
[2023-07-31T00:15:30.795Z] info Server running
[2023-07-31T00:15:38.025Z] info Server running
[2023-07-31T00:15:42.923Z] info Server running
[2023-07-31T00:16:06.695Z] info Server running
[2023-07-31T00:16:09.802Z] info Server running
[2023-07-31T00:16:24.135Z] info Server running
[2023-07-31T00:17:28.861Z] info Server running
[2023-07-31T00:18:15.785Z] info Server running
[2023-07-31T00:18:44.150Z] info Server running
[2023-07-31T00:19:18.578Z] info Server running
[2023-07-31T00:19:21.583Z] info Server running
[2023-07-31T00:38:56.949Z] info Server running
[2023-07-31T00:39:05.158Z] info Server running
[2023-07-31T00:39:08.989Z] info Server running
[2023-07-31T00:40:04.912Z] info Server running
[2023-07-31T00:40:25.696Z] info Server running
[2023-07-31T00:40:29.948Z] info Server running
[2023-07-31T00:40:41.712Z] info Server running
[2023-07-31T00:42:32.849Z] info Server running
[2023-07-31T00:43:04.231Z] info Server running
[2023-07-31T00:43:08.970Z] info Server running
[2023-07-31T00:43:14.993Z] info Server running
[2023-07-31T00:43:17.941Z] info Server running
[2023-07-31T00:43:21.253Z] info Server running
[2023-07-31T00:44:22.030Z] info Server running
[2023-07-31T00:44:24.525Z] info Server running
[2023-07-31T00:44:30.560Z] info Server running
[2023-07-31T00:44:33.390Z] info Server running
[2023-07-31T00:45:23.443Z] info Server running
[2023-07-31T00:45:40.941Z] info Server running
[2023-07-31T00:46:41.267Z] info Server running
[2023-07-31T00:47:23.558Z] info Server running
[2023-07-31T00:47:28.088Z] info Server running
[2023-07-31T00:47:35.324Z] info Server running
[2023-07-31T00:47:44.566Z] info Server running
[2023-07-31T00:48:11.806Z] info Server running
[2023-07-31T00:48:13.883Z] info Server running
[2023-07-31T00:48:18.632Z] info Server running
[2023-07-31T00:48:21.993Z] info Server running
[2023-07-31T00:48:23.771Z] info Server running
[2023-07-31T00:48:25.681Z] info Server running
[2023-07-31T00:48:31.446Z] info Server running
[2023-07-31T00:50:11.558Z] info Server running
[2023-07-31T00:50:13.921Z] info Server running
[2023-07-31T00:50:56.921Z] info Server running
[2023-07-31T00:51:42.239Z] info Server running
[2023-07-31T00:52:04.456Z] info Server running
[2023-07-31T00:52:12.307Z] info Server running
[2023-07-31T00:52:22.059Z] info Server running
[2023-07-31T00:52:24.196Z] info Server running
[2023-07-31T00:52:26.113Z] info Server running
[2023-07-31T00:52:30.410Z] info Server running
[2023-07-31T00:53:15.263Z] info Server running
[2023-07-31T00:53:26.849Z] info Server running
[2023-07-31T00:53:32.237Z] info Server running
[2023-07-31T00:53:52.290Z] info Server running
[2023-07-31T00:54:20.007Z] info Server running
[2023-07-31T00:54:31.946Z] info Server running
[2023-07-31T00:54:43.475Z] info Server running
[2023-07-31T00:54:50.924Z] info Server running
[2023-07-31T00:55:27.925Z] info Server running
[2023-07-31T00:56:47.504Z] info Server running
[2023-07-31T00:59:35.317Z] info Server running
[2023-07-31T01:00:10.928Z] info Server running
[2023-07-31T01:01:31.614Z] info Server running
[2023-07-31T01:01:37.919Z] info Server running
[2023-07-31T01:01:45.575Z] info Server running
[2023-07-31T01:02:38.667Z] info Server running
[2023-07-31T01:02:42.725Z] info Server running
[2023-07-31T01:02:46.014Z] info Server running
[2023-07-31T01:03:45.818Z] info Server running
[2023-07-31T01:03:50.432Z] info Server running
[2023-07-31T01:03:55.101Z] info Server running
[2023-07-31T01:03:59.614Z] info Server running
[2023-07-31T01:04:03.886Z] info Server running
[2023-07-31T01:04:13.135Z] info Server running
[2023-07-31T01:05:04.654Z] info Server running
[2023-07-31T01:05:08.200Z] info Server running
[2023-07-31T01:05:13.422Z] info Server running
[2023-07-31T01:05:29.375Z] info Server running
[2023-07-31T01:08:19.361Z] info Server running
[2023-07-31T01:08:24.932Z] info Server running
[2023-07-31T01:08:31.145Z] info Server running
[2023-07-31T01:09:50.081Z] info Server running
[2023-07-31T01:10:10.186Z] info Server running
[2023-07-31T01:10:19.430Z] info Server running
[2023-07-31T01:20:05.204Z] info Server running
[2023-07-31T01:20:34.007Z] info Server running
[2023-07-31T01:21:11.298Z] info Server running
[2023-07-31T01:23:29.838Z] info Server running
[2023-07-31T01:23:41.035Z] info Server running
[2023-07-31T01:27:57.476Z] info Server running
[2023-07-31T01:42:40.485Z] info Server running
[2023-07-31T02:05:03.057Z] info Server running
[2023-07-31T02:05:41.974Z] info Server running
[2023-07-31T02:05:59.620Z] info Server running
[2023-07-31T02:06:02.017Z] info Server running
[2023-07-31T02:12:36.074Z] info Server running
[2023-07-31T02:12:39.557Z] info Server running
[2023-07-31T02:20:53.227Z] info Server running
[2023-07-31T14:26:53.000Z] info Server running
[2023-07-31T14:31:26.301Z] info Server running
[2023-07-31T14:32:05.555Z] info Server running
[2023-07-31T14:32:08.402Z] info Server running
[2023-07-31T14:32:17.666Z] info Server running
[2023-07-31T14:32:26.798Z] info Server running
[2023-07-31T14:32:30.167Z] info Server running
[2023-07-31T14:32:39.204Z] info Server running
[2023-07-31T14:32:46.045Z] info Server running
[2023-07-31T14:32:50.186Z] info Server running
[2023-07-31T14:32:55.533Z] info Server running
[2023-07-31T14:32:58.588Z] info Server running
[2023-07-31T14:33:00.659Z] info Server running
[2023-07-31T14:33:03.086Z] info Server running
[2023-07-31T14:33:08.361Z] info Server running
[2023-07-31T14:33:14.424Z] info Server running
[2023-07-31T14:33:16.654Z] info Server running
[2023-07-31T14:33:18.700Z] info Server running
[2023-07-31T14:33:21.524Z] info Server running
[2023-07-31T14:33:26.841Z] info Server running
[2023-07-31T14:36:32.928Z] info Server running
[2023-07-31T14:36:37.904Z] info Server running
[2023-07-31T14:50:11.304Z] info Server running
<<<<<<< HEAD
[2023-07-31T14:56:48.755Z] info Server running
[2023-07-31T15:08:30.812Z] info Server running
[2023-07-31T15:15:33.351Z] info Server running
[2023-07-31T17:33:00.054Z] info Server running
[2023-07-31T17:38:57.156Z] info Server running
[2023-07-31T17:39:01.963Z] info Server running
[2023-07-31T17:39:07.143Z] info Server running
[2023-07-31T17:39:28.608Z] info Server running
[2023-07-31T17:39:29.744Z] info Server running
[2023-07-31T17:39:41.119Z] info Server running
[2023-07-31T17:39:50.593Z] info Server running
[2023-07-31T17:41:08.597Z] info Server running
[2023-07-31T17:41:35.198Z] info Server running
[2023-07-31T17:41:51.345Z] info Server running
[2023-07-31T17:41:55.448Z] info Server running
[2023-07-31T17:42:00.739Z] info Server running
[2023-07-31T17:42:02.188Z] info Server running
[2023-07-31T17:42:07.193Z] info Server running
[2023-07-31T17:42:09.860Z] info Server running
[2023-07-31T17:42:19.518Z] info Server running
[2023-07-31T17:42:29.910Z] info Server running
[2023-07-31T17:42:32.066Z] info Server running
[2023-07-31T17:42:45.923Z] info Server running
[2023-07-31T17:42:47.152Z] info Server running
[2023-07-31T17:42:50.101Z] info Server running
[2023-07-31T17:51:01.525Z] info Server running
[2023-07-31T17:57:06.841Z] info Server running
[2023-07-31T17:57:11.114Z] info Server running
[2023-07-31T17:57:50.290Z] info Server running
[2023-07-31T17:58:02.789Z] info Server running
[2023-07-31T17:58:06.430Z] info Server running
[2023-07-31T17:58:24.575Z] info Server running
[2023-07-31T17:58:52.949Z] info Server running
[2023-07-31T18:00:07.517Z] info Server running
[2023-07-31T18:00:28.425Z] info Server running
[2023-07-31T18:00:37.686Z] info Server running
[2023-07-31T18:00:57.537Z] info Server running
[2023-07-31T18:28:09.954Z] info Server running
[2023-07-31T18:28:33.789Z] info Server running
[2023-07-31T18:28:41.353Z] info Server running
[2023-07-31T18:29:15.044Z] info Server running
[2023-07-31T18:29:54.410Z] info Server running
[2023-07-31T18:31:17.756Z] info Server running
[2023-07-31T18:31:30.455Z] info Server running
[2023-07-31T18:31:33.893Z] info Server running
[2023-07-31T18:31:36.473Z] info Server running
[2023-07-31T18:31:38.918Z] info Server running
[2023-07-31T18:31:41.262Z] info Server running
[2023-07-31T18:31:46.619Z] info Server running
[2023-07-31T18:31:55.523Z] info Server running
[2023-07-31T18:31:59.675Z] info Server running
[2023-07-31T18:32:00.944Z] info Server running
[2023-07-31T18:32:02.802Z] info Server running
[2023-07-31T18:32:06.056Z] info Server running
[2023-07-31T18:32:10.769Z] info Server running
[2023-07-31T18:32:11.999Z] info Server running
[2023-07-31T18:32:15.136Z] info Server running
[2023-07-31T18:32:25.725Z] info Server running
[2023-07-31T18:34:40.739Z] info Server running
[2023-07-31T18:44:42.591Z] info Server running
[2023-07-31T18:46:12.165Z] info Server running
[2023-07-31T18:46:14.014Z] info Server running
[2023-07-31T18:47:12.476Z] info Server running
[2023-07-31T18:47:14.609Z] info Server running
[2023-07-31T18:47:16.947Z] info Server running
[2023-07-31T18:47:18.225Z] info Server running
[2023-07-31T18:47:28.389Z] info Server running
[2023-07-31T18:47:34.600Z] info Server running
[2023-07-31T19:52:19.513Z] info Server running
[2023-07-31T19:54:59.636Z] info Server running
[2023-07-31T19:55:37.588Z] info Server running
[2023-07-31T19:55:46.406Z] info Server running
[2023-07-31T19:56:58.755Z] info Server running
[2023-07-31T19:57:13.981Z] info Server running
[2023-07-31T19:57:32.957Z] info Server running
[2023-07-31T20:21:20.981Z] info Server running
[2023-07-31T20:22:03.621Z] info Server running
[2023-07-31T21:11:06.635Z] info Server running
[2023-07-31T21:11:47.945Z] info Server running
[2023-07-31T21:13:01.487Z] info Server running
[2023-07-31T21:14:57.596Z] info Server running
[2023-07-31T21:15:17.347Z] info Server running
[2023-07-31T21:16:50.988Z] info Server running
[2023-07-31T21:18:32.089Z] info Server running
[2023-07-31T21:19:13.240Z] info Server running
[2023-07-31T21:19:33.970Z] info Server running
[2023-07-31T21:19:36.290Z] info Server running
[2023-07-31T21:19:41.003Z] info Server running
[2023-07-31T21:21:32.929Z] info Server running
[2023-07-31T21:24:10.614Z] info Server running
[2023-07-31T21:24:14.971Z] info Server running
[2023-07-31T21:24:19.654Z] info Server running
[2023-07-31T21:24:57.262Z] info Server running
[2023-07-31T21:25:41.924Z] info Server running
[2023-07-31T21:26:24.586Z] info Server running
[2023-07-31T21:26:54.581Z] info Server running
[2023-07-31T21:26:57.672Z] info Server running
[2023-07-31T21:27:17.851Z] info Server running
[2023-07-31T21:27:34.037Z] info Server running
[2023-07-31T21:28:34.454Z] info Server running
[2023-07-31T21:30:39.872Z] info Server running
[2023-07-31T21:31:52.663Z] info Server running
[2023-07-31T21:32:51.385Z] info Server running
[2023-07-31T21:33:13.615Z] info Server running
[2023-07-31T21:33:48.118Z] info Server running
[2023-07-31T21:34:20.854Z] info Server running
[2023-07-31T21:34:24.118Z] info Server running
[2023-07-31T21:34:27.916Z] info Server running
[2023-07-31T21:34:43.697Z] info Server running
[2023-07-31T21:45:14.750Z] info Server running
[2023-07-31T21:47:25.342Z] info Server running
[2023-07-31T21:47:31.585Z] info Server running
[2023-07-31T21:58:27.312Z] info Server running
[2023-07-31T21:58:38.177Z] info Server running
[2023-07-31T22:01:27.248Z] info Server running
[2023-07-31T22:02:31.818Z] info Server running
[2023-07-31T22:06:18.931Z] info Server running
=======
>>>>>>>>> Temporary merge branch 2
[2023-07-31T16:26:49.176Z] info Server running
[2023-07-31T16:28:59.796Z] info Server running
[2023-07-31T16:29:25.483Z] info Server running
[2023-07-31T17:03:11.762Z] info Server running
[2023-07-31T17:03:45.617Z] info Server running
[2023-07-31T17:05:25.070Z] info Server running
[2023-07-31T17:05:52.108Z] info Server running
[2023-07-31T17:06:04.754Z] info Server running
[2023-07-31T17:07:11.520Z] info Server running
[2023-07-31T17:09:50.009Z] info Server running
[2023-07-31T17:10:49.968Z] info Server running
[2023-07-31T17:12:31.361Z] info Server running
[2023-07-31T17:14:34.177Z] info Server running
[2023-07-31T17:15:08.111Z] info Server running
[2023-07-31T17:16:01.225Z] info Server running
[2023-07-31T17:18:00.560Z] info Server running
[2023-07-31T17:18:54.732Z] info Server running
[2023-07-31T17:19:16.995Z] info Server running
[2023-07-31T17:20:05.342Z] info Server running
[2023-07-31T17:23:15.199Z] info Server running
[2023-07-31T17:26:31.820Z] info Server running
[2023-07-31T17:27:23.650Z] info Server running
[2023-07-31T17:28:58.983Z] info Server running
[2023-07-31T17:29:34.829Z] info Server running
[2023-07-31T17:53:55.112Z] info Server running
[2023-07-31T17:59:43.301Z] info Server running
[2023-07-20T15:36:04.180Z] info Server running
[2023-07-20T16:06:20.499Z] info Server running
[2023-07-20T17:41:41.956Z] info Server running
[2023-07-25T17:57:26.699Z] info Server running
[2023-07-25T19:26:03.859Z] info Server running
[2023-07-25T19:27:21.525Z] info Server running
[2023-07-27T15:39:15.584Z] info Server running
[2023-07-27T15:39:59.018Z] info Server running
[2023-07-27T15:40:39.460Z] info Server running
[2023-07-27T15:41:58.529Z] info Server running
[2023-07-27T15:54:52.925Z] info Server running
[2023-07-27T18:41:39.548Z] info Server running
[2023-07-27T18:42:51.290Z] info Server running
[2023-07-27T18:43:14.218Z] info Server running
[2023-07-27T18:43:29.980Z] info Server running
[2023-07-27T18:44:37.901Z] info Server running
[2023-07-27T18:46:19.982Z] info Server running
[2023-07-27T18:48:06.565Z] info Server running
[2023-07-27T18:49:00.926Z] info Server running
[2023-07-27T19:32:35.926Z] info Server running
[2023-07-27T19:32:52.930Z] info Server running
[2023-07-27T19:34:50.409Z] info Server running
[2023-07-27T19:35:08.978Z] info Server running
[2023-07-27T19:35:36.022Z] info Server running
[2023-07-27T19:36:54.204Z] info Server running
[2023-07-27T19:38:34.818Z] info Server running
[2023-07-27T19:39:43.880Z] info Server running
[2023-07-27T19:40:16.366Z] info Server running
[2023-07-27T19:40:38.561Z] info Server running
[2023-07-27T19:43:47.429Z] info Server running
[2023-07-27T19:44:29.641Z] info Server running
[2023-07-27T19:46:00.048Z] info Server running
[2023-07-27T19:46:30.945Z] info Server running
[2023-07-27T19:47:05.409Z] info Server running
[2023-07-27T19:47:19.664Z] info Server running
[2023-07-27T19:48:32.390Z] info Server running
[2023-07-27T19:48:43.899Z] info Server running
[2023-07-27T19:49:01.422Z] info Server running
[2023-07-27T19:49:17.386Z] info Server running
[2023-07-27T19:50:37.385Z] info Server running
[2023-07-27T19:52:17.609Z] info Server running
[2023-07-27T19:55:02.811Z] info Server running
[2023-07-27T19:55:21.551Z] info Server running
[2023-07-28T14:52:37.011Z] info Server running
[2023-07-28T14:52:56.679Z] info Server running
[2023-07-28T14:55:48.403Z] info Server running
[2023-07-28T14:56:20.634Z] info Server running
[2023-07-28T14:57:37.098Z] info Server running
[2023-07-28T14:57:41.329Z] info Server running
[2023-07-28T14:58:12.365Z] info Server running
[2023-07-28T14:59:05.208Z] info Server running
[2023-07-28T14:59:25.473Z] info Server running
[2023-07-28T15:00:57.141Z] info Server running
[2023-07-28T15:03:09.562Z] info Server running
[2023-07-28T15:09:40.602Z] info Server running
[2023-07-28T15:10:19.418Z] info Server running
[2023-07-28T15:10:42.237Z] info Server running
[2023-07-28T15:11:21.092Z] info Server running
[2023-07-28T15:12:48.377Z] info Server running
[2023-07-28T15:14:55.978Z] info Server running
[2023-07-28T15:15:32.507Z] info Server running
[2023-07-28T15:16:00.045Z] info Server running
[2023-07-28T15:16:25.459Z] info Server running
[2023-07-28T15:17:05.088Z] info Server running
[2023-07-28T15:19:47.615Z] info Server running
[2023-07-28T15:20:00.308Z] info Server running
[2023-07-28T15:23:24.964Z] info Server running
[2023-07-28T15:24:07.317Z] info Server running
[2023-07-28T15:24:37.181Z] info Server running
[2023-07-28T15:30:52.379Z] info Server running
[2023-07-28T15:31:10.077Z] info Server running
[2023-07-28T15:36:40.534Z] info Server running
[2023-07-28T15:37:20.328Z] info Server running
[2023-07-28T15:37:41.552Z] info Server running
[2023-07-28T15:38:20.316Z] info Server running
[2023-07-28T15:38:31.661Z] info Server running
[2023-07-28T15:39:53.087Z] info Server running
[2023-07-28T15:41:15.211Z] info Server running
[2023-07-28T15:41:26.843Z] info Server running
[2023-07-28T15:42:07.716Z] info Server running
[2023-07-28T15:44:12.574Z] info Server running
[2023-07-28T15:44:19.959Z] info Server running
[2023-07-28T15:44:54.575Z] info Server running
[2023-07-28T15:47:44.509Z] info Server running
[2023-07-28T15:54:53.141Z] info Server running
[2023-07-28T16:44:15.943Z] info Server running
[2023-07-28T16:50:47.476Z] info Server running
[2023-07-28T16:53:55.475Z] info Server running
[2023-07-31T15:24:39.347Z] info Server running
[2023-07-31T15:27:29.753Z] info Server running
[2023-07-31T15:37:34.264Z] info Server running
[2023-07-31T16:26:49.176Z] info Server running
[2023-07-31T16:28:59.796Z] info Server running
[2023-07-31T16:29:25.483Z] info Server running
[2023-07-31T17:03:11.762Z] info Server running
[2023-07-31T17:03:45.617Z] info Server running
[2023-07-31T17:05:25.070Z] info Server running
[2023-07-31T17:05:52.108Z] info Server running
[2023-07-31T17:06:04.754Z] info Server running
[2023-07-31T17:07:11.520Z] info Server running
[2023-07-31T17:09:50.009Z] info Server running
[2023-07-31T17:10:49.968Z] info Server running
[2023-07-31T17:12:31.361Z] info Server running
[2023-07-31T17:14:34.177Z] info Server running
[2023-07-31T17:15:08.111Z] info Server running
[2023-07-31T17:16:01.225Z] info Server running
[2023-07-31T17:18:00.560Z] info Server running
[2023-07-31T17:18:54.732Z] info Server running
[2023-07-31T17:19:16.995Z] info Server running
[2023-07-31T17:20:05.342Z] info Server running
[2023-07-31T17:23:15.199Z] info Server running
[2023-07-31T17:26:31.820Z] info Server running
[2023-07-31T17:27:23.650Z] info Server running
[2023-07-31T17:28:58.983Z] info Server running
[2023-07-31T17:29:34.829Z] info Server running
[2023-07-31T17:53:55.112Z] info Server running
[2023-07-31T17:59:43.301Z] info Server running
[2023-07-31T18:18:34.520Z] info Server running
[2023-07-31T18:20:36.097Z] info Server running
[2023-07-31T18:34:20.468Z] info Server running
[2023-07-31T18:37:28.000Z] info Server running
[2023-07-31T18:41:17.578Z] info Server running
[2023-07-31T18:41:28.504Z] info Server running
[2023-07-31T18:41:46.917Z] info Server running
[2023-07-31T18:42:31.972Z] info Server running
[2023-07-31T18:43:03.888Z] info Server running
[2023-07-31T18:46:23.581Z] info Server running
[2023-07-31T18:46:39.665Z] info Server running
[2023-07-31T18:49:06.447Z] info Server running
[2023-07-31T18:49:30.717Z] info Server running
[2023-07-31T18:49:39.273Z] info Server running
[2023-07-31T18:51:15.261Z] info Server running
[2023-07-31T18:51:36.202Z] info Server running
[2023-07-31T18:51:59.790Z] info Server running
[2023-07-31T18:53:29.714Z] info Server running
[2023-07-31T18:53:35.184Z] info Server running
[2023-07-31T18:53:51.025Z] info Server running
[2023-07-31T20:43:17.787Z] info Server running
[2023-07-31T20:47:28.920Z] info Server running
[2023-07-31T20:49:02.727Z] info Server running
[2023-07-31T20:49:33.010Z] info Server running
[2023-07-31T21:24:44.636Z] info Server running
[2023-07-31T21:44:58.577Z] info Server running
[2023-07-31T21:46:59.317Z] info Server running
[2023-07-31T21:51:12.703Z] info Server running
[2023-08-01T14:35:56.503Z] info Server running
[2023-08-01T14:37:51.182Z] info Server running
[2023-08-01T14:38:10.367Z] info Server running
[2023-08-01T14:39:59.444Z] info Server running
[2023-08-01T14:41:07.795Z] info Server running
[2023-08-01T14:41:23.860Z] info Server running
[2023-08-01T14:41:38.950Z] info Server running
[2023-08-01T14:41:41.592Z] info Server running
[2023-08-01T14:42:46.931Z] info Server running
[2023-08-01T14:42:52.803Z] info Server running
[2023-08-01T14:43:04.011Z] info Server running
[2023-08-01T14:44:25.186Z] info Server running
[2023-08-01T14:45:56.075Z] info Server running
[2023-08-01T14:47:34.762Z] info Server running
[2023-08-01T14:48:05.096Z] info Server running
[2023-08-01T14:50:05.129Z] info Server running
[2023-08-01T14:50:11.560Z] info Server running
[2023-08-01T14:50:15.041Z] info Server running
[2023-08-01T14:50:25.637Z] info Server running
[2023-08-01T14:50:27.540Z] info Server running
[2023-08-01T14:50:32.585Z] info Server running
[2023-08-01T14:50:37.474Z] info Server running
[2023-08-01T14:50:49.233Z] info Server running
[2023-08-01T14:51:05.154Z] info Server running
[2023-08-01T14:51:25.092Z] info Server running
[2023-08-01T14:52:20.642Z] info Server running
[2023-08-01T14:52:56.626Z] info Server running
[2023-08-01T14:53:02.723Z] info Server running
[2023-08-01T14:53:05.697Z] info Server running
[2023-08-01T14:53:17.357Z] info Server running
[2023-08-01T14:54:27.101Z] info Server running
[2023-08-01T14:55:00.739Z] info Server running
[2023-08-01T14:55:09.007Z] info Server running
[2023-08-01T14:55:12.110Z] info Server running
[2023-08-01T14:55:19.187Z] info Server running
[2023-08-01T14:55:25.657Z] info Server running
[2023-08-01T14:55:29.423Z] info Server running
[2023-08-01T14:55:43.911Z] info Server running
[2023-08-01T14:56:00.327Z] info Server running
[2023-08-01T14:56:01.317Z] info Server running
[2023-08-01T14:56:18.204Z] info Server running
[2023-08-01T14:56:27.717Z] info Server running
[2023-08-01T14:56:29.127Z] info Server running
[2023-08-01T14:56:31.480Z] info Server running
[2023-08-01T14:56:33.745Z] info Server running
[2023-08-01T14:56:36.711Z] info Server running
[2023-08-01T14:56:46.538Z] info Server running
[2023-08-01T14:56:51.266Z] info Server running
[2023-08-01T14:56:55.096Z] info Server running
[2023-08-01T14:57:03.429Z] info Server running
[2023-08-01T14:57:06.044Z] info Server running
[2023-08-01T14:57:13.906Z] info Server running
[2023-08-01T14:57:18.724Z] info Server running
[2023-08-01T14:57:20.464Z] info Server running
[2023-08-01T14:57:32.082Z] info Server running
[2023-08-01T14:57:56.282Z] info Server running
[2023-08-01T14:58:33.834Z] info Server running
[2023-08-01T14:58:37.073Z] info Server running
[2023-08-01T14:59:00.138Z] info Server running
[2023-08-01T14:59:02.005Z] info Server running
[2023-08-01T14:59:09.019Z] info Server running
[2023-08-01T15:01:55.281Z] info Server running
[2023-08-01T15:05:35.977Z] info Server running
[2023-08-01T15:06:38.378Z] info Server running
[2023-08-01T15:06:52.487Z] info Server running
[2023-08-01T15:09:04.260Z] info Server running
[2023-08-01T15:10:12.053Z] info Server running
[2023-08-01T15:10:42.952Z] info Server running
[2023-08-01T15:11:12.102Z] info Server running
[2023-08-01T15:11:14.385Z] info Server running
[2023-08-01T15:13:15.170Z] info Server running
[2023-08-01T15:15:42.312Z] info Server running
[2023-08-01T15:17:13.994Z] info Server running
[2023-08-01T15:21:44.743Z] info Server running
[2023-08-01T15:22:24.956Z] info Server running
[2023-08-01T15:22:33.577Z] info Server running
[2023-08-01T15:22:39.460Z] info Server running
[2023-08-01T15:24:54.271Z] info Server running
[2023-08-01T15:25:00.161Z] info Server running
[2023-08-01T15:25:18.087Z] info Server running
[2023-08-01T15:25:27.277Z] info Server running
[2023-08-01T15:25:28.555Z] info Server running
[2023-08-01T15:28:22.602Z] info Server running
[2023-08-01T15:30:34.271Z] info Server running
[2023-08-01T15:31:49.629Z] info Server running
[2023-08-01T15:31:51.439Z] info Server running
[2023-08-01T15:32:20.506Z] info Server running
[2023-08-01T15:33:20.360Z] info Server running
[2023-08-01T15:33:52.205Z] info Server running
[2023-08-01T15:34:02.882Z] info Server running
[2023-08-01T15:34:24.375Z] info Server running
[2023-08-01T15:34:25.774Z] info Server running
[2023-08-01T15:41:11.232Z] info Server running
>>>>>>> 984d46f43710928e7e493c54a21553524e5fb088
[2023-07-31T22:12:34.605Z] info Server running
[2023-07-31T22:20:08.819Z] info Server running
[2023-07-31T22:20:54.178Z] info Server running
[2023-07-31T22:20:57.234Z] info Server running
[2023-07-31T22:33:32.122Z] info Server running
[2023-07-31T22:37:34.283Z] info Server running
[2023-07-31T22:38:58.384Z] info Server running
[2023-07-31T22:54:50.791Z] info Server running
[2023-07-31T23:13:24.809Z] info Server running
[2023-07-31T23:27:07.362Z] info Server running
[2023-07-31T23:44:23.297Z] info Server running
[2023-08-01T00:08:06.056Z] info Server running
[2023-08-01T02:18:49.929Z] info Server running
[2023-08-01T02:23:25.670Z] info Server running
[2023-08-01T02:23:29.300Z] info Server running
[2023-08-01T02:45:34.726Z] info Server running
[2023-08-01T02:45:42.531Z] info Server running
[2023-08-01T02:45:44.618Z] info Server running
[2023-08-01T02:58:34.204Z] info Server running
[2023-08-01T02:59:40.220Z] info Server running
[2023-08-01T02:59:57.697Z] info Server running
[2023-08-01T03:00:05.123Z] info Server running
[2023-08-01T03:00:09.595Z] info Server running
[2023-08-01T03:00:22.201Z] info Server running
[2023-08-01T03:00:56.428Z] info Server running
[2023-08-01T03:01:04.970Z] info Server running
[2023-08-01T03:01:06.455Z] info Server running
[2023-08-01T03:01:11.843Z] info Server running
[2023-08-01T03:01:14.442Z] info Server running
[2023-08-01T03:01:25.238Z] info Server running
[2023-08-01T03:01:31.346Z] info Server running
[2023-08-01T03:01:55.826Z] info Server running
[2023-08-01T03:02:01.472Z] info Server running
[2023-08-01T03:02:04.374Z] info Server running
[2023-08-01T03:03:17.193Z] info Server running
[2023-08-01T03:03:22.665Z] info Server running
[2023-08-01T03:03:30.555Z] info Server running
[2023-08-01T03:03:37.008Z] info Server running
[2023-08-01T03:03:40.587Z] info Server running
[2023-08-01T03:04:19.678Z] info Server running
[2023-08-01T03:05:06.660Z] info Server running
[2023-08-01T03:05:09.296Z] info Server running
[2023-08-01T03:06:10.435Z] info Server running
[2023-08-01T03:06:23.431Z] info Server running
[2023-08-01T03:09:36.863Z] info Server running
[2023-08-01T03:10:09.588Z] info Server running
[2023-08-01T03:10:16.792Z] info Server running
[2023-08-01T03:10:27.481Z] info Server running
[2023-08-01T03:10:29.817Z] info Server running
[2023-08-01T03:11:21.038Z] info Server running
[2023-08-01T03:11:26.483Z] info Server running
[2023-08-01T03:12:23.310Z] info Server running
[2023-08-01T03:12:41.470Z] info Server running
[2023-08-01T03:12:43.568Z] info Server running
[2023-08-01T03:12:50.696Z] info Server running
[2023-08-01T03:12:54.269Z] info Server running
[2023-08-01T03:13:06.983Z] info Server running
[2023-08-01T03:13:12.265Z] info Server running
[2023-08-01T03:13:22.379Z] info Server running
[2023-08-01T03:13:38.369Z] info Server running
[2023-08-01T03:14:20.105Z] info Server running
[2023-08-01T03:15:09.451Z] info Server running
[2023-08-01T03:15:46.476Z] info Server running
[2023-08-01T03:15:58.738Z] info Server running
[2023-08-01T03:16:02.298Z] info Server running
[2023-08-01T03:16:26.175Z] info Server running
[2023-08-01T03:16:56.695Z] info Server running
[2023-08-01T03:17:00.843Z] info Server running
[2023-08-01T03:17:11.436Z] info Server running
[2023-08-01T03:21:26.322Z] info Server running
[2023-08-01T03:22:09.265Z] info Server running
[2023-08-01T03:22:25.368Z] info Server running
[2023-08-01T03:22:28.316Z] info Server running
[2023-08-01T03:22:36.165Z] info Server running
[2023-08-01T03:22:42.679Z] info Server running
[2023-08-01T03:22:59.189Z] info Server running
[2023-08-01T03:30:09.487Z] info Server running
[2023-08-01T03:30:16.673Z] info Server running
[2023-08-01T03:30:33.658Z] info Server running
[2023-08-01T03:30:51.697Z] info Server running
[2023-08-01T03:30:58.273Z] info Server running
[2023-08-01T03:31:01.373Z] info Server running
[2023-08-01T03:31:06.223Z] info Server running
[2023-08-01T03:31:20.211Z] info Server running
[2023-08-01T03:31:57.989Z] info Server running
[2023-08-01T03:35:12.481Z] info Server running
[2023-08-01T03:35:23.379Z] info Server running
[2023-08-01T03:35:28.523Z] info Server running
[2023-08-01T03:35:46.340Z] info Server running
[2023-08-01T03:36:11.299Z] info Server running
[2023-08-01T03:36:20.974Z] info Server running
[2023-08-01T03:36:24.058Z] info Server running
[2023-08-01T03:36:37.416Z] info Server running
[2023-08-01T03:36:46.068Z] info Server running
[2023-08-01T03:37:43.474Z] info Server running
[2023-08-01T03:39:38.866Z] info Server running
[2023-08-01T03:41:19.650Z] info Server running
[2023-08-01T03:42:19.897Z] info Server running
[2023-08-01T03:43:29.312Z] info Server running
[2023-08-01T03:43:51.357Z] info Server running
[2023-08-01T03:44:02.881Z] info Server running
[2023-08-01T03:44:05.775Z] info Server running
[2023-08-01T03:44:08.356Z] info Server running
[2023-08-01T03:44:12.541Z] info Server running
[2023-08-01T03:44:15.056Z] info Server running
[2023-08-01T03:45:15.257Z] info Server running
[2023-08-01T03:45:29.822Z] info Server running
[2023-08-01T03:45:54.067Z] info Server running
[2023-08-01T03:45:59.359Z] info Server running
[2023-08-01T03:46:24.995Z] info Server running
[2023-08-01T03:46:33.577Z] info Server running
[2023-08-01T03:46:48.624Z] info Server running
[2023-08-01T03:46:51.828Z] info Server running
[2023-08-01T03:47:04.304Z] info Server running
[2023-08-01T03:47:11.072Z] info Server running
[2023-08-01T03:53:55.227Z] info Server running
[2023-08-01T03:54:06.106Z] info Server running
[2023-08-01T03:54:10.345Z] info Server running
[2023-08-01T03:54:50.359Z] info Server running
[2023-08-01T03:55:04.436Z] info Server running
[2023-08-01T03:55:08.823Z] info Server running
[2023-08-01T03:55:27.189Z] info Server running
[2023-08-01T03:55:36.781Z] info Server running
[2023-08-01T03:55:44.638Z] info Server running
[2023-08-01T03:55:50.988Z] info Server running
[2023-08-01T03:56:24.409Z] info Server running
[2023-08-01T03:56:44.198Z] info Server running
[2023-08-01T03:56:49.920Z] info Server running
[2023-08-01T03:56:55.547Z] info Server running
[2023-08-01T03:57:02.816Z] info Server running
[2023-08-01T03:57:11.794Z] info Server running
[2023-08-01T03:57:17.892Z] info Server running
[2023-08-01T03:57:59.792Z] info Server running
[2023-08-01T03:58:22.416Z] info Server running
[2023-08-01T03:58:25.983Z] info Server running
[2023-08-01T03:58:38.100Z] info Server running
[2023-08-01T03:59:52.809Z] info Server running
[2023-08-01T04:01:40.219Z] info Server running
[2023-08-01T04:01:52.167Z] info Server running
[2023-08-01T04:01:58.810Z] info Server running
[2023-08-01T04:02:04.487Z] info Server running
[2023-08-01T04:02:08.851Z] info Server running
[2023-08-01T04:02:13.860Z] info Server running
[2023-08-01T04:02:19.172Z] info Server running
[2023-08-01T04:02:27.294Z] info Server running
[2023-08-01T04:02:38.423Z] info Server running
[2023-08-01T04:02:50.872Z] info Server running
[2023-08-01T04:03:15.842Z] info Server running
[2023-08-01T04:05:34.254Z] info Server running
[2023-08-01T04:06:06.077Z] info Server running
[2023-08-01T04:40:02.032Z] info Server running
[2023-08-01T04:40:07.279Z] info Server running
[2023-08-01T04:40:09.731Z] info Server running
[2023-08-01T04:40:24.272Z] info Server running
[2023-08-01T04:40:29.275Z] info Server running
[2023-08-01T04:40:38.429Z] info Server running
[2023-08-01T04:40:43.336Z] info Server running
[2023-08-01T04:40:46.263Z] info Server running
[2023-08-01T04:40:48.463Z] info Server running
[2023-08-01T04:40:51.076Z] info Server running
[2023-08-01T04:41:52.560Z] info Server running
[2023-08-01T04:41:56.729Z] info Server running
[2023-08-01T04:42:04.984Z] info Server running
[2023-08-01T04:42:22.599Z] info Server running
[2023-08-01T04:42:46.422Z] info Server running
[2023-08-01T04:44:10.380Z] info Server running
[2023-08-01T04:44:17.030Z] info Server running
[2023-08-01T04:44:20.366Z] info Server running
[2023-08-01T04:44:22.857Z] info Server running
[2023-08-01T04:44:42.693Z] info Server running
[2023-08-01T04:44:45.074Z] info Server running
[2023-08-01T04:44:58.082Z] info Server running
[2023-08-01T04:45:02.225Z] info Server running
[2023-08-01T04:45:32.406Z] info Server running
[2023-08-01T04:45:42.543Z] info Server running
[2023-08-01T04:46:15.599Z] info Server running
[2023-08-01T04:46:37.474Z] info Server running
[2023-08-01T04:46:46.013Z] info Server running
[2023-08-01T04:46:50.680Z] info Server running
[2023-08-01T04:46:52.974Z] info Server running
[2023-08-01T04:47:02.892Z] info Server running
[2023-08-01T04:47:18.649Z] info Server running
[2023-08-01T04:47:40.049Z] info Server running
[2023-08-01T04:54:53.906Z] info Server running
[2023-08-01T04:57:14.402Z] info Server running
[2023-08-01T04:57:53.132Z] info Server running
[2023-08-01T04:57:56.617Z] info Server running
[2023-08-01T04:57:58.897Z] info Server running
[2023-08-01T05:10:19.047Z] info Server running
[2023-08-01T05:14:50.070Z] info Server running
[2023-08-01T05:19:57.947Z] info Server running
[2023-08-01T05:23:35.989Z] info Server running
[2023-08-01T05:23:38.690Z] info Server running
[2023-08-01T05:24:36.369Z] info Server running
[2023-08-01T05:24:59.385Z] info Server running
[2023-08-01T05:26:48.490Z] info Server running
[2023-08-01T05:30:48.500Z] info Server running
[2023-08-01T05:36:33.338Z] info Server running
[2023-08-01T05:39:04.056Z] info Server running
[2023-08-01T05:42:31.493Z] info Server running
[2023-08-01T05:44:33.655Z] info Server running
[2023-08-01T05:46:43.582Z] info Server running
[2023-08-01T05:46:46.193Z] info Server running
[2023-08-01T05:46:50.393Z] info Server running
[2023-08-01T05:49:27.766Z] info Server running
[2023-08-01T05:50:20.479Z] info Server running
[2023-08-01T14:51:13.345Z] info Server running
[2023-07-31T21:57:19.800Z] info Server running
[2023-07-31T22:08:16.723Z] info Server running
[2023-07-31T22:42:32.579Z] info Server running
[2023-08-01T14:25:07.880Z] info Server running
[2023-08-01T14:30:08.479Z] info Server running
[2023-08-01T15:50:30.311Z] info Server running
[2023-08-01T16:01:24.384Z] info Server running
[2023-08-01T16:11:15.831Z] info Server running
[2023-08-01T16:15:34.415Z] info Server running
[2023-08-01T16:16:06.688Z] info Server running
[2023-08-01T16:25:58.631Z] info Server running
[2023-08-02T14:21:57.003Z] info Server running
[2023-08-02T14:22:12.082Z] info Server running
[2023-08-02T15:30:26.114Z] info Server running
