[2023-08-04T02:49:13.021Z] info Error al obtener la Venta: Error: 
Invalid `prisma.detalle_venta.findMany()` invocation:

{
  include: {
    venta: {
      include: {
        pago: true,
        envio: true
      }
    },
    login: {
      include: {
        persona: true
      }
    },
    producto: true
  },
  where: {
    id_venta: NaN
              ~~~
  }
}

Argument id_venta: Got invalid value NaN on prisma.findManydetalle_venta. Provided Float, expected IntFilter or Int:
type IntFilter {
  equals?: Int
  in?: List<Int> | Int
  notIn?: List<Int> | Int
  lt?: Int
  lte?: Int
  gt?: Int
  gte?: Int
  not?: Int | NestedIntFilter
}
type IntFilter {
  equals?: Int
  in?: List<Int> | Int
  notIn?: List<Int> | Int
  lt?: Int
  lte?: Int
  gt?: Int
  gte?: Int
  not?: Int | NestedIntFilter
}


[2023-08-04T02:53:54.767Z] info Venta Mostrada
[2023-08-04T03:06:29.002Z] info Venta Mostrada
[2023-08-04T03:08:04.200Z] info Venta Mostrada
[2023-08-04T03:10:00.434Z] info Venta Mostrada
[2023-08-04T03:14:23.375Z] info Error al obtener la Venta: Error: 
Invalid `prisma.detalle_venta.findMany()` invocation:

{
  include: {
    venta: {
      include: {
        pago: true,
        envio: true
      }
    },
    login: {
      include: {
        persona: true
      }
    },
    producto: true
  },
  where: {
    id_venta: NaN
              ~~~
  }
}

Argument id_venta: Got invalid value NaN on prisma.findManydetalle_venta. Provided Float, expected IntFilter or Int:
type IntFilter {
  equals?: Int
  in?: List<Int> | Int
  notIn?: List<Int> | Int
  lt?: Int
  lte?: Int
  gt?: Int
  gte?: Int
  not?: Int | NestedIntFilter
}
type IntFilter {
  equals?: Int
  in?: List<Int> | Int
  notIn?: List<Int> | Int
  lt?: Int
  lte?: Int
  gt?: Int
  gte?: Int
  not?: Int | NestedIntFilter
}


[2023-08-04T03:18:06.185Z] info Venta Mostrada
[2023-08-04T03:18:31.902Z] info Venta Mostrada
[2023-08-04T03:19:35.989Z] info Venta Mostrada
[2023-08-04T03:20:16.158Z] info Venta Mostrada
[2023-08-04T03:20:21.084Z] info Venta Mostrada
[2023-08-04T03:26:39.700Z] info Venta Mostrada
[2023-08-04T03:27:17.747Z] info Venta Mostrada
[2023-08-04T03:28:03.400Z] info Venta Mostrada
[2023-08-04T03:36:37.301Z] info Venta Mostrada
[2023-08-04T03:37:04.689Z] info Venta Mostrada
[2023-08-04T03:37:59.120Z] info Venta Mostrada
[2023-08-04T03:39:07.270Z] info Venta Mostrada
[2023-08-04T03:39:25.589Z] info Venta Mostrada
[2023-08-04T03:39:48.273Z] info Venta Mostrada
[2023-08-04T03:41:08.807Z] info Venta Mostrada
[2023-08-04T03:41:30.428Z] info Venta Mostrada
[2023-08-04T03:42:05.534Z] info Venta Mostrada
[2023-08-04T03:42:50.598Z] info Venta Mostrada
[2023-08-04T04:18:45.442Z] info Venta Mostrada
[2023-08-04T04:20:13.365Z] info Venta Mostrada
[2023-08-04T04:21:50.669Z] info Venta Mostrada
[2023-08-04T04:22:15.438Z] info Venta Mostrada
